2025-07-10 00:49:04 - INFO - ====== WebDriver manager ======
2025-07-10 00:49:07 - INFO - Get LATEST chromedriver version for google-chrome
2025-07-10 00:49:07 - INFO - Get LATEST chromedriver version for google-chrome
2025-07-10 00:49:07 - INFO - There is no [win64] chromedriver "138.0.7204.94" for browser google-chrome "138.0.7204" in cache
2025-07-10 00:49:07 - INFO - Get LATEST chromedriver version for google-chrome
2025-07-10 00:49:07 - INFO - WebDriver version 138.0.7204.94 selected
2025-07-10 00:49:07 - INFO - Modern chrome version https://storage.googleapis.com/chrome-for-testing-public/138.0.7204.94/win32/chromedriver-win32.zip
2025-07-10 00:49:07 - INFO - About to download new driver from https://storage.googleapis.com/chrome-for-testing-public/138.0.7204.94/win32/chromedriver-win32.zip
2025-07-10 00:49:07 - INFO - Driver downloading response is 200
2025-07-10 00:49:08 - INFO - Get LATEST chromedriver version for google-chrome
2025-07-10 00:49:09 - INFO - Driver has been saved in cache [C:\Users\mvasq\.wdm\drivers\chromedriver\win64\138.0.7204.94]
2025-07-10 00:49:53 - INFO - ğŸ” Navegando a pÃ¡gina de login...
2025-07-10 00:49:57 - INFO - ğŸ” Esperando campo de usuario...
2025-07-10 00:49:57 - INFO - âœ… Campo usuario encontrado
2025-07-10 00:49:57 - INFO - âœ… Campo contraseÃ±a encontrado
2025-07-10 00:49:57 - INFO - ğŸ§¾ Usuario ingresado
2025-07-10 00:49:57 - INFO - ğŸ§¾ ContraseÃ±a ingresada
2025-07-10 00:49:57 - INFO - âœ… BotÃ³n de ingreso encontrado
2025-07-10 00:49:59 - INFO - ğŸš€ Formulario enviado
2025-07-10 00:49:59 - INFO - âœ… Login exitoso
2025-07-10 00:50:19 - ERROR - Error during export
Traceback (most recent call last):
  File "<ipython-input-1-3eed0ba633aa>", line 50, in <module>
    excel_exporter(file_name,path,df_indicadores, df_cursos, df_semestre, df_dictados, df_examenes, df_UB, df_UB_eliminadas, df_recuento)
  File "c:\Users\mvasq\OneDrive\Documentos\ucampussy\export\excel_exporter.py", line 5, in excel_exporter
    final_path = path+file_name+".xlsx"
TypeError: unsupported operand type(s) for +: 'WindowsPath' and 'str'
2025-07-10 00:59:57 - INFO - ====== WebDriver manager ======
2025-07-10 00:59:58 - INFO - Get LATEST chromedriver version for google-chrome
2025-07-10 00:59:58 - INFO - Get LATEST chromedriver version for google-chrome
2025-07-10 00:59:58 - INFO - Driver [C:\Users\mvasq\.wdm\drivers\chromedriver\win64\138.0.7204.94\chromedriver-win32/chromedriver.exe] found in cache
2025-07-10 01:00:18 - INFO - ğŸ” Navegando a pÃ¡gina de login...
2025-07-10 01:00:22 - INFO - ğŸ” Esperando campo de usuario...
2025-07-10 01:00:22 - INFO - âœ… Campo usuario encontrado
2025-07-10 01:00:22 - INFO - âœ… Campo contraseÃ±a encontrado
2025-07-10 01:00:22 - INFO - ğŸ§¾ Usuario ingresado
2025-07-10 01:00:22 - INFO - ğŸ§¾ ContraseÃ±a ingresada
2025-07-10 01:00:22 - INFO - âœ… BotÃ³n de ingreso encontrado
2025-07-10 01:00:23 - INFO - ğŸš€ Formulario enviado
2025-07-10 01:00:23 - INFO - âœ… Login exitoso
2025-07-10 01:00:42 - ERROR - Error during export
Traceback (most recent call last):
  File "<ipython-input-2-3eed0ba633aa>", line 50, in <module>
    excel_exporter(file_name,path,df_indicadores, df_cursos, df_semestre, df_dictados, df_examenes, df_UB, df_UB_eliminadas, df_recuento)
  File "c:\Users\mvasq\OneDrive\Documentos\ucampussy\export\excel_exporter.py", line 5, in excel_exporter
    final_path = path / f"{file_name}.xlsx"
TypeError: unsupported operand type(s) for +: 'WindowsPath' and 'str'
2025-07-10 01:02:48 - INFO - ====== WebDriver manager ======
2025-07-10 01:02:49 - INFO - Get LATEST chromedriver version for google-chrome
2025-07-10 01:02:49 - INFO - Get LATEST chromedriver version for google-chrome
2025-07-10 01:02:49 - INFO - Driver [C:\Users\mvasq\.wdm\drivers\chromedriver\win64\138.0.7204.94\chromedriver-win32/chromedriver.exe] found in cache
2025-07-10 01:03:07 - INFO - ğŸ” Navegando a pÃ¡gina de login...
2025-07-10 01:03:11 - INFO - ğŸ” Esperando campo de usuario...
2025-07-10 01:03:11 - INFO - âœ… Campo usuario encontrado
2025-07-10 01:03:11 - INFO - âœ… Campo contraseÃ±a encontrado
2025-07-10 01:03:11 - INFO - ğŸ§¾ Usuario ingresado
2025-07-10 01:03:11 - INFO - ğŸ§¾ ContraseÃ±a ingresada
2025-07-10 01:03:11 - INFO - âœ… BotÃ³n de ingreso encontrado
2025-07-10 01:03:13 - INFO - ğŸš€ Formulario enviado
2025-07-10 01:03:13 - INFO - âœ… Login exitoso
2025-07-10 01:03:24 - ERROR - Error during export
Traceback (most recent call last):
  File "<ipython-input-3-3eed0ba633aa>", line 50, in <module>
    excel_exporter(file_name,path,df_indicadores, df_cursos, df_semestre, df_dictados, df_examenes, df_UB, df_UB_eliminadas, df_recuento)
  File "c:\Users\mvasq\OneDrive\Documentos\ucampussy\export\excel_exporter.py", line 5, in excel_exporter
    final_path = path / f"{file_name}.xlsx"
TypeError: unsupported operand type(s) for +: 'WindowsPath' and 'str'
2025-07-10 01:07:12 - INFO - ====== WebDriver manager ======
2025-07-10 01:07:13 - INFO - Get LATEST chromedriver version for google-chrome
2025-07-10 01:07:13 - INFO - Get LATEST chromedriver version for google-chrome
2025-07-10 01:07:13 - INFO - Driver [C:\Users\mvasq\.wdm\drivers\chromedriver\win64\138.0.7204.94\chromedriver-win32/chromedriver.exe] found in cache
2025-07-10 01:07:58 - INFO - ====== WebDriver manager ======
2025-07-10 01:07:59 - INFO - Get LATEST chromedriver version for google-chrome
2025-07-10 01:07:59 - INFO - Get LATEST chromedriver version for google-chrome
2025-07-10 01:07:59 - INFO - Driver [C:\Users\mvasq\.wdm\drivers\chromedriver\win64\138.0.7204.94\chromedriver-win32/chromedriver.exe] found in cache
2025-07-10 01:08:21 - INFO - ğŸ” Navegando a pÃ¡gina de login...
2025-07-10 01:08:24 - INFO - ğŸ” Esperando campo de usuario...
2025-07-10 01:08:24 - INFO - âœ… Campo usuario encontrado
2025-07-10 01:08:25 - INFO - âœ… Campo contraseÃ±a encontrado
2025-07-10 01:08:25 - INFO - ğŸ§¾ Usuario ingresado
2025-07-10 01:08:25 - INFO - ğŸ§¾ ContraseÃ±a ingresada
2025-07-10 01:08:25 - INFO - âœ… BotÃ³n de ingreso encontrado
2025-07-10 01:08:25 - INFO - ğŸš€ Formulario enviado
2025-07-10 01:08:25 - INFO - âœ… Login exitoso
2025-07-10 01:08:25 - ERROR - Error during scraping
Traceback (most recent call last):
  File "<ipython-input-2-3eed0ba633aa>", line 42, in <module>
    df_indicadores, df_cursos, df_semestre, df_dictados, df_examenes, df_UB, df_UB_eliminadas, df_recuento = extraer_datos_ucampus(driver)
  File "c:\Users\mvasq\OneDrive\Documentos\ucampussy\core\ucampus.py", line 366, in extraer_datos_ucampus
    df_cursos, df_semestre = datos_resumen(driver) # type: ignore
TypeError: cannot unpack non-iterable NoneType object
2025-07-10 01:08:25 - ERROR - Error during export
Traceback (most recent call last):
  File "<ipython-input-2-3eed0ba633aa>", line 50, in <module>
    excel_exporter(file_name,path,df_indicadores, df_cursos, df_semestre, df_dictados, df_examenes, df_UB, df_UB_eliminadas, df_recuento)
NameError: name 'df_indicadores' is not defined
2025-07-10 01:09:05 - INFO - ====== WebDriver manager ======
2025-07-10 01:09:07 - INFO - Get LATEST chromedriver version for google-chrome
2025-07-10 01:09:07 - INFO - Get LATEST chromedriver version for google-chrome
2025-07-10 01:09:07 - INFO - Driver [C:\Users\mvasq\.wdm\drivers\chromedriver\win64\138.0.7204.94\chromedriver-win32/chromedriver.exe] found in cache
2025-07-10 01:09:25 - INFO - ğŸ” Navegando a pÃ¡gina de login...
2025-07-10 01:09:28 - INFO - ğŸ” Esperando campo de usuario...
2025-07-10 01:09:29 - INFO - âœ… Campo usuario encontrado
2025-07-10 01:09:29 - INFO - âœ… Campo contraseÃ±a encontrado
2025-07-10 01:09:29 - INFO - ğŸ§¾ Usuario ingresado
2025-07-10 01:09:29 - INFO - ğŸ§¾ ContraseÃ±a ingresada
2025-07-10 01:09:29 - INFO - âœ… BotÃ³n de ingreso encontrado
2025-07-10 01:09:30 - INFO - ğŸš€ Formulario enviado
2025-07-10 01:09:30 - INFO - âœ… Login exitoso
2025-07-10 01:09:32 - INFO - ğŸ” Navegando a pÃ¡gina de Unidades Becarias...
2025-07-10 01:09:33 - INFO - ğŸ“† Extrayendo datos del aÃ±o 2025...
2025-07-10 01:09:35 - WARNING - âš ï¸ AÃ±o interceptado, usando JavaScript click.
2025-07-10 01:09:37 - INFO - ğŸ“† Extrayendo datos del aÃ±o 2024...
2025-07-10 01:09:38 - WARNING - âš ï¸ Dropdown interceptado, usando JavaScript click.
2025-07-10 01:09:38 - WARNING - âš ï¸ No se encontrÃ³ la opciÃ³n para el aÃ±o 2024.
2025-07-10 01:09:38 - INFO - ğŸ“† Extrayendo datos del aÃ±o 2023...
2025-07-10 01:09:39 - WARNING - âš ï¸ Dropdown interceptado, usando JavaScript click.
2025-07-10 01:09:40 - WARNING - âš ï¸ No se encontrÃ³ la opciÃ³n para el aÃ±o 2023.
2025-07-10 01:09:40 - INFO - ğŸ“† Extrayendo datos del aÃ±o 2022...
2025-07-10 01:09:41 - WARNING - âš ï¸ Dropdown interceptado, usando JavaScript click.
2025-07-10 01:09:42 - WARNING - âš ï¸ No se encontrÃ³ la opciÃ³n para el aÃ±o 2022.
2025-07-10 01:09:42 - INFO - ğŸ“† Extrayendo datos del aÃ±o 2021...
2025-07-10 01:09:43 - WARNING - âš ï¸ Dropdown interceptado, usando JavaScript click.
2025-07-10 01:09:43 - WARNING - âš ï¸ No se encontrÃ³ la opciÃ³n para el aÃ±o 2021.
2025-07-10 01:09:43 - INFO - ğŸ“† Extrayendo datos del aÃ±o 2020...
2025-07-10 01:09:44 - WARNING - âš ï¸ Dropdown interceptado, usando JavaScript click.
2025-07-10 01:09:45 - WARNING - âš ï¸ No se encontrÃ³ la opciÃ³n para el aÃ±o 2020.
2025-07-10 01:09:45 - INFO - ğŸ“† Extrayendo datos del aÃ±o 2019...
2025-07-10 01:09:46 - WARNING - âš ï¸ Dropdown interceptado, usando JavaScript click.
2025-07-10 01:09:47 - WARNING - âš ï¸ No se encontrÃ³ la opciÃ³n para el aÃ±o 2019.
2025-07-10 01:09:47 - INFO - ğŸ“† Extrayendo datos del aÃ±o 2018...
2025-07-10 01:09:48 - WARNING - âš ï¸ Dropdown interceptado, usando JavaScript click.
2025-07-10 01:09:48 - WARNING - âš ï¸ No se encontrÃ³ la opciÃ³n para el aÃ±o 2018.
2025-07-10 01:09:48 - INFO - ğŸ” Navegando a pÃ¡gina de Unidades Becarias...
2025-07-10 01:09:49 - INFO - ğŸ“† Extrayendo datos del aÃ±o 2025...
2025-07-10 01:09:51 - WARNING - âš ï¸ AÃ±o interceptado, usando JavaScript click.
2025-07-10 01:10:03 - WARNING - âš ï¸ No hay tabla de UBs Eliminadas para el aÃ±o 2025.
2025-07-10 01:10:03 - INFO - ğŸ“† Extrayendo datos del aÃ±o 2024...
2025-07-10 01:10:04 - WARNING - âš ï¸ Dropdown interceptado, usando JavaScript click.
2025-07-10 01:10:04 - WARNING - âš ï¸ No se encontrÃ³ la opciÃ³n para el aÃ±o 2024.
2025-07-10 01:10:04 - INFO - ğŸ“† Extrayendo datos del aÃ±o 2023...
2025-07-10 01:10:05 - WARNING - âš ï¸ Dropdown interceptado, usando JavaScript click.
2025-07-10 01:10:06 - WARNING - âš ï¸ No se encontrÃ³ la opciÃ³n para el aÃ±o 2023.
2025-07-10 01:10:06 - INFO - ğŸ“† Extrayendo datos del aÃ±o 2022...
2025-07-10 01:10:07 - WARNING - âš ï¸ Dropdown interceptado, usando JavaScript click.
2025-07-10 01:10:08 - WARNING - âš ï¸ No se encontrÃ³ la opciÃ³n para el aÃ±o 2022.
2025-07-10 01:10:08 - INFO - ğŸ“† Extrayendo datos del aÃ±o 2021...
2025-07-10 01:10:09 - WARNING - âš ï¸ Dropdown interceptado, usando JavaScript click.
2025-07-10 01:10:09 - WARNING - âš ï¸ No se encontrÃ³ la opciÃ³n para el aÃ±o 2021.
2025-07-10 01:10:09 - INFO - ğŸ“† Extrayendo datos del aÃ±o 2020...
2025-07-10 01:10:10 - WARNING - âš ï¸ Dropdown interceptado, usando JavaScript click.
2025-07-10 01:10:11 - WARNING - âš ï¸ No se encontrÃ³ la opciÃ³n para el aÃ±o 2020.
2025-07-10 01:10:11 - INFO - ğŸ“† Extrayendo datos del aÃ±o 2019...
2025-07-10 01:10:12 - WARNING - âš ï¸ Dropdown interceptado, usando JavaScript click.
2025-07-10 01:10:13 - WARNING - âš ï¸ No se encontrÃ³ la opciÃ³n para el aÃ±o 2019.
2025-07-10 01:10:13 - INFO - ğŸ“† Extrayendo datos del aÃ±o 2018...
2025-07-10 01:10:14 - WARNING - âš ï¸ Dropdown interceptado, usando JavaScript click.
2025-07-10 01:10:14 - WARNING - âš ï¸ No se encontrÃ³ la opciÃ³n para el aÃ±o 2018.
2025-07-10 01:13:48 - INFO - ====== WebDriver manager ======
2025-07-10 01:13:49 - INFO - Get LATEST chromedriver version for google-chrome
2025-07-10 01:13:49 - INFO - Get LATEST chromedriver version for google-chrome
2025-07-10 01:13:49 - INFO - Driver [C:\Users\mvasq\.wdm\drivers\chromedriver\win64\138.0.7204.94\chromedriver-win32/chromedriver.exe] found in cache
2025-07-10 01:14:10 - INFO - ğŸ” Navegando a pÃ¡gina de login...
2025-07-10 01:14:14 - INFO - ğŸ” Esperando campo de usuario...
2025-07-10 01:14:14 - INFO - âœ… Campo usuario encontrado
2025-07-10 01:14:14 - INFO - âœ… Campo contraseÃ±a encontrado
2025-07-10 01:14:14 - INFO - ğŸ§¾ Usuario ingresado
2025-07-10 01:14:14 - INFO - ğŸ§¾ ContraseÃ±a ingresada
2025-07-10 01:14:14 - INFO - âœ… BotÃ³n de ingreso encontrado
2025-07-10 01:14:16 - INFO - ğŸš€ Formulario enviado
2025-07-10 01:14:16 - INFO - âœ… Login exitoso
2025-07-10 01:14:18 - INFO - ğŸ” Navegando a pÃ¡gina de Unidades Becarias...
2025-07-10 01:14:19 - INFO - ğŸ“† Extrayendo datos del aÃ±o 2025...
2025-07-10 01:14:22 - INFO - ğŸ“† Extrayendo datos del aÃ±o 2024...
2025-07-10 01:14:25 - INFO - ğŸ“† Extrayendo datos del aÃ±o 2023...
2025-07-10 01:14:29 - INFO - ğŸ“† Extrayendo datos del aÃ±o 2022...
2025-07-10 01:14:33 - INFO - ğŸ“† Extrayendo datos del aÃ±o 2021...
2025-07-10 01:14:36 - INFO - ğŸ“† Extrayendo datos del aÃ±o 2020...
2025-07-10 01:14:39 - INFO - ğŸ“† Extrayendo datos del aÃ±o 2019...
2025-07-10 01:14:43 - INFO - ğŸ“† Extrayendo datos del aÃ±o 2018...
2025-07-10 01:14:46 - INFO - ğŸ” Navegando a pÃ¡gina de Unidades Becarias...
2025-07-10 01:14:47 - INFO - ğŸ“† Extrayendo datos del aÃ±o 2025...
2025-07-10 01:14:59 - WARNING - âš ï¸ No hay tabla de UBs Eliminadas para el aÃ±o 2025.
2025-07-10 01:14:59 - INFO - ğŸ“† Extrayendo datos del aÃ±o 2024...
2025-07-10 01:15:13 - WARNING - âš ï¸ No hay tabla de UBs Eliminadas para el aÃ±o 2024.
2025-07-10 01:15:13 - INFO - ğŸ“† Extrayendo datos del aÃ±o 2023...
2025-07-10 01:15:26 - WARNING - âš ï¸ No hay tabla de UBs Eliminadas para el aÃ±o 2023.
2025-07-10 01:15:26 - INFO - ğŸ“† Extrayendo datos del aÃ±o 2022...
2025-07-10 01:15:39 - WARNING - âš ï¸ No hay tabla de UBs Eliminadas para el aÃ±o 2022.
2025-07-10 01:15:39 - INFO - ğŸ“† Extrayendo datos del aÃ±o 2021...
2025-07-10 01:15:52 - WARNING - âš ï¸ No hay tabla de UBs Eliminadas para el aÃ±o 2021.
2025-07-10 01:15:52 - INFO - ğŸ“† Extrayendo datos del aÃ±o 2020...
2025-07-10 01:16:06 - WARNING - âš ï¸ No hay tabla de UBs Eliminadas para el aÃ±o 2020.
2025-07-10 01:16:06 - INFO - ğŸ“† Extrayendo datos del aÃ±o 2019...
2025-07-10 01:16:09 - INFO - ğŸ“† Extrayendo datos del aÃ±o 2018...
2025-07-10 01:16:22 - WARNING - âš ï¸ No hay tabla de UBs Eliminadas para el aÃ±o 2018.
2025-07-12 17:46:59 - INFO - ====== WebDriver manager ======
2025-07-12 17:47:06 - INFO - Get LATEST chromedriver version for google-chrome
2025-07-12 17:47:06 - INFO - Get LATEST chromedriver version for google-chrome
2025-07-12 17:47:07 - INFO - Get LATEST chromedriver version for google-chrome
2025-07-12 17:47:07 - INFO - WebDriver version 138.0.7204.94 selected
2025-07-12 17:47:07 - INFO - Modern chrome version https://storage.googleapis.com/chrome-for-testing-public/138.0.7204.94/win32/chromedriver-win32.zip
2025-07-12 17:47:07 - INFO - About to download new driver from https://storage.googleapis.com/chrome-for-testing-public/138.0.7204.94/win32/chromedriver-win32.zip
2025-07-12 17:47:07 - INFO - Driver downloading response is 200
2025-07-12 17:47:07 - INFO - Get LATEST chromedriver version for google-chrome
2025-07-12 17:47:08 - INFO - Driver has been saved in cache [C:\Users\mvasq\.wdm\drivers\chromedriver\win64\138.0.7204.94]
2025-07-12 17:47:36 - INFO - ğŸ” Navegando a pÃ¡gina de login...
2025-07-12 17:47:40 - INFO - ğŸ” Esperando campo de usuario...
2025-07-12 17:47:40 - INFO - âœ… Campo usuario encontrado
2025-07-12 17:47:40 - INFO - âœ… Campo contraseÃ±a encontrado
2025-07-12 17:47:40 - INFO - ğŸ§¾ Usuario ingresado
2025-07-12 17:47:40 - INFO - ğŸ§¾ ContraseÃ±a ingresada
2025-07-12 17:47:40 - INFO - âœ… BotÃ³n de ingreso encontrado
2025-07-12 17:47:43 - INFO - ğŸš€ Formulario enviado
2025-07-12 17:47:43 - INFO - âœ… Login exitoso
2025-07-12 17:47:47 - INFO - ğŸ” Navegando a pÃ¡gina de Unidades Becarias...
2025-07-12 17:47:57 - INFO - ğŸ“† Extrayendo datos del aÃ±o 2025...
2025-07-12 17:47:59 - INFO - ğŸ“† Extrayendo datos del aÃ±o 2024...
2025-07-12 17:48:03 - INFO - ğŸ“† Extrayendo datos del aÃ±o 2023...
2025-07-12 17:48:09 - INFO - ğŸ“† Extrayendo datos del aÃ±o 2022...
2025-07-12 17:48:14 - INFO - ğŸ“† Extrayendo datos del aÃ±o 2021...
2025-07-12 17:48:18 - INFO - ğŸ“† Extrayendo datos del aÃ±o 2020...
2025-07-12 17:48:22 - INFO - ğŸ“† Extrayendo datos del aÃ±o 2019...
2025-07-12 17:48:25 - INFO - ğŸ“† Extrayendo datos del aÃ±o 2018...
2025-07-12 17:48:29 - INFO - ğŸ” Navegando a pÃ¡gina de Unidades Becarias...
2025-07-12 17:48:30 - INFO - ğŸ“† Extrayendo datos del aÃ±o 2025...
2025-07-12 17:48:42 - WARNING - âš ï¸ No hay tabla de UBs Eliminadas para el aÃ±o 2025.
2025-07-12 17:48:42 - INFO - ğŸ“† Extrayendo datos del aÃ±o 2024...
2025-07-12 17:48:56 - WARNING - âš ï¸ No hay tabla de UBs Eliminadas para el aÃ±o 2024.
2025-07-12 17:48:56 - INFO - ğŸ“† Extrayendo datos del aÃ±o 2023...
2025-07-12 17:49:10 - WARNING - âš ï¸ No hay tabla de UBs Eliminadas para el aÃ±o 2023.
2025-07-12 17:49:10 - INFO - ğŸ“† Extrayendo datos del aÃ±o 2022...
2025-07-12 17:49:23 - WARNING - âš ï¸ No hay tabla de UBs Eliminadas para el aÃ±o 2022.
2025-07-12 17:49:23 - INFO - ğŸ“† Extrayendo datos del aÃ±o 2021...
2025-07-12 17:49:36 - WARNING - âš ï¸ No hay tabla de UBs Eliminadas para el aÃ±o 2021.
2025-07-12 17:49:36 - INFO - ğŸ“† Extrayendo datos del aÃ±o 2020...
2025-07-12 17:49:50 - WARNING - âš ï¸ No hay tabla de UBs Eliminadas para el aÃ±o 2020.
2025-07-12 17:49:50 - INFO - ğŸ“† Extrayendo datos del aÃ±o 2019...
2025-07-12 17:49:53 - INFO - ğŸ“† Extrayendo datos del aÃ±o 2018...
2025-07-12 17:50:07 - WARNING - âš ï¸ No hay tabla de UBs Eliminadas para el aÃ±o 2018.
2025-07-12 17:50:16 - INFO - ğŸ” Navegando a pÃ¡gina de login...
2025-07-12 17:50:20 - INFO - ğŸ” Esperando campo de usuario...
2025-07-12 17:50:20 - INFO - âœ… Campo usuario encontrado
2025-07-12 17:50:20 - INFO - âœ… Campo contraseÃ±a encontrado
2025-07-12 17:50:20 - INFO - ğŸ§¾ Usuario ingresado
2025-07-12 17:50:20 - INFO - ğŸ§¾ ContraseÃ±a ingresada
2025-07-12 17:50:20 - INFO - âœ… BotÃ³n de ingreso encontrado
2025-07-12 17:50:22 - INFO - ğŸš€ Formulario enviado
2025-07-12 17:50:22 - INFO - âœ… Login exitoso
2025-07-12 18:04:39 - INFO - ====== WebDriver manager ======
2025-07-12 18:04:42 - INFO - Get LATEST chromedriver version for google-chrome
2025-07-12 18:04:42 - INFO - Get LATEST chromedriver version for google-chrome
2025-07-12 18:04:42 - INFO - Driver [C:\Users\mvasq\.wdm\drivers\chromedriver\win64\138.0.7204.94\chromedriver-win32/chromedriver.exe] found in cache
2025-07-12 18:05:08 - INFO - ğŸ” Navegando a pÃ¡gina de login...
2025-07-12 18:05:12 - INFO - ğŸ” Esperando campo de usuario...
2025-07-12 18:05:12 - INFO - âœ… Campo usuario encontrado
2025-07-12 18:05:12 - INFO - âœ… Campo contraseÃ±a encontrado
2025-07-12 18:05:12 - INFO - ğŸ§¾ Usuario ingresado
2025-07-12 18:05:12 - INFO - ğŸ§¾ ContraseÃ±a ingresada
2025-07-12 18:05:12 - INFO - âœ… BotÃ³n de ingreso encontrado
2025-07-12 18:05:14 - INFO - ğŸš€ Formulario enviado
2025-07-12 18:05:14 - INFO - âœ… Login exitoso
2025-08-27 11:05:31 - INFO - ====== WebDriver manager ======
2025-08-27 11:05:36 - INFO - Get LATEST chromedriver version for google-chrome
2025-08-27 11:05:36 - INFO - Get LATEST chromedriver version for google-chrome
2025-08-27 11:05:36 - INFO - There is no [win64] chromedriver "139.0.7258.154" for browser google-chrome "139.0.7258" in cache
2025-08-27 11:05:36 - INFO - Get LATEST chromedriver version for google-chrome
2025-08-27 11:05:37 - INFO - WebDriver version 139.0.7258.154 selected
2025-08-27 11:05:37 - INFO - Modern chrome version https://storage.googleapis.com/chrome-for-testing-public/139.0.7258.154/win32/chromedriver-win32.zip
2025-08-27 11:05:37 - INFO - About to download new driver from https://storage.googleapis.com/chrome-for-testing-public/139.0.7258.154/win32/chromedriver-win32.zip
2025-08-27 11:05:37 - INFO - Driver downloading response is 200
2025-08-27 11:05:38 - INFO - Get LATEST chromedriver version for google-chrome
2025-08-27 11:05:40 - INFO - Driver has been saved in cache [C:\Users\mvasq\.wdm\drivers\chromedriver\win64\139.0.7258.154]
2025-08-27 11:07:00 - INFO - ğŸ” Navegando a pÃ¡gina de login...
2025-08-27 11:07:04 - INFO - ğŸ” Esperando campo de usuario...
2025-08-27 11:07:04 - INFO - âœ… Campo usuario encontrado
2025-08-27 11:07:04 - INFO - âœ… Campo contraseÃ±a encontrado
2025-08-27 11:07:04 - INFO - ğŸ§¾ Usuario ingresado
2025-08-27 11:07:05 - INFO - ğŸ§¾ ContraseÃ±a ingresada
2025-08-27 11:07:05 - INFO - âœ… BotÃ³n de ingreso encontrado
2025-08-27 11:07:07 - INFO - ğŸš€ Formulario enviado
2025-08-27 11:07:07 - INFO - âœ… Login exitoso
2025-08-27 11:07:13 - INFO - ğŸ” Navegando a pÃ¡gina de Unidades Becarias...
2025-08-27 11:07:16 - INFO - ğŸ“† Extrayendo datos del aÃ±o 2025...
2025-08-27 11:07:18 - INFO - ğŸ“† Extrayendo datos del aÃ±o 2024...
2025-08-27 11:07:23 - INFO - ğŸ“† Extrayendo datos del aÃ±o 2023...
2025-08-27 11:07:31 - INFO - ğŸ“† Extrayendo datos del aÃ±o 2022...
2025-08-27 11:07:37 - INFO - ğŸ“† Extrayendo datos del aÃ±o 2021...
2025-08-27 11:07:41 - INFO - ğŸ“† Extrayendo datos del aÃ±o 2020...
2025-08-27 11:07:46 - INFO - ğŸ“† Extrayendo datos del aÃ±o 2019...
2025-08-27 11:07:50 - INFO - ğŸ“† Extrayendo datos del aÃ±o 2018...
2025-08-27 11:07:55 - INFO - ğŸ” Navegando a pÃ¡gina de Unidades Becarias...
2025-08-27 11:07:56 - INFO - ğŸ“† Extrayendo datos del aÃ±o 2025...
2025-08-27 11:08:09 - WARNING - âš ï¸ No hay tabla de UBs Eliminadas para el aÃ±o 2025.
2025-08-27 11:08:09 - INFO - ğŸ“† Extrayendo datos del aÃ±o 2024...
2025-08-27 11:08:23 - WARNING - âš ï¸ No hay tabla de UBs Eliminadas para el aÃ±o 2024.
2025-08-27 11:08:23 - INFO - ğŸ“† Extrayendo datos del aÃ±o 2023...
2025-08-27 11:08:37 - WARNING - âš ï¸ No hay tabla de UBs Eliminadas para el aÃ±o 2023.
2025-08-27 11:08:37 - INFO - ğŸ“† Extrayendo datos del aÃ±o 2022...
2025-08-27 11:08:51 - WARNING - âš ï¸ No hay tabla de UBs Eliminadas para el aÃ±o 2022.
2025-08-27 11:08:51 - INFO - ğŸ“† Extrayendo datos del aÃ±o 2021...
2025-08-27 11:09:05 - WARNING - âš ï¸ No hay tabla de UBs Eliminadas para el aÃ±o 2021.
2025-08-27 11:09:05 - INFO - ğŸ“† Extrayendo datos del aÃ±o 2020...
2025-08-27 11:09:19 - WARNING - âš ï¸ No hay tabla de UBs Eliminadas para el aÃ±o 2020.
2025-08-27 11:09:19 - INFO - ğŸ“† Extrayendo datos del aÃ±o 2019...
2025-08-27 11:09:24 - INFO - ğŸ“† Extrayendo datos del aÃ±o 2018...
2025-08-27 11:09:38 - WARNING - âš ï¸ No hay tabla de UBs Eliminadas para el aÃ±o 2018.
2025-08-27 11:09:49 - INFO - ğŸ” Navegando a pÃ¡gina de login...
2025-08-27 11:09:53 - INFO - ğŸ” Esperando campo de usuario...
2025-08-27 11:09:53 - INFO - âœ… Campo usuario encontrado
2025-08-27 11:09:53 - INFO - âœ… Campo contraseÃ±a encontrado
2025-08-27 11:09:53 - INFO - ğŸ§¾ Usuario ingresado
2025-08-27 11:09:53 - INFO - ğŸ§¾ ContraseÃ±a ingresada
2025-08-27 11:09:54 - INFO - âœ… BotÃ³n de ingreso encontrado
2025-08-27 11:09:56 - INFO - ğŸš€ Formulario enviado
2025-08-27 11:09:57 - INFO - âœ… Login exitoso
2025-08-27 11:57:45 - INFO - ====== WebDriver manager ======
2025-08-27 11:57:48 - INFO - Get LATEST chromedriver version for google-chrome
2025-08-27 11:57:48 - INFO - Get LATEST chromedriver version for google-chrome
2025-08-27 11:57:48 - INFO - Driver [C:\Users\mvasq\.wdm\drivers\chromedriver\win64\139.0.7258.154\chromedriver-win32/chromedriver.exe] found in cache
2025-08-27 12:09:01 - INFO - ğŸ” Navegando a pÃ¡gina de login...
2025-08-27 12:09:05 - INFO - ğŸ” Esperando campo de usuario...
2025-08-27 12:09:05 - INFO - âœ… Campo usuario encontrado
2025-08-27 12:09:05 - INFO - âœ… Campo contraseÃ±a encontrado
2025-08-27 12:09:05 - INFO - ğŸ§¾ Usuario ingresado
2025-08-27 12:09:05 - INFO - ğŸ§¾ ContraseÃ±a ingresada
2025-08-27 12:09:05 - INFO - âœ… BotÃ³n de ingreso encontrado
2025-08-27 12:09:07 - INFO - ğŸš€ Formulario enviado
2025-08-27 12:09:07 - INFO - âœ… Login exitoso
2025-08-27 12:09:09 - INFO - ğŸ” Navegando a pÃ¡gina de Unidades Becarias...
2025-08-27 12:09:10 - INFO - ğŸ“† Extrayendo datos del aÃ±o 2025...
2025-08-27 12:09:13 - INFO - ğŸ“† Extrayendo datos del aÃ±o 2024...
2025-08-27 12:09:16 - INFO - ğŸ“† Extrayendo datos del aÃ±o 2023...
2025-08-27 12:09:21 - INFO - ğŸ“† Extrayendo datos del aÃ±o 2022...
2025-08-27 12:09:25 - INFO - ğŸ“† Extrayendo datos del aÃ±o 2021...
2025-08-27 12:09:29 - INFO - ğŸ“† Extrayendo datos del aÃ±o 2020...
2025-08-27 12:09:33 - INFO - ğŸ“† Extrayendo datos del aÃ±o 2019...
2025-08-27 12:09:36 - INFO - ğŸ“† Extrayendo datos del aÃ±o 2018...
2025-08-27 12:09:40 - INFO - ğŸ” Navegando a pÃ¡gina de Unidades Becarias...
2025-08-27 12:09:41 - INFO - ğŸ“† Extrayendo datos del aÃ±o 2025...
2025-08-27 12:09:53 - WARNING - âš ï¸ No hay tabla de UBs Eliminadas para el aÃ±o 2025.
2025-08-27 12:09:53 - INFO - ğŸ“† Extrayendo datos del aÃ±o 2024...
2025-08-27 12:10:07 - WARNING - âš ï¸ No hay tabla de UBs Eliminadas para el aÃ±o 2024.
2025-08-27 12:10:07 - INFO - ğŸ“† Extrayendo datos del aÃ±o 2023...
2025-08-27 12:10:21 - WARNING - âš ï¸ No hay tabla de UBs Eliminadas para el aÃ±o 2023.
2025-08-27 12:10:21 - INFO - ğŸ“† Extrayendo datos del aÃ±o 2022...
2025-08-27 12:10:34 - WARNING - âš ï¸ No hay tabla de UBs Eliminadas para el aÃ±o 2022.
2025-08-27 12:10:34 - INFO - ğŸ“† Extrayendo datos del aÃ±o 2021...
2025-08-27 12:10:49 - WARNING - âš ï¸ No hay tabla de UBs Eliminadas para el aÃ±o 2021.
2025-08-27 12:10:49 - INFO - ğŸ“† Extrayendo datos del aÃ±o 2020...
2025-08-27 12:11:02 - WARNING - âš ï¸ No hay tabla de UBs Eliminadas para el aÃ±o 2020.
2025-08-27 12:11:02 - INFO - ğŸ“† Extrayendo datos del aÃ±o 2019...
2025-08-27 12:11:06 - INFO - ğŸ“† Extrayendo datos del aÃ±o 2018...
2025-08-27 12:11:20 - WARNING - âš ï¸ No hay tabla de UBs Eliminadas para el aÃ±o 2018.
2025-08-27 12:11:25 - INFO - ğŸ” Navegando a pÃ¡gina de login...
2025-08-27 12:11:29 - INFO - ğŸ” Esperando campo de usuario...
2025-08-27 12:11:29 - INFO - âœ… Campo usuario encontrado
2025-08-27 12:11:29 - INFO - âœ… Campo contraseÃ±a encontrado
2025-08-27 12:11:29 - INFO - ğŸ§¾ Usuario ingresado
2025-08-27 12:11:29 - INFO - ğŸ§¾ ContraseÃ±a ingresada
2025-08-27 12:11:29 - INFO - âœ… BotÃ³n de ingreso encontrado
2025-08-27 12:11:31 - INFO - ğŸš€ Formulario enviado
2025-08-27 12:11:31 - INFO - âœ… Login exitoso
2025-09-13 16:28:18 - INFO - ====== WebDriver manager ======
2025-09-13 16:28:21 - INFO - Get LATEST chromedriver version for google-chrome
2025-09-13 16:28:21 - ERROR - âŒ Failed to initialize Chrome driver.
Traceback (most recent call last):
  File "c:\Users\mvasq\OneDrive\Documentos\ucampus_wrapped\.venv\lib\site-packages\urllib3\connection.py", line 198, in _new_conn
    sock = connection.create_connection(
  File "c:\Users\mvasq\OneDrive\Documentos\ucampus_wrapped\.venv\lib\site-packages\urllib3\util\connection.py", line 60, in create_connection
    for res in socket.getaddrinfo(host, port, family, socket.SOCK_STREAM):
  File "C:\Users\mvasq\anaconda3\lib\socket.py", line 954, in getaddrinfo
    for res in _socket.getaddrinfo(host, port, family, type, proto, flags):
socket.gaierror: [Errno 11001] getaddrinfo failed

The above exception was the direct cause of the following exception:

Traceback (most recent call last):
  File "c:\Users\mvasq\OneDrive\Documentos\ucampus_wrapped\.venv\lib\site-packages\urllib3\connectionpool.py", line 787, in urlopen
    response = self._make_request(
  File "c:\Users\mvasq\OneDrive\Documentos\ucampus_wrapped\.venv\lib\site-packages\urllib3\connectionpool.py", line 488, in _make_request
    raise new_e
  File "c:\Users\mvasq\OneDrive\Documentos\ucampus_wrapped\.venv\lib\site-packages\urllib3\connectionpool.py", line 464, in _make_request
    self._validate_conn(conn)
  File "c:\Users\mvasq\OneDrive\Documentos\ucampus_wrapped\.venv\lib\site-packages\urllib3\connectionpool.py", line 1093, in _validate_conn
    conn.connect()
  File "c:\Users\mvasq\OneDrive\Documentos\ucampus_wrapped\.venv\lib\site-packages\urllib3\connection.py", line 753, in connect
    self.sock = sock = self._new_conn()
  File "c:\Users\mvasq\OneDrive\Documentos\ucampus_wrapped\.venv\lib\site-packages\urllib3\connection.py", line 205, in _new_conn
    raise NameResolutionError(self.host, self, e) from e
urllib3.exceptions.NameResolutionError: <urllib3.connection.HTTPSConnection object at 0x000002BD8273D9D0>: Failed to resolve 'googlechromelabs.github.io' ([Errno 11001] getaddrinfo failed)

The above exception was the direct cause of the following exception:

Traceback (most recent call last):
  File "c:\Users\mvasq\OneDrive\Documentos\ucampus_wrapped\.venv\lib\site-packages\requests\adapters.py", line 667, in send
    resp = conn.urlopen(
  File "c:\Users\mvasq\OneDrive\Documentos\ucampus_wrapped\.venv\lib\site-packages\urllib3\connectionpool.py", line 841, in urlopen
    retries = retries.increment(
  File "c:\Users\mvasq\OneDrive\Documentos\ucampus_wrapped\.venv\lib\site-packages\urllib3\util\retry.py", line 519, in increment
    raise MaxRetryError(_pool, url, reason) from reason  # type: ignore[arg-type]
urllib3.exceptions.MaxRetryError: HTTPSConnectionPool(host='googlechromelabs.github.io', port=443): Max retries exceeded with url: /chrome-for-testing/latest-patch-versions-per-build.json (Caused by NameResolutionError("<urllib3.connection.HTTPSConnection object at 0x000002BD8273D9D0>: Failed to resolve 'googlechromelabs.github.io' ([Errno 11001] getaddrinfo failed)"))

During handling of the above exception, another exception occurred:

Traceback (most recent call last):
  File "c:\Users\mvasq\OneDrive\Documentos\ucampus_wrapped\.venv\lib\site-packages\webdriver_manager\core\http.py", line 32, in get
    resp = requests.get(
  File "c:\Users\mvasq\OneDrive\Documentos\ucampus_wrapped\.venv\lib\site-packages\requests\api.py", line 73, in get
    return request("get", url, params=params, **kwargs)
  File "c:\Users\mvasq\OneDrive\Documentos\ucampus_wrapped\.venv\lib\site-packages\requests\api.py", line 59, in request
    return session.request(method=method, url=url, **kwargs)
  File "c:\Users\mvasq\OneDrive\Documentos\ucampus_wrapped\.venv\lib\site-packages\requests\sessions.py", line 589, in request
    resp = self.send(prep, **send_kwargs)
  File "c:\Users\mvasq\OneDrive\Documentos\ucampus_wrapped\.venv\lib\site-packages\requests\sessions.py", line 703, in send
    r = adapter.send(request, **kwargs)
  File "c:\Users\mvasq\OneDrive\Documentos\ucampus_wrapped\.venv\lib\site-packages\requests\adapters.py", line 700, in send
    raise ConnectionError(e, request=request)
requests.exceptions.ConnectionError: HTTPSConnectionPool(host='googlechromelabs.github.io', port=443): Max retries exceeded with url: /chrome-for-testing/latest-patch-versions-per-build.json (Caused by NameResolutionError("<urllib3.connection.HTTPSConnection object at 0x000002BD8273D9D0>: Failed to resolve 'googlechromelabs.github.io' ([Errno 11001] getaddrinfo failed)"))

During handling of the above exception, another exception occurred:

Traceback (most recent call last):
  File "c:\Users\mvasq\OneDrive\Documentos\ucampus_wrapped\core\scrapper\navegador.py", line 55, in get_chrome_driver
    service=Service(ChromeDriverManager().install()),
  File "c:\Users\mvasq\OneDrive\Documentos\ucampus_wrapped\.venv\lib\site-packages\webdriver_manager\chrome.py", line 40, in install
    driver_path = self._get_driver_binary_path(self.driver)
  File "c:\Users\mvasq\OneDrive\Documentos\ucampus_wrapped\.venv\lib\site-packages\webdriver_manager\core\manager.py", line 35, in _get_driver_binary_path
    binary_path = self._cache_manager.find_driver(driver)
  File "c:\Users\mvasq\OneDrive\Documentos\ucampus_wrapped\.venv\lib\site-packages\webdriver_manager\core\driver_cache.py", line 107, in find_driver
    driver_version = self.get_cache_key_driver_version(driver)
  File "c:\Users\mvasq\OneDrive\Documentos\ucampus_wrapped\.venv\lib\site-packages\webdriver_manager\core\driver_cache.py", line 154, in get_cache_key_driver_version
    return driver.get_driver_version_to_download()
  File "c:\Users\mvasq\OneDrive\Documentos\ucampus_wrapped\.venv\lib\site-packages\webdriver_manager\core\driver.py", line 48, in get_driver_version_to_download
    return self.get_latest_release_version()
  File "c:\Users\mvasq\OneDrive\Documentos\ucampus_wrapped\.venv\lib\site-packages\webdriver_manager\drivers\chrome.py", line 59, in get_latest_release_version
    response = self._http_client.get(url)
  File "c:\Users\mvasq\OneDrive\Documentos\ucampus_wrapped\.venv\lib\site-packages\webdriver_manager\core\http.py", line 35, in get
    raise exceptions.ConnectionError(f"Could not reach host. Are you offline?")
requests.exceptions.ConnectionError: Could not reach host. Are you offline?
2025-09-13 16:30:53 - INFO - ğŸš€ Iniciando identificaciÃ³n de Acta Milagrosa...
2025-09-13 16:30:53 - ERROR - âŒ Error cargando los datos: [Errno 2] No such file or directory: 'c:\\Users\\mvasq\\OneDrive\\Documentos\\ucampus_wrapped\\core\\datos\\output\\clean_data.xlsx'
Traceback (most recent call last):
  File "c:\Users\mvasq\OneDrive\Documentos\ucampus_wrapped\core\cleaner\acta_milagrosa.py", line 41, in load_acta_data
    data = pd.read_excel(file_path, sheet_name)
  File "c:\Users\mvasq\OneDrive\Documentos\ucampus_wrapped\.venv\lib\site-packages\pandas\io\excel\_base.py", line 495, in read_excel
    io = ExcelFile(
  File "c:\Users\mvasq\OneDrive\Documentos\ucampus_wrapped\.venv\lib\site-packages\pandas\io\excel\_base.py", line 1550, in __init__
    ext = inspect_excel_format(
  File "c:\Users\mvasq\OneDrive\Documentos\ucampus_wrapped\.venv\lib\site-packages\pandas\io\excel\_base.py", line 1402, in inspect_excel_format
    with get_handle(
  File "c:\Users\mvasq\OneDrive\Documentos\ucampus_wrapped\.venv\lib\site-packages\pandas\io\common.py", line 882, in get_handle
    handle = open(handle, ioargs.mode)
FileNotFoundError: [Errno 2] No such file or directory: 'c:\\Users\\mvasq\\OneDrive\\Documentos\\ucampus_wrapped\\core\\datos\\output\\clean_data.xlsx'
2025-09-13 16:30:53 - INFO - ğŸ“¦ Filtrando evaluaciones para los exÃ¡menes
2025-09-13 16:35:02 - INFO - ğŸš€ Iniciando identificaciÃ³n de Acta Milagrosa...
2025-09-13 16:35:02 - ERROR - âŒ Error cargando los datos: [Errno 2] No such file or directory: 'C:\\Users\\mvasq\\OneDrive\\Documentos\\ucampus_wrapped\\core\\datos\\output\\clean_data.xlsx'
Traceback (most recent call last):
  File "C:\Users\mvasq\OneDrive\Documentos\ucampus_wrapped\core\cleaner\acta_milagrosa.py", line 41, in load_acta_data
    data = pd.read_excel(file_path, sheet_name)
  File "c:\Users\mvasq\OneDrive\Documentos\ucampus_wrapped\.venv\lib\site-packages\pandas\io\excel\_base.py", line 495, in read_excel
    io = ExcelFile(
  File "c:\Users\mvasq\OneDrive\Documentos\ucampus_wrapped\.venv\lib\site-packages\pandas\io\excel\_base.py", line 1550, in __init__
    ext = inspect_excel_format(
  File "c:\Users\mvasq\OneDrive\Documentos\ucampus_wrapped\.venv\lib\site-packages\pandas\io\excel\_base.py", line 1402, in inspect_excel_format
    with get_handle(
  File "c:\Users\mvasq\OneDrive\Documentos\ucampus_wrapped\.venv\lib\site-packages\pandas\io\common.py", line 882, in get_handle
    handle = open(handle, ioargs.mode)
FileNotFoundError: [Errno 2] No such file or directory: 'C:\\Users\\mvasq\\OneDrive\\Documentos\\ucampus_wrapped\\core\\datos\\output\\clean_data.xlsx'
2025-09-13 16:35:02 - INFO - ğŸ“¦ Filtrando evaluaciones para los exÃ¡menes
2025-09-15 10:34:43 - INFO - ====== WebDriver manager ======
2025-09-15 10:34:48 - INFO - Get LATEST chromedriver version for google-chrome
2025-09-15 10:34:49 - INFO - Get LATEST chromedriver version for google-chrome
2025-09-15 10:34:49 - INFO - There is no [win64] chromedriver "140.0.7339.82" for browser google-chrome "140.0.7339" in cache
2025-09-15 10:34:49 - INFO - Get LATEST chromedriver version for google-chrome
2025-09-15 10:34:49 - INFO - WebDriver version 140.0.7339.82 selected
2025-09-15 10:34:49 - INFO - Modern chrome version https://storage.googleapis.com/chrome-for-testing-public/140.0.7339.82/win32/chromedriver-win32.zip
2025-09-15 10:34:49 - INFO - About to download new driver from https://storage.googleapis.com/chrome-for-testing-public/140.0.7339.82/win32/chromedriver-win32.zip
2025-09-15 10:34:49 - INFO - Driver downloading response is 200
2025-09-15 10:34:49 - INFO - Get LATEST chromedriver version for google-chrome
2025-09-15 10:34:52 - INFO - Driver has been saved in cache [C:\Users\mvasq\.wdm\drivers\chromedriver\win64\140.0.7339.82]
2025-09-15 10:34:57 - INFO - âœ… Chrome driver initialized.
2025-09-15 10:35:19 - INFO - ğŸ” Navegando a pÃ¡gina de login...
2025-09-15 10:35:23 - INFO - ğŸ” Esperando campo de usuario...
2025-09-15 10:35:26 - INFO - ğŸ“Œ Credenciales ingresadas
2025-09-15 10:35:26 - INFO - âœ… Login exitoso
2025-09-15 10:35:26 - INFO - ğŸš€ Inicio webscrapping de ucampus
2025-09-15 10:35:26 - INFO - ğŸ“¦ Recuperando indicadores
2025-09-15 10:35:27 - INFO - âœ… Carga Exitosa: Indicadores
2025-09-15 10:35:27 - INFO - ğŸ“¦ Recuperando resumen de ramos cursados por semestre
2025-09-15 10:35:27 - INFO - â„¹ï¸ï¸ Div 'resumen' visible. Extrayendo tabla...
2025-09-15 10:35:32 - INFO - â„¹ï¸ï¸ ExtraÃ­das 15 filas.
2025-09-15 10:35:32 - INFO - âœ… Carga Exitosa: Resumen notas
2025-09-15 10:35:32 - INFO - ğŸ“¦ Recuperando cursos dictados
2025-09-15 10:35:33 - INFO - âœ… Carga Exitosa: Labores docentes
2025-09-15 10:35:33 - INFO - ğŸ“¦ Recuperando secciÃ³n ExÃ¡menes de Grado y/o TÃ­tulo
2025-09-15 10:35:33 - INFO - âœ… Carga Exitosa: ExÃ¡menes de Grado y/o TÃ­tulo
2025-09-15 10:35:33 - INFO - ğŸ“¦ Recuperando historial de pagos de UB
2025-09-15 10:35:33 - INFO - ğŸ” Navegando a pÃ¡gina de Unidades Becarias...
2025-09-15 10:35:36 - INFO - ğŸ“† Extrayendo datos del aÃ±o 2025...
2025-09-15 10:35:39 - INFO - ğŸ“† Extrayendo datos del aÃ±o 2024...
2025-09-15 10:35:43 - INFO - ğŸ“† Extrayendo datos del aÃ±o 2023...
2025-09-15 10:35:51 - INFO - ğŸ“† Extrayendo datos del aÃ±o 2022...
2025-09-15 10:35:58 - INFO - ğŸ“† Extrayendo datos del aÃ±o 2021...
2025-09-15 10:36:02 - INFO - ğŸ“† Extrayendo datos del aÃ±o 2020...
2025-09-15 10:36:07 - INFO - ğŸ“† Extrayendo datos del aÃ±o 2019...
2025-09-15 10:36:11 - INFO - ğŸ“† Extrayendo datos del aÃ±o 2018...
2025-09-15 10:36:15 - INFO - âœ… Carga Exitosa: Historial de pagos de UB
2025-09-15 10:36:15 - INFO - ğŸ“¦ Recuperando historial de UB eliminadas
2025-09-15 10:36:15 - INFO - ğŸ” Navegando a pÃ¡gina de Unidades Becarias...
2025-09-15 10:36:17 - INFO - ğŸ“† Extrayendo datos del aÃ±o 2025...
2025-09-15 10:36:30 - WARNING - âš ï¸ No hay tabla de UBs Eliminadas para el aÃ±o 2025.
2025-09-15 10:36:30 - INFO - ğŸ“† Extrayendo datos del aÃ±o 2024...
2025-09-15 10:36:44 - WARNING - âš ï¸ No hay tabla de UBs Eliminadas para el aÃ±o 2024.
2025-09-15 10:36:44 - INFO - ğŸ“† Extrayendo datos del aÃ±o 2023...
2025-09-15 10:36:58 - WARNING - âš ï¸ No hay tabla de UBs Eliminadas para el aÃ±o 2023.
2025-09-15 10:36:58 - INFO - ğŸ“† Extrayendo datos del aÃ±o 2022...
2025-09-15 10:37:13 - WARNING - âš ï¸ No hay tabla de UBs Eliminadas para el aÃ±o 2022.
2025-09-15 10:37:13 - INFO - ğŸ“† Extrayendo datos del aÃ±o 2021...
2025-09-15 10:37:27 - WARNING - âš ï¸ No hay tabla de UBs Eliminadas para el aÃ±o 2021.
2025-09-15 10:37:27 - INFO - ğŸ“† Extrayendo datos del aÃ±o 2020...
2025-09-15 10:37:42 - WARNING - âš ï¸ No hay tabla de UBs Eliminadas para el aÃ±o 2020.
2025-09-15 10:37:42 - INFO - ğŸ“† Extrayendo datos del aÃ±o 2019...
2025-09-15 10:37:46 - INFO - ğŸ“† Extrayendo datos del aÃ±o 2018...
2025-09-15 10:38:00 - WARNING - âš ï¸ No hay tabla de UBs Eliminadas para el aÃ±o 2018.
2025-09-15 10:38:00 - INFO - âœ… Carga Exitosa: UB's eliminadas
2025-09-15 10:38:00 - INFO - ğŸ“¦ Recuperando Recuento de UDs
2025-09-15 10:38:13 - INFO - âœ… Datos de recuento extraÃ­dos correctamente.
2025-09-15 10:38:13 - INFO - âœ… ExtracciÃ³n de datos de ucampus completada
2025-09-15 10:38:13 - INFO - ğŸ’¾ Excel creado: c:\Users\mvasq\OneDrive\Documentos\ucampus_wrapped\data\data_UCAMPUS_19842174K.xlsx
2025-09-15 10:38:13 - INFO - ğŸ” Navegando a pÃ¡gina de login...
2025-09-15 10:38:17 - INFO - ğŸ” Esperando campo de usuario...
2025-09-15 10:38:20 - INFO - ğŸ“Œ Credenciales ingresadas
2025-09-15 10:38:20 - INFO - âœ… Login exitoso
2025-09-15 10:38:21 - INFO - ğŸ“‹ Iniciando extracciÃ³n de urls de u-cursos
2025-09-15 10:38:25 - INFO - âœ… 71 urls de u-cursos obtenidos
2025-09-15 10:38:25 - INFO - ğŸš€ Inicio webscrapping de u-cursos
2025-09-15 10:38:25 - INFO - ğŸ“¦Recuperando notas obtenidas por ramo
2025-09-15 10:38:36 - INFO - âš ï¸ Tabla de notas no encontrada en https://www.u-cursos.cl/ingenieria/2023/2/EI2090/1/notas/alumno
2025-09-15 10:40:39 - INFO - âš ï¸ Tabla de notas no encontrada en https://www.u-cursos.cl/ingenieria/2020/1/DR180A/3/notas/alumno
2025-09-15 10:41:23 - INFO - âš ï¸ Tabla de notas no encontrada en https://www.u-cursos.cl/ingenieria/2019/1/EI0031/1/notas/alumno
2025-09-15 10:42:34 - INFO - âš ï¸ Tabla de notas no encontrada en https://www.u-cursos.cl/ingenieria/2017/1/EI0006/1/notas/alumno
2025-09-15 10:42:36 - INFO - âš ï¸ Tabla de notas no encontrada en https://www.u-cursos.cl/ingenieria/2017/1/EI0014/1/notas/alumno
2025-09-15 10:42:38 - INFO - âš ï¸ Tabla de notas no encontrada en https://www.u-cursos.cl/ingenieria/2017/1/EI1090/1/notas/alumno
2025-09-15 10:42:55 - INFO - â„¹ï¸ï¸ Total de notas registradas: 788
2025-09-15 10:42:55 - INFO - âœ… RecuperaciÃ³n de notas finalizada
2025-09-15 10:42:55 - INFO - ğŸ“¦ Recuperando estadÃ­sticas de las actas
2025-09-15 10:45:27 - ERROR - âŒ Error cargando pÃ¡gina de acta: Message: no such element: Unable to locate element: {"method":"css selector","selector":"table.detalle"}
  (Session info: chrome=140.0.7339.128); For documentation on this error, please visit: https://www.selenium.dev/documentation/webdriver/troubleshooting/errors#nosuchelementexception
Stacktrace:
	GetHandleVerifier [0x0xfed2a3+66419]
	GetHandleVerifier [0x0xfed2e4+66484]
	(No symbol) [0x0xdc4bd3]
	(No symbol) [0x0xe0e958]
	(No symbol) [0x0xe0ecfb]
	(No symbol) [0x0xe55152]
	(No symbol) [0x0xe31064]
	(No symbol) [0x0xe528a1]
	(No symbol) [0x0xe30e16]
	(No symbol) [0x0xe025ce]
	(No symbol) [0x0xe034a4]
	GetHandleVerifier [0x0x1235ee3+2461619]
	GetHandleVerifier [0x0x1230f66+2441270]
	GetHandleVerifier [0x0x1016242+234258]
	GetHandleVerifier [0x0x1006208+168664]
	GetHandleVerifier [0x0x100d1ad+197245]
	GetHandleVerifier [0x0xff55f8+100040]
	GetHandleVerifier [0x0xff5792+100450]
	GetHandleVerifier [0x0xfdf74a+10266]
	BaseThreadInitThunk [0x0x76995d49+25]
	RtlInitializeExceptionChain [0x0x77e0d6db+107]
	RtlGetAppContainerNamedObjectPath [0x0x77e0d661+561]
Traceback (most recent call last):
  File "c:\Users\mvasq\OneDrive\Documentos\ucampus_wrapped\core\scrapper\ucursos.py", line 166, in data_actas
    table = driver.find_element(By.CSS_SELECTOR, "table.detalle")
  File "c:\Users\mvasq\OneDrive\Documentos\ucampus_wrapped\.venv\lib\site-packages\selenium\webdriver\remote\webdriver.py", line 922, in find_element
    return self.execute(Command.FIND_ELEMENT, {"using": by, "value": value})["value"]
  File "c:\Users\mvasq\OneDrive\Documentos\ucampus_wrapped\.venv\lib\site-packages\selenium\webdriver\remote\webdriver.py", line 454, in execute
    self.error_handler.check_response(response)
  File "c:\Users\mvasq\OneDrive\Documentos\ucampus_wrapped\.venv\lib\site-packages\selenium\webdriver\remote\errorhandler.py", line 232, in check_response
    raise exception_class(message, screen, stacktrace)
selenium.common.exceptions.NoSuchElementException: Message: no such element: Unable to locate element: {"method":"css selector","selector":"table.detalle"}
  (Session info: chrome=140.0.7339.128); For documentation on this error, please visit: https://www.selenium.dev/documentation/webdriver/troubleshooting/errors#nosuchelementexception
Stacktrace:
	GetHandleVerifier [0x0xfed2a3+66419]
	GetHandleVerifier [0x0xfed2e4+66484]
	(No symbol) [0x0xdc4bd3]
	(No symbol) [0x0xe0e958]
	(No symbol) [0x0xe0ecfb]
	(No symbol) [0x0xe55152]
	(No symbol) [0x0xe31064]
	(No symbol) [0x0xe528a1]
	(No symbol) [0x0xe30e16]
	(No symbol) [0x0xe025ce]
	(No symbol) [0x0xe034a4]
	GetHandleVerifier [0x0x1235ee3+2461619]
	GetHandleVerifier [0x0x1230f66+2441270]
	GetHandleVerifier [0x0x1016242+234258]
	GetHandleVerifier [0x0x1006208+168664]
	GetHandleVerifier [0x0x100d1ad+197245]
	GetHandleVerifier [0x0xff55f8+100040]
	GetHandleVerifier [0x0xff5792+100450]
	GetHandleVerifier [0x0xfdf74a+10266]
	BaseThreadInitThunk [0x0x76995d49+25]
	RtlInitializeExceptionChain [0x0x77e0d6db+107]
	RtlGetAppContainerNamedObjectPath [0x0x77e0d661+561]

2025-09-15 10:46:13 - ERROR - âŒ Error cargando pÃ¡gina de acta: Message: no such element: Unable to locate element: {"method":"css selector","selector":"table.detalle"}
  (Session info: chrome=140.0.7339.128); For documentation on this error, please visit: https://www.selenium.dev/documentation/webdriver/troubleshooting/errors#nosuchelementexception
Stacktrace:
	GetHandleVerifier [0x0xfed2a3+66419]
	GetHandleVerifier [0x0xfed2e4+66484]
	(No symbol) [0x0xdc4bd3]
	(No symbol) [0x0xe0e958]
	(No symbol) [0x0xe0ecfb]
	(No symbol) [0x0xe55152]
	(No symbol) [0x0xe31064]
	(No symbol) [0x0xe528a1]
	(No symbol) [0x0xe30e16]
	(No symbol) [0x0xe025ce]
	(No symbol) [0x0xe034a4]
	GetHandleVerifier [0x0x1235ee3+2461619]
	GetHandleVerifier [0x0x1230f66+2441270]
	GetHandleVerifier [0x0x1016242+234258]
	GetHandleVerifier [0x0x1006208+168664]
	GetHandleVerifier [0x0x100d1ad+197245]
	GetHandleVerifier [0x0xff55f8+100040]
	GetHandleVerifier [0x0xff5792+100450]
	GetHandleVerifier [0x0xfdf74a+10266]
	BaseThreadInitThunk [0x0x76995d49+25]
	RtlInitializeExceptionChain [0x0x77e0d6db+107]
	RtlGetAppContainerNamedObjectPath [0x0x77e0d661+561]
Traceback (most recent call last):
  File "c:\Users\mvasq\OneDrive\Documentos\ucampus_wrapped\core\scrapper\ucursos.py", line 166, in data_actas
    table = driver.find_element(By.CSS_SELECTOR, "table.detalle")
  File "c:\Users\mvasq\OneDrive\Documentos\ucampus_wrapped\.venv\lib\site-packages\selenium\webdriver\remote\webdriver.py", line 922, in find_element
    return self.execute(Command.FIND_ELEMENT, {"using": by, "value": value})["value"]
  File "c:\Users\mvasq\OneDrive\Documentos\ucampus_wrapped\.venv\lib\site-packages\selenium\webdriver\remote\webdriver.py", line 454, in execute
    self.error_handler.check_response(response)
  File "c:\Users\mvasq\OneDrive\Documentos\ucampus_wrapped\.venv\lib\site-packages\selenium\webdriver\remote\errorhandler.py", line 232, in check_response
    raise exception_class(message, screen, stacktrace)
selenium.common.exceptions.NoSuchElementException: Message: no such element: Unable to locate element: {"method":"css selector","selector":"table.detalle"}
  (Session info: chrome=140.0.7339.128); For documentation on this error, please visit: https://www.selenium.dev/documentation/webdriver/troubleshooting/errors#nosuchelementexception
Stacktrace:
	GetHandleVerifier [0x0xfed2a3+66419]
	GetHandleVerifier [0x0xfed2e4+66484]
	(No symbol) [0x0xdc4bd3]
	(No symbol) [0x0xe0e958]
	(No symbol) [0x0xe0ecfb]
	(No symbol) [0x0xe55152]
	(No symbol) [0x0xe31064]
	(No symbol) [0x0xe528a1]
	(No symbol) [0x0xe30e16]
	(No symbol) [0x0xe025ce]
	(No symbol) [0x0xe034a4]
	GetHandleVerifier [0x0x1235ee3+2461619]
	GetHandleVerifier [0x0x1230f66+2441270]
	GetHandleVerifier [0x0x1016242+234258]
	GetHandleVerifier [0x0x1006208+168664]
	GetHandleVerifier [0x0x100d1ad+197245]
	GetHandleVerifier [0x0xff55f8+100040]
	GetHandleVerifier [0x0xff5792+100450]
	GetHandleVerifier [0x0xfdf74a+10266]
	BaseThreadInitThunk [0x0x76995d49+25]
	RtlInitializeExceptionChain [0x0x77e0d6db+107]
	RtlGetAppContainerNamedObjectPath [0x0x77e0d661+561]

2025-09-15 10:46:15 - ERROR - âŒ Error cargando pÃ¡gina de acta: Message: no such element: Unable to locate element: {"method":"css selector","selector":"table.detalle"}
  (Session info: chrome=140.0.7339.128); For documentation on this error, please visit: https://www.selenium.dev/documentation/webdriver/troubleshooting/errors#nosuchelementexception
Stacktrace:
	GetHandleVerifier [0x0xfed2a3+66419]
	GetHandleVerifier [0x0xfed2e4+66484]
	(No symbol) [0x0xdc4bd3]
	(No symbol) [0x0xe0e958]
	(No symbol) [0x0xe0ecfb]
	(No symbol) [0x0xe55152]
	(No symbol) [0x0xe31064]
	(No symbol) [0x0xe528a1]
	(No symbol) [0x0xe30e16]
	(No symbol) [0x0xe025ce]
	(No symbol) [0x0xe034a4]
	GetHandleVerifier [0x0x1235ee3+2461619]
	GetHandleVerifier [0x0x1230f66+2441270]
	GetHandleVerifier [0x0x1016242+234258]
	GetHandleVerifier [0x0x1006208+168664]
	GetHandleVerifier [0x0x100d1ad+197245]
	GetHandleVerifier [0x0xff55f8+100040]
	GetHandleVerifier [0x0xff5792+100450]
	GetHandleVerifier [0x0xfdf74a+10266]
	BaseThreadInitThunk [0x0x76995d49+25]
	RtlInitializeExceptionChain [0x0x77e0d6db+107]
	RtlGetAppContainerNamedObjectPath [0x0x77e0d661+561]
Traceback (most recent call last):
  File "c:\Users\mvasq\OneDrive\Documentos\ucampus_wrapped\core\scrapper\ucursos.py", line 166, in data_actas
    table = driver.find_element(By.CSS_SELECTOR, "table.detalle")
  File "c:\Users\mvasq\OneDrive\Documentos\ucampus_wrapped\.venv\lib\site-packages\selenium\webdriver\remote\webdriver.py", line 922, in find_element
    return self.execute(Command.FIND_ELEMENT, {"using": by, "value": value})["value"]
  File "c:\Users\mvasq\OneDrive\Documentos\ucampus_wrapped\.venv\lib\site-packages\selenium\webdriver\remote\webdriver.py", line 454, in execute
    self.error_handler.check_response(response)
  File "c:\Users\mvasq\OneDrive\Documentos\ucampus_wrapped\.venv\lib\site-packages\selenium\webdriver\remote\errorhandler.py", line 232, in check_response
    raise exception_class(message, screen, stacktrace)
selenium.common.exceptions.NoSuchElementException: Message: no such element: Unable to locate element: {"method":"css selector","selector":"table.detalle"}
  (Session info: chrome=140.0.7339.128); For documentation on this error, please visit: https://www.selenium.dev/documentation/webdriver/troubleshooting/errors#nosuchelementexception
Stacktrace:
	GetHandleVerifier [0x0xfed2a3+66419]
	GetHandleVerifier [0x0xfed2e4+66484]
	(No symbol) [0x0xdc4bd3]
	(No symbol) [0x0xe0e958]
	(No symbol) [0x0xe0ecfb]
	(No symbol) [0x0xe55152]
	(No symbol) [0x0xe31064]
	(No symbol) [0x0xe528a1]
	(No symbol) [0x0xe30e16]
	(No symbol) [0x0xe025ce]
	(No symbol) [0x0xe034a4]
	GetHandleVerifier [0x0x1235ee3+2461619]
	GetHandleVerifier [0x0x1230f66+2441270]
	GetHandleVerifier [0x0x1016242+234258]
	GetHandleVerifier [0x0x1006208+168664]
	GetHandleVerifier [0x0x100d1ad+197245]
	GetHandleVerifier [0x0xff55f8+100040]
	GetHandleVerifier [0x0xff5792+100450]
	GetHandleVerifier [0x0xfdf74a+10266]
	BaseThreadInitThunk [0x0x76995d49+25]
	RtlInitializeExceptionChain [0x0x77e0d6db+107]
	RtlGetAppContainerNamedObjectPath [0x0x77e0d661+561]

2025-09-15 10:46:18 - ERROR - âŒ Error cargando pÃ¡gina de acta: Message: no such element: Unable to locate element: {"method":"css selector","selector":"table.detalle"}
  (Session info: chrome=140.0.7339.128); For documentation on this error, please visit: https://www.selenium.dev/documentation/webdriver/troubleshooting/errors#nosuchelementexception
Stacktrace:
	GetHandleVerifier [0x0xfed2a3+66419]
	GetHandleVerifier [0x0xfed2e4+66484]
	(No symbol) [0x0xdc4bd3]
	(No symbol) [0x0xe0e958]
	(No symbol) [0x0xe0ecfb]
	(No symbol) [0x0xe55152]
	(No symbol) [0x0xe31064]
	(No symbol) [0x0xe528a1]
	(No symbol) [0x0xe30e16]
	(No symbol) [0x0xe025ce]
	(No symbol) [0x0xe034a4]
	GetHandleVerifier [0x0x1235ee3+2461619]
	GetHandleVerifier [0x0x1230f66+2441270]
	GetHandleVerifier [0x0x1016242+234258]
	GetHandleVerifier [0x0x1006208+168664]
	GetHandleVerifier [0x0x100d1ad+197245]
	GetHandleVerifier [0x0xff55f8+100040]
	GetHandleVerifier [0x0xff5792+100450]
	GetHandleVerifier [0x0xfdf74a+10266]
	BaseThreadInitThunk [0x0x76995d49+25]
	RtlInitializeExceptionChain [0x0x77e0d6db+107]
	RtlGetAppContainerNamedObjectPath [0x0x77e0d661+561]
Traceback (most recent call last):
  File "c:\Users\mvasq\OneDrive\Documentos\ucampus_wrapped\core\scrapper\ucursos.py", line 166, in data_actas
    table = driver.find_element(By.CSS_SELECTOR, "table.detalle")
  File "c:\Users\mvasq\OneDrive\Documentos\ucampus_wrapped\.venv\lib\site-packages\selenium\webdriver\remote\webdriver.py", line 922, in find_element
    return self.execute(Command.FIND_ELEMENT, {"using": by, "value": value})["value"]
  File "c:\Users\mvasq\OneDrive\Documentos\ucampus_wrapped\.venv\lib\site-packages\selenium\webdriver\remote\webdriver.py", line 454, in execute
    self.error_handler.check_response(response)
  File "c:\Users\mvasq\OneDrive\Documentos\ucampus_wrapped\.venv\lib\site-packages\selenium\webdriver\remote\errorhandler.py", line 232, in check_response
    raise exception_class(message, screen, stacktrace)
selenium.common.exceptions.NoSuchElementException: Message: no such element: Unable to locate element: {"method":"css selector","selector":"table.detalle"}
  (Session info: chrome=140.0.7339.128); For documentation on this error, please visit: https://www.selenium.dev/documentation/webdriver/troubleshooting/errors#nosuchelementexception
Stacktrace:
	GetHandleVerifier [0x0xfed2a3+66419]
	GetHandleVerifier [0x0xfed2e4+66484]
	(No symbol) [0x0xdc4bd3]
	(No symbol) [0x0xe0e958]
	(No symbol) [0x0xe0ecfb]
	(No symbol) [0x0xe55152]
	(No symbol) [0x0xe31064]
	(No symbol) [0x0xe528a1]
	(No symbol) [0x0xe30e16]
	(No symbol) [0x0xe025ce]
	(No symbol) [0x0xe034a4]
	GetHandleVerifier [0x0x1235ee3+2461619]
	GetHandleVerifier [0x0x1230f66+2441270]
	GetHandleVerifier [0x0x1016242+234258]
	GetHandleVerifier [0x0x1006208+168664]
	GetHandleVerifier [0x0x100d1ad+197245]
	GetHandleVerifier [0x0xff55f8+100040]
	GetHandleVerifier [0x0xff5792+100450]
	GetHandleVerifier [0x0xfdf74a+10266]
	BaseThreadInitThunk [0x0x76995d49+25]
	RtlInitializeExceptionChain [0x0x77e0d6db+107]
	RtlGetAppContainerNamedObjectPath [0x0x77e0d661+561]

2025-09-15 10:46:20 - ERROR - âŒ Error cargando pÃ¡gina de acta: Message: no such element: Unable to locate element: {"method":"css selector","selector":"table.detalle"}
  (Session info: chrome=140.0.7339.128); For documentation on this error, please visit: https://www.selenium.dev/documentation/webdriver/troubleshooting/errors#nosuchelementexception
Stacktrace:
	GetHandleVerifier [0x0xfed2a3+66419]
	GetHandleVerifier [0x0xfed2e4+66484]
	(No symbol) [0x0xdc4bd3]
	(No symbol) [0x0xe0e958]
	(No symbol) [0x0xe0ecfb]
	(No symbol) [0x0xe55152]
	(No symbol) [0x0xe31064]
	(No symbol) [0x0xe528a1]
	(No symbol) [0x0xe30e16]
	(No symbol) [0x0xe025ce]
	(No symbol) [0x0xe034a4]
	GetHandleVerifier [0x0x1235ee3+2461619]
	GetHandleVerifier [0x0x1230f66+2441270]
	GetHandleVerifier [0x0x1016242+234258]
	GetHandleVerifier [0x0x1006208+168664]
	GetHandleVerifier [0x0x100d1ad+197245]
	GetHandleVerifier [0x0xff55f8+100040]
	GetHandleVerifier [0x0xff5792+100450]
	GetHandleVerifier [0x0xfdf74a+10266]
	BaseThreadInitThunk [0x0x76995d49+25]
	RtlInitializeExceptionChain [0x0x77e0d6db+107]
	RtlGetAppContainerNamedObjectPath [0x0x77e0d661+561]
Traceback (most recent call last):
  File "c:\Users\mvasq\OneDrive\Documentos\ucampus_wrapped\core\scrapper\ucursos.py", line 166, in data_actas
    table = driver.find_element(By.CSS_SELECTOR, "table.detalle")
  File "c:\Users\mvasq\OneDrive\Documentos\ucampus_wrapped\.venv\lib\site-packages\selenium\webdriver\remote\webdriver.py", line 922, in find_element
    return self.execute(Command.FIND_ELEMENT, {"using": by, "value": value})["value"]
  File "c:\Users\mvasq\OneDrive\Documentos\ucampus_wrapped\.venv\lib\site-packages\selenium\webdriver\remote\webdriver.py", line 454, in execute
    self.error_handler.check_response(response)
  File "c:\Users\mvasq\OneDrive\Documentos\ucampus_wrapped\.venv\lib\site-packages\selenium\webdriver\remote\errorhandler.py", line 232, in check_response
    raise exception_class(message, screen, stacktrace)
selenium.common.exceptions.NoSuchElementException: Message: no such element: Unable to locate element: {"method":"css selector","selector":"table.detalle"}
  (Session info: chrome=140.0.7339.128); For documentation on this error, please visit: https://www.selenium.dev/documentation/webdriver/troubleshooting/errors#nosuchelementexception
Stacktrace:
	GetHandleVerifier [0x0xfed2a3+66419]
	GetHandleVerifier [0x0xfed2e4+66484]
	(No symbol) [0x0xdc4bd3]
	(No symbol) [0x0xe0e958]
	(No symbol) [0x0xe0ecfb]
	(No symbol) [0x0xe55152]
	(No symbol) [0x0xe31064]
	(No symbol) [0x0xe528a1]
	(No symbol) [0x0xe30e16]
	(No symbol) [0x0xe025ce]
	(No symbol) [0x0xe034a4]
	GetHandleVerifier [0x0x1235ee3+2461619]
	GetHandleVerifier [0x0x1230f66+2441270]
	GetHandleVerifier [0x0x1016242+234258]
	GetHandleVerifier [0x0x1006208+168664]
	GetHandleVerifier [0x0x100d1ad+197245]
	GetHandleVerifier [0x0xff55f8+100040]
	GetHandleVerifier [0x0xff5792+100450]
	GetHandleVerifier [0x0xfdf74a+10266]
	BaseThreadInitThunk [0x0x76995d49+25]
	RtlInitializeExceptionChain [0x0x77e0d6db+107]
	RtlGetAppContainerNamedObjectPath [0x0x77e0d661+561]

2025-09-15 10:46:22 - ERROR - âŒ Error cargando pÃ¡gina de acta: Message: no such element: Unable to locate element: {"method":"css selector","selector":"table.detalle"}
  (Session info: chrome=140.0.7339.128); For documentation on this error, please visit: https://www.selenium.dev/documentation/webdriver/troubleshooting/errors#nosuchelementexception
Stacktrace:
	GetHandleVerifier [0x0xfed2a3+66419]
	GetHandleVerifier [0x0xfed2e4+66484]
	(No symbol) [0x0xdc4bd3]
	(No symbol) [0x0xe0e958]
	(No symbol) [0x0xe0ecfb]
	(No symbol) [0x0xe55152]
	(No symbol) [0x0xe31064]
	(No symbol) [0x0xe528a1]
	(No symbol) [0x0xe30e16]
	(No symbol) [0x0xe025ce]
	(No symbol) [0x0xe034a4]
	GetHandleVerifier [0x0x1235ee3+2461619]
	GetHandleVerifier [0x0x1230f66+2441270]
	GetHandleVerifier [0x0x1016242+234258]
	GetHandleVerifier [0x0x1006208+168664]
	GetHandleVerifier [0x0x100d1ad+197245]
	GetHandleVerifier [0x0xff55f8+100040]
	GetHandleVerifier [0x0xff5792+100450]
	GetHandleVerifier [0x0xfdf74a+10266]
	BaseThreadInitThunk [0x0x76995d49+25]
	RtlInitializeExceptionChain [0x0x77e0d6db+107]
	RtlGetAppContainerNamedObjectPath [0x0x77e0d661+561]
Traceback (most recent call last):
  File "c:\Users\mvasq\OneDrive\Documentos\ucampus_wrapped\core\scrapper\ucursos.py", line 166, in data_actas
    table = driver.find_element(By.CSS_SELECTOR, "table.detalle")
  File "c:\Users\mvasq\OneDrive\Documentos\ucampus_wrapped\.venv\lib\site-packages\selenium\webdriver\remote\webdriver.py", line 922, in find_element
    return self.execute(Command.FIND_ELEMENT, {"using": by, "value": value})["value"]
  File "c:\Users\mvasq\OneDrive\Documentos\ucampus_wrapped\.venv\lib\site-packages\selenium\webdriver\remote\webdriver.py", line 454, in execute
    self.error_handler.check_response(response)
  File "c:\Users\mvasq\OneDrive\Documentos\ucampus_wrapped\.venv\lib\site-packages\selenium\webdriver\remote\errorhandler.py", line 232, in check_response
    raise exception_class(message, screen, stacktrace)
selenium.common.exceptions.NoSuchElementException: Message: no such element: Unable to locate element: {"method":"css selector","selector":"table.detalle"}
  (Session info: chrome=140.0.7339.128); For documentation on this error, please visit: https://www.selenium.dev/documentation/webdriver/troubleshooting/errors#nosuchelementexception
Stacktrace:
	GetHandleVerifier [0x0xfed2a3+66419]
	GetHandleVerifier [0x0xfed2e4+66484]
	(No symbol) [0x0xdc4bd3]
	(No symbol) [0x0xe0e958]
	(No symbol) [0x0xe0ecfb]
	(No symbol) [0x0xe55152]
	(No symbol) [0x0xe31064]
	(No symbol) [0x0xe528a1]
	(No symbol) [0x0xe30e16]
	(No symbol) [0x0xe025ce]
	(No symbol) [0x0xe034a4]
	GetHandleVerifier [0x0x1235ee3+2461619]
	GetHandleVerifier [0x0x1230f66+2441270]
	GetHandleVerifier [0x0x1016242+234258]
	GetHandleVerifier [0x0x1006208+168664]
	GetHandleVerifier [0x0x100d1ad+197245]
	GetHandleVerifier [0x0xff55f8+100040]
	GetHandleVerifier [0x0xff5792+100450]
	GetHandleVerifier [0x0xfdf74a+10266]
	BaseThreadInitThunk [0x0x76995d49+25]
	RtlInitializeExceptionChain [0x0x77e0d6db+107]
	RtlGetAppContainerNamedObjectPath [0x0x77e0d661+561]

2025-09-15 10:46:24 - ERROR - âŒ Error cargando pÃ¡gina de acta: Message: no such element: Unable to locate element: {"method":"css selector","selector":"table.detalle"}
  (Session info: chrome=140.0.7339.128); For documentation on this error, please visit: https://www.selenium.dev/documentation/webdriver/troubleshooting/errors#nosuchelementexception
Stacktrace:
	GetHandleVerifier [0x0xfed2a3+66419]
	GetHandleVerifier [0x0xfed2e4+66484]
	(No symbol) [0x0xdc4bd3]
	(No symbol) [0x0xe0e958]
	(No symbol) [0x0xe0ecfb]
	(No symbol) [0x0xe55152]
	(No symbol) [0x0xe31064]
	(No symbol) [0x0xe528a1]
	(No symbol) [0x0xe30e16]
	(No symbol) [0x0xe025ce]
	(No symbol) [0x0xe034a4]
	GetHandleVerifier [0x0x1235ee3+2461619]
	GetHandleVerifier [0x0x1230f66+2441270]
	GetHandleVerifier [0x0x1016242+234258]
	GetHandleVerifier [0x0x1006208+168664]
	GetHandleVerifier [0x0x100d1ad+197245]
	GetHandleVerifier [0x0xff55f8+100040]
	GetHandleVerifier [0x0xff5792+100450]
	GetHandleVerifier [0x0xfdf74a+10266]
	BaseThreadInitThunk [0x0x76995d49+25]
	RtlInitializeExceptionChain [0x0x77e0d6db+107]
	RtlGetAppContainerNamedObjectPath [0x0x77e0d661+561]
Traceback (most recent call last):
  File "c:\Users\mvasq\OneDrive\Documentos\ucampus_wrapped\core\scrapper\ucursos.py", line 166, in data_actas
    table = driver.find_element(By.CSS_SELECTOR, "table.detalle")
  File "c:\Users\mvasq\OneDrive\Documentos\ucampus_wrapped\.venv\lib\site-packages\selenium\webdriver\remote\webdriver.py", line 922, in find_element
    return self.execute(Command.FIND_ELEMENT, {"using": by, "value": value})["value"]
  File "c:\Users\mvasq\OneDrive\Documentos\ucampus_wrapped\.venv\lib\site-packages\selenium\webdriver\remote\webdriver.py", line 454, in execute
    self.error_handler.check_response(response)
  File "c:\Users\mvasq\OneDrive\Documentos\ucampus_wrapped\.venv\lib\site-packages\selenium\webdriver\remote\errorhandler.py", line 232, in check_response
    raise exception_class(message, screen, stacktrace)
selenium.common.exceptions.NoSuchElementException: Message: no such element: Unable to locate element: {"method":"css selector","selector":"table.detalle"}
  (Session info: chrome=140.0.7339.128); For documentation on this error, please visit: https://www.selenium.dev/documentation/webdriver/troubleshooting/errors#nosuchelementexception
Stacktrace:
	GetHandleVerifier [0x0xfed2a3+66419]
	GetHandleVerifier [0x0xfed2e4+66484]
	(No symbol) [0x0xdc4bd3]
	(No symbol) [0x0xe0e958]
	(No symbol) [0x0xe0ecfb]
	(No symbol) [0x0xe55152]
	(No symbol) [0x0xe31064]
	(No symbol) [0x0xe528a1]
	(No symbol) [0x0xe30e16]
	(No symbol) [0x0xe025ce]
	(No symbol) [0x0xe034a4]
	GetHandleVerifier [0x0x1235ee3+2461619]
	GetHandleVerifier [0x0x1230f66+2441270]
	GetHandleVerifier [0x0x1016242+234258]
	GetHandleVerifier [0x0x1006208+168664]
	GetHandleVerifier [0x0x100d1ad+197245]
	GetHandleVerifier [0x0xff55f8+100040]
	GetHandleVerifier [0x0xff5792+100450]
	GetHandleVerifier [0x0xfdf74a+10266]
	BaseThreadInitThunk [0x0x76995d49+25]
	RtlInitializeExceptionChain [0x0x77e0d6db+107]
	RtlGetAppContainerNamedObjectPath [0x0x77e0d661+561]

2025-09-15 10:46:26 - ERROR - âŒ Error cargando pÃ¡gina de acta: Message: no such element: Unable to locate element: {"method":"css selector","selector":"table.detalle"}
  (Session info: chrome=140.0.7339.128); For documentation on this error, please visit: https://www.selenium.dev/documentation/webdriver/troubleshooting/errors#nosuchelementexception
Stacktrace:
	GetHandleVerifier [0x0xfed2a3+66419]
	GetHandleVerifier [0x0xfed2e4+66484]
	(No symbol) [0x0xdc4bd3]
	(No symbol) [0x0xe0e958]
	(No symbol) [0x0xe0ecfb]
	(No symbol) [0x0xe55152]
	(No symbol) [0x0xe31064]
	(No symbol) [0x0xe528a1]
	(No symbol) [0x0xe30e16]
	(No symbol) [0x0xe025ce]
	(No symbol) [0x0xe034a4]
	GetHandleVerifier [0x0x1235ee3+2461619]
	GetHandleVerifier [0x0x1230f66+2441270]
	GetHandleVerifier [0x0x1016242+234258]
	GetHandleVerifier [0x0x1006208+168664]
	GetHandleVerifier [0x0x100d1ad+197245]
	GetHandleVerifier [0x0xff55f8+100040]
	GetHandleVerifier [0x0xff5792+100450]
	GetHandleVerifier [0x0xfdf74a+10266]
	BaseThreadInitThunk [0x0x76995d49+25]
	RtlInitializeExceptionChain [0x0x77e0d6db+107]
	RtlGetAppContainerNamedObjectPath [0x0x77e0d661+561]
Traceback (most recent call last):
  File "c:\Users\mvasq\OneDrive\Documentos\ucampus_wrapped\core\scrapper\ucursos.py", line 166, in data_actas
    table = driver.find_element(By.CSS_SELECTOR, "table.detalle")
  File "c:\Users\mvasq\OneDrive\Documentos\ucampus_wrapped\.venv\lib\site-packages\selenium\webdriver\remote\webdriver.py", line 922, in find_element
    return self.execute(Command.FIND_ELEMENT, {"using": by, "value": value})["value"]
  File "c:\Users\mvasq\OneDrive\Documentos\ucampus_wrapped\.venv\lib\site-packages\selenium\webdriver\remote\webdriver.py", line 454, in execute
    self.error_handler.check_response(response)
  File "c:\Users\mvasq\OneDrive\Documentos\ucampus_wrapped\.venv\lib\site-packages\selenium\webdriver\remote\errorhandler.py", line 232, in check_response
    raise exception_class(message, screen, stacktrace)
selenium.common.exceptions.NoSuchElementException: Message: no such element: Unable to locate element: {"method":"css selector","selector":"table.detalle"}
  (Session info: chrome=140.0.7339.128); For documentation on this error, please visit: https://www.selenium.dev/documentation/webdriver/troubleshooting/errors#nosuchelementexception
Stacktrace:
	GetHandleVerifier [0x0xfed2a3+66419]
	GetHandleVerifier [0x0xfed2e4+66484]
	(No symbol) [0x0xdc4bd3]
	(No symbol) [0x0xe0e958]
	(No symbol) [0x0xe0ecfb]
	(No symbol) [0x0xe55152]
	(No symbol) [0x0xe31064]
	(No symbol) [0x0xe528a1]
	(No symbol) [0x0xe30e16]
	(No symbol) [0x0xe025ce]
	(No symbol) [0x0xe034a4]
	GetHandleVerifier [0x0x1235ee3+2461619]
	GetHandleVerifier [0x0x1230f66+2441270]
	GetHandleVerifier [0x0x1016242+234258]
	GetHandleVerifier [0x0x1006208+168664]
	GetHandleVerifier [0x0x100d1ad+197245]
	GetHandleVerifier [0x0xff55f8+100040]
	GetHandleVerifier [0x0xff5792+100450]
	GetHandleVerifier [0x0xfdf74a+10266]
	BaseThreadInitThunk [0x0x76995d49+25]
	RtlInitializeExceptionChain [0x0x77e0d6db+107]
	RtlGetAppContainerNamedObjectPath [0x0x77e0d661+561]

2025-09-15 10:46:29 - ERROR - âŒ Error cargando pÃ¡gina de acta: Message: no such element: Unable to locate element: {"method":"css selector","selector":"table.detalle"}
  (Session info: chrome=140.0.7339.128); For documentation on this error, please visit: https://www.selenium.dev/documentation/webdriver/troubleshooting/errors#nosuchelementexception
Stacktrace:
	GetHandleVerifier [0x0xfed2a3+66419]
	GetHandleVerifier [0x0xfed2e4+66484]
	(No symbol) [0x0xdc4bd3]
	(No symbol) [0x0xe0e958]
	(No symbol) [0x0xe0ecfb]
	(No symbol) [0x0xe55152]
	(No symbol) [0x0xe31064]
	(No symbol) [0x0xe528a1]
	(No symbol) [0x0xe30e16]
	(No symbol) [0x0xe025ce]
	(No symbol) [0x0xe034a4]
	GetHandleVerifier [0x0x1235ee3+2461619]
	GetHandleVerifier [0x0x1230f66+2441270]
	GetHandleVerifier [0x0x1016242+234258]
	GetHandleVerifier [0x0x1006208+168664]
	GetHandleVerifier [0x0x100d1ad+197245]
	GetHandleVerifier [0x0xff55f8+100040]
	GetHandleVerifier [0x0xff5792+100450]
	GetHandleVerifier [0x0xfdf74a+10266]
	BaseThreadInitThunk [0x0x76995d49+25]
	RtlInitializeExceptionChain [0x0x77e0d6db+107]
	RtlGetAppContainerNamedObjectPath [0x0x77e0d661+561]
Traceback (most recent call last):
  File "c:\Users\mvasq\OneDrive\Documentos\ucampus_wrapped\core\scrapper\ucursos.py", line 166, in data_actas
    table = driver.find_element(By.CSS_SELECTOR, "table.detalle")
  File "c:\Users\mvasq\OneDrive\Documentos\ucampus_wrapped\.venv\lib\site-packages\selenium\webdriver\remote\webdriver.py", line 922, in find_element
    return self.execute(Command.FIND_ELEMENT, {"using": by, "value": value})["value"]
  File "c:\Users\mvasq\OneDrive\Documentos\ucampus_wrapped\.venv\lib\site-packages\selenium\webdriver\remote\webdriver.py", line 454, in execute
    self.error_handler.check_response(response)
  File "c:\Users\mvasq\OneDrive\Documentos\ucampus_wrapped\.venv\lib\site-packages\selenium\webdriver\remote\errorhandler.py", line 232, in check_response
    raise exception_class(message, screen, stacktrace)
selenium.common.exceptions.NoSuchElementException: Message: no such element: Unable to locate element: {"method":"css selector","selector":"table.detalle"}
  (Session info: chrome=140.0.7339.128); For documentation on this error, please visit: https://www.selenium.dev/documentation/webdriver/troubleshooting/errors#nosuchelementexception
Stacktrace:
	GetHandleVerifier [0x0xfed2a3+66419]
	GetHandleVerifier [0x0xfed2e4+66484]
	(No symbol) [0x0xdc4bd3]
	(No symbol) [0x0xe0e958]
	(No symbol) [0x0xe0ecfb]
	(No symbol) [0x0xe55152]
	(No symbol) [0x0xe31064]
	(No symbol) [0x0xe528a1]
	(No symbol) [0x0xe30e16]
	(No symbol) [0x0xe025ce]
	(No symbol) [0x0xe034a4]
	GetHandleVerifier [0x0x1235ee3+2461619]
	GetHandleVerifier [0x0x1230f66+2441270]
	GetHandleVerifier [0x0x1016242+234258]
	GetHandleVerifier [0x0x1006208+168664]
	GetHandleVerifier [0x0x100d1ad+197245]
	GetHandleVerifier [0x0xff55f8+100040]
	GetHandleVerifier [0x0xff5792+100450]
	GetHandleVerifier [0x0xfdf74a+10266]
	BaseThreadInitThunk [0x0x76995d49+25]
	RtlInitializeExceptionChain [0x0x77e0d6db+107]
	RtlGetAppContainerNamedObjectPath [0x0x77e0d661+561]

2025-09-15 10:46:31 - ERROR - âŒ Error cargando pÃ¡gina de acta: Message: no such element: Unable to locate element: {"method":"css selector","selector":"table.detalle"}
  (Session info: chrome=140.0.7339.128); For documentation on this error, please visit: https://www.selenium.dev/documentation/webdriver/troubleshooting/errors#nosuchelementexception
Stacktrace:
	GetHandleVerifier [0x0xfed2a3+66419]
	GetHandleVerifier [0x0xfed2e4+66484]
	(No symbol) [0x0xdc4bd3]
	(No symbol) [0x0xe0e958]
	(No symbol) [0x0xe0ecfb]
	(No symbol) [0x0xe55152]
	(No symbol) [0x0xe31064]
	(No symbol) [0x0xe528a1]
	(No symbol) [0x0xe30e16]
	(No symbol) [0x0xe025ce]
	(No symbol) [0x0xe034a4]
	GetHandleVerifier [0x0x1235ee3+2461619]
	GetHandleVerifier [0x0x1230f66+2441270]
	GetHandleVerifier [0x0x1016242+234258]
	GetHandleVerifier [0x0x1006208+168664]
	GetHandleVerifier [0x0x100d1ad+197245]
	GetHandleVerifier [0x0xff55f8+100040]
	GetHandleVerifier [0x0xff5792+100450]
	GetHandleVerifier [0x0xfdf74a+10266]
	BaseThreadInitThunk [0x0x76995d49+25]
	RtlInitializeExceptionChain [0x0x77e0d6db+107]
	RtlGetAppContainerNamedObjectPath [0x0x77e0d661+561]
Traceback (most recent call last):
  File "c:\Users\mvasq\OneDrive\Documentos\ucampus_wrapped\core\scrapper\ucursos.py", line 166, in data_actas
    table = driver.find_element(By.CSS_SELECTOR, "table.detalle")
  File "c:\Users\mvasq\OneDrive\Documentos\ucampus_wrapped\.venv\lib\site-packages\selenium\webdriver\remote\webdriver.py", line 922, in find_element
    return self.execute(Command.FIND_ELEMENT, {"using": by, "value": value})["value"]
  File "c:\Users\mvasq\OneDrive\Documentos\ucampus_wrapped\.venv\lib\site-packages\selenium\webdriver\remote\webdriver.py", line 454, in execute
    self.error_handler.check_response(response)
  File "c:\Users\mvasq\OneDrive\Documentos\ucampus_wrapped\.venv\lib\site-packages\selenium\webdriver\remote\errorhandler.py", line 232, in check_response
    raise exception_class(message, screen, stacktrace)
selenium.common.exceptions.NoSuchElementException: Message: no such element: Unable to locate element: {"method":"css selector","selector":"table.detalle"}
  (Session info: chrome=140.0.7339.128); For documentation on this error, please visit: https://www.selenium.dev/documentation/webdriver/troubleshooting/errors#nosuchelementexception
Stacktrace:
	GetHandleVerifier [0x0xfed2a3+66419]
	GetHandleVerifier [0x0xfed2e4+66484]
	(No symbol) [0x0xdc4bd3]
	(No symbol) [0x0xe0e958]
	(No symbol) [0x0xe0ecfb]
	(No symbol) [0x0xe55152]
	(No symbol) [0x0xe31064]
	(No symbol) [0x0xe528a1]
	(No symbol) [0x0xe30e16]
	(No symbol) [0x0xe025ce]
	(No symbol) [0x0xe034a4]
	GetHandleVerifier [0x0x1235ee3+2461619]
	GetHandleVerifier [0x0x1230f66+2441270]
	GetHandleVerifier [0x0x1016242+234258]
	GetHandleVerifier [0x0x1006208+168664]
	GetHandleVerifier [0x0x100d1ad+197245]
	GetHandleVerifier [0x0xff55f8+100040]
	GetHandleVerifier [0x0xff5792+100450]
	GetHandleVerifier [0x0xfdf74a+10266]
	BaseThreadInitThunk [0x0x76995d49+25]
	RtlInitializeExceptionChain [0x0x77e0d6db+107]
	RtlGetAppContainerNamedObjectPath [0x0x77e0d661+561]

2025-09-15 10:46:31 - INFO - â„¹ï¸ï¸ Total de actas registradas: 483
2025-09-15 10:46:31 - INFO - âœ… RecuperaciÃ³n de estadÃ­sticas de actas finalizada
2025-09-15 10:46:31 - INFO - âœ… ExtracciÃ³n de datos de u-cursos completada
2025-09-15 10:46:31 - INFO - ğŸ’¾ Excel creado: c:\Users\mvasq\OneDrive\Documentos\ucampus_wrapped\data\data_UCURSOS_19842174K.xlsx
2025-09-15 10:46:34 - INFO - ğŸš€ Iniciando identificaciÃ³n de Acta Milagrosa...
2025-09-15 10:46:34 - ERROR - âŒ Error cargando los datos: [Errno 2] No such file or directory: 'c:\\Users\\mvasq\\OneDrive\\Documentos\\ucampus_wrapped\\core\\datos\\output\\clean_data.xlsx'
Traceback (most recent call last):
  File "c:\Users\mvasq\OneDrive\Documentos\ucampus_wrapped\core\cleaner\acta_milagrosa.py", line 41, in load_acta_data
    data = pd.read_excel(file_path, sheet_name)
  File "c:\Users\mvasq\OneDrive\Documentos\ucampus_wrapped\.venv\lib\site-packages\pandas\io\excel\_base.py", line 495, in read_excel
    io = ExcelFile(
  File "c:\Users\mvasq\OneDrive\Documentos\ucampus_wrapped\.venv\lib\site-packages\pandas\io\excel\_base.py", line 1550, in __init__
    ext = inspect_excel_format(
  File "c:\Users\mvasq\OneDrive\Documentos\ucampus_wrapped\.venv\lib\site-packages\pandas\io\excel\_base.py", line 1402, in inspect_excel_format
    with get_handle(
  File "c:\Users\mvasq\OneDrive\Documentos\ucampus_wrapped\.venv\lib\site-packages\pandas\io\common.py", line 882, in get_handle
    handle = open(handle, ioargs.mode)
FileNotFoundError: [Errno 2] No such file or directory: 'c:\\Users\\mvasq\\OneDrive\\Documentos\\ucampus_wrapped\\core\\datos\\output\\clean_data.xlsx'
2025-09-15 10:46:34 - INFO - ğŸ“¦ Filtrando evaluaciones para los exÃ¡menes
2025-09-15 10:58:38 - INFO - ğŸš€ Iniciando identificaciÃ³n de Acta Milagrosa...
2025-09-15 10:58:38 - ERROR - âŒ Error cargando los datos: [Errno 2] No such file or directory: 'c:\\Users\\mvasq\\OneDrive\\Documentos\\ucampus_wrapped\\core\\datos\\output\\clean_data.xlsx'
Traceback (most recent call last):
  File "c:\Users\mvasq\OneDrive\Documentos\ucampus_wrapped\core\cleaner\acta_milagrosa.py", line 41, in load_acta_data
    data = pd.read_excel(file_path, sheet_name)
  File "c:\Users\mvasq\OneDrive\Documentos\ucampus_wrapped\.venv\lib\site-packages\pandas\io\excel\_base.py", line 495, in read_excel
    io = ExcelFile(
  File "c:\Users\mvasq\OneDrive\Documentos\ucampus_wrapped\.venv\lib\site-packages\pandas\io\excel\_base.py", line 1550, in __init__
    ext = inspect_excel_format(
  File "c:\Users\mvasq\OneDrive\Documentos\ucampus_wrapped\.venv\lib\site-packages\pandas\io\excel\_base.py", line 1402, in inspect_excel_format
    with get_handle(
  File "c:\Users\mvasq\OneDrive\Documentos\ucampus_wrapped\.venv\lib\site-packages\pandas\io\common.py", line 882, in get_handle
    handle = open(handle, ioargs.mode)
FileNotFoundError: [Errno 2] No such file or directory: 'c:\\Users\\mvasq\\OneDrive\\Documentos\\ucampus_wrapped\\core\\datos\\output\\clean_data.xlsx'
2025-09-15 10:58:38 - INFO - ğŸ“¦ Filtrando evaluaciones para los exÃ¡menes
2025-09-15 10:58:59 - INFO - ğŸš€ Iniciando identificaciÃ³n de Acta Milagrosa...
2025-09-15 10:58:59 - INFO - âœ… Datos cargados para identificar Acta Milagrosa (clean_data.xlsx - Sheet: Evaluaciones). 
2025-09-15 10:58:59 - INFO - ğŸ“¦ Filtrando evaluaciones para los exÃ¡menes
2025-09-15 10:58:59 - INFO - âš ï¸ There are multiple exam entries for the same course. Please check the data.
2025-09-15 10:58:59 - INFO - â„¹ï¸ï¸Total de exÃ¡menes registrados: 21
2025-09-15 10:58:59 - INFO - âœ… Filtrado de exÃ¡menes completado.
2025-09-15 10:58:59 - INFO - âœ… Datos cargados para identificar Acta Milagrosa (clean_data.xlsx - Sheet: Evaluaciones). 
2025-09-15 10:58:59 - INFO - ğŸ“¦ Filtrando evaluaciones para las Notas de PresentaciÃ³n
2025-09-15 10:58:59 - INFO - ğŸ“¦ Cargando datos del Historial para estimar Notas de PresentaciÃ³n faltantes
2025-09-15 10:58:59 - INFO - âœ… Datos cargados para identificar Acta Milagrosa (clean_data.xlsx - Sheet: Historial). 
2025-09-15 10:58:59 - INFO - â„¹ï¸ï¸Total de Notas de PresentaciÃ³n: 17
2025-09-15 10:58:59 - INFO - âœ… CÃ¡lculo de Notas de PresentaciÃ³n completado.
2025-09-15 10:58:59 - INFO - â„¹ï¸ï¸Total de candidatos a Acta Milagrosa: 9
2025-09-15 10:58:59 - INFO - âœ… IdentificaciÃ³n de candidatos a Acta Milagrosa completada.
2025-09-15 10:58:59 - INFO - â„¹ï¸ï¸ Identificando Acta Milagrosa...
2025-09-15 10:58:59 - INFO - âœ… Acta Milagrosa identificada.
2025-09-15 10:58:59 - INFO - â„¹ï¸ï¸ Total de filas en Acta Milagrosa: 0
2025-09-15 10:58:59 - INFO - âœ… Proceso de identificaciÃ³n de Acta Milagrosa completado.
2025-09-15 11:02:16 - INFO - ğŸš€ Iniciando identificaciÃ³n de Acta Milagrosa...
2025-09-15 11:02:16 - INFO - âœ… Datos cargados para identificar Acta Milagrosa (clean_data.xlsx - Sheet: Evaluaciones). 
2025-09-15 11:02:16 - INFO - ğŸ“¦ Filtrando evaluaciones para los exÃ¡menes
2025-09-15 11:02:16 - INFO - âš ï¸ There are multiple exam entries for the same course. Please check the data.
2025-09-15 11:02:16 - INFO - â„¹ï¸ï¸Total de exÃ¡menes registrados: 21
2025-09-15 11:02:16 - INFO - âœ… Filtrado de exÃ¡menes completado.
2025-09-15 11:02:16 - INFO - âœ… Datos cargados para identificar Acta Milagrosa (clean_data.xlsx - Sheet: Evaluaciones). 
2025-09-15 11:02:16 - INFO - ğŸ“¦ Filtrando evaluaciones para las Notas de PresentaciÃ³n
2025-09-15 11:02:16 - INFO - ğŸ“¦ Cargando datos del Historial para estimar Notas de PresentaciÃ³n faltantes
2025-09-15 11:02:16 - INFO - âœ… Datos cargados para identificar Acta Milagrosa (clean_data.xlsx - Sheet: Historial). 
2025-09-15 11:02:16 - INFO - â„¹ï¸ï¸Total de Notas de PresentaciÃ³n: 17
2025-09-15 11:02:16 - INFO - âœ… CÃ¡lculo de Notas de PresentaciÃ³n completado.
2025-09-15 11:02:16 - INFO - â„¹ï¸ï¸Total de candidatos a Acta Milagrosa: 9
2025-09-15 11:02:16 - INFO - âœ… IdentificaciÃ³n de candidatos a Acta Milagrosa completada.
2025-09-15 11:02:16 - INFO - â„¹ï¸ï¸ Identificando Acta Milagrosa...
2025-09-15 11:02:16 - INFO - âœ… Acta Milagrosa identificada.
2025-09-15 11:02:16 - INFO - â„¹ï¸ï¸ Total de filas en Acta Milagrosa: 0
2025-09-15 11:02:16 - INFO - âœ… Proceso de identificaciÃ³n de Acta Milagrosa completado.
2025-09-15 11:02:37 - INFO - ğŸš€ Iniciando identificaciÃ³n de Acta Milagrosa...
2025-09-15 11:02:37 - INFO - âœ… Datos cargados para identificar Acta Milagrosa (clean_data.xlsx - Sheet: Evaluaciones). 
2025-09-15 11:02:37 - INFO - ğŸ“¦ Filtrando evaluaciones para los exÃ¡menes
2025-09-15 11:02:37 - INFO - âš ï¸ There are multiple exam entries for the same course. Please check the data.
2025-09-15 11:02:37 - INFO - â„¹ï¸ï¸Total de exÃ¡menes registrados: 21
2025-09-15 11:02:37 - INFO - âœ… Filtrado de exÃ¡menes completado.
2025-09-15 11:02:37 - INFO - âœ… Datos cargados para identificar Acta Milagrosa (clean_data.xlsx - Sheet: Evaluaciones). 
2025-09-15 11:02:37 - INFO - ğŸ“¦ Filtrando evaluaciones para las Notas de PresentaciÃ³n
2025-09-15 11:02:37 - INFO - ğŸ“¦ Cargando datos del Historial para estimar Notas de PresentaciÃ³n faltantes
2025-09-15 11:02:37 - INFO - âœ… Datos cargados para identificar Acta Milagrosa (clean_data.xlsx - Sheet: Historial). 
2025-09-15 11:02:37 - INFO - â„¹ï¸ï¸Total de Notas de PresentaciÃ³n: 17
2025-09-15 11:02:37 - INFO - âœ… CÃ¡lculo de Notas de PresentaciÃ³n completado.
2025-09-15 11:02:37 - INFO - â„¹ï¸ï¸Total de candidatos a Acta Milagrosa: 9
2025-09-15 11:02:37 - INFO - âœ… IdentificaciÃ³n de candidatos a Acta Milagrosa completada.
2025-09-15 11:02:37 - INFO - â„¹ï¸ï¸ Identificando Acta Milagrosa...
2025-09-15 11:02:37 - INFO - ğŸ“Œcurso_acta_milagrosa: IN4232
2025-09-15 11:02:37 - INFO - âœ… Acta Milagrosa identificada.
2025-09-15 11:02:37 - INFO - â„¹ï¸ï¸ Total de filas en Acta Milagrosa: 0
2025-09-15 11:02:37 - INFO - âœ… Proceso de identificaciÃ³n de Acta Milagrosa completado.
2025-09-15 11:04:05 - INFO - ğŸš€ Iniciando identificaciÃ³n de Acta Milagrosa...
2025-09-15 11:04:05 - INFO - âœ… Datos cargados para identificar Acta Milagrosa (clean_data.xlsx - Sheet: Evaluaciones). 
2025-09-15 11:04:05 - INFO - ğŸ“¦ Filtrando evaluaciones para los exÃ¡menes
2025-09-15 11:04:05 - INFO - âš ï¸ There are multiple exam entries for the same course. Please check the data.
2025-09-15 11:04:05 - INFO - â„¹ï¸ï¸Total de exÃ¡menes registrados: 21
2025-09-15 11:04:05 - INFO - âœ… Filtrado de exÃ¡menes completado.
2025-09-15 11:04:05 - INFO - âœ… Datos cargados para identificar Acta Milagrosa (clean_data.xlsx - Sheet: Evaluaciones). 
2025-09-15 11:04:05 - INFO - ğŸ“¦ Filtrando evaluaciones para las Notas de PresentaciÃ³n
2025-09-15 11:04:05 - INFO - ğŸ“¦ Cargando datos del Historial para estimar Notas de PresentaciÃ³n faltantes
2025-09-15 11:04:05 - INFO - âœ… Datos cargados para identificar Acta Milagrosa (clean_data.xlsx - Sheet: Historial). 
2025-09-15 11:04:05 - INFO - â„¹ï¸ï¸Total de Notas de PresentaciÃ³n: 17
2025-09-15 11:04:05 - INFO - âœ… CÃ¡lculo de Notas de PresentaciÃ³n completado.
2025-09-15 11:04:05 - INFO - â„¹ï¸ï¸Total de candidatos a Acta Milagrosa: 9
2025-09-15 11:04:05 - INFO - âœ… IdentificaciÃ³n de candidatos a Acta Milagrosa completada.
2025-09-15 11:04:05 - INFO - â„¹ï¸ï¸ Identificando Acta Milagrosa...
2025-09-15 11:04:05 - INFO - ğŸ“Œcurso_acta_milagrosa: IN4232
2025-09-15 11:04:05 - INFO - âœ… Acta Milagrosa identificada.
2025-09-15 11:04:05 - INFO - â„¹ï¸ï¸ Total de filas en Acta Milagrosa: 0
2025-09-15 11:04:05 - INFO - âœ… Proceso de identificaciÃ³n de Acta Milagrosa completado.
2025-09-15 11:04:33 - INFO - ğŸš€ Iniciando identificaciÃ³n de Acta Milagrosa...
2025-09-15 11:04:33 - INFO - âœ… Datos cargados para identificar Acta Milagrosa (clean_data.xlsx - Sheet: Evaluaciones). 
2025-09-15 11:04:33 - INFO - ğŸ“¦ Filtrando evaluaciones para los exÃ¡menes
2025-09-15 11:04:33 - INFO - âš ï¸ There are multiple exam entries for the same course. Please check the data.
2025-09-15 11:04:33 - INFO - â„¹ï¸ï¸Total de exÃ¡menes registrados: 21
2025-09-15 11:04:33 - INFO - âœ… Filtrado de exÃ¡menes completado.
2025-09-15 11:04:33 - INFO - âœ… Datos cargados para identificar Acta Milagrosa (clean_data.xlsx - Sheet: Evaluaciones). 
2025-09-15 11:04:33 - INFO - ğŸ“¦ Filtrando evaluaciones para las Notas de PresentaciÃ³n
2025-09-15 11:04:33 - INFO - ğŸ“¦ Cargando datos del Historial para estimar Notas de PresentaciÃ³n faltantes
2025-09-15 11:04:33 - INFO - âœ… Datos cargados para identificar Acta Milagrosa (clean_data.xlsx - Sheet: Historial). 
2025-09-15 11:04:33 - INFO - â„¹ï¸ï¸Total de Notas de PresentaciÃ³n: 17
2025-09-15 11:04:33 - INFO - âœ… CÃ¡lculo de Notas de PresentaciÃ³n completado.
2025-09-15 11:04:33 - INFO - â„¹ï¸ï¸Total de candidatos a Acta Milagrosa: 9
2025-09-15 11:04:33 - INFO - âœ… IdentificaciÃ³n de candidatos a Acta Milagrosa completada.
2025-09-15 11:04:33 - INFO - â„¹ï¸ï¸ Identificando Acta Milagrosa...
2025-09-15 11:04:33 - INFO - ğŸ“Œ curso_acta_milagrosa: IN4232
2025-09-15 11:04:33 - INFO - ğŸ“Œ len(df_acta_milagrosa): 0
2025-09-15 11:04:33 - INFO - ğŸ“Œ len(row_acta): 0
2025-09-15 11:04:33 - INFO - âœ… Acta Milagrosa identificada.
2025-09-15 11:04:33 - INFO - â„¹ï¸ï¸ Total de filas en Acta Milagrosa: 0
2025-09-15 11:04:33 - INFO - âœ… Proceso de identificaciÃ³n de Acta Milagrosa completado.
2025-09-15 11:08:02 - INFO - ğŸš€ Iniciando identificaciÃ³n de Acta Milagrosa...
2025-09-15 11:08:02 - INFO - âœ… Datos cargados para identificar Acta Milagrosa (clean_data.xlsx - Sheet: Evaluaciones). 
2025-09-15 11:08:02 - INFO - ğŸ“¦ Filtrando evaluaciones para los exÃ¡menes
2025-09-15 11:08:02 - INFO - âš ï¸ There are multiple exam entries for the same course. Please check the data.
2025-09-15 11:08:02 - INFO - â„¹ï¸ï¸Total de exÃ¡menes registrados: 21
2025-09-15 11:08:02 - INFO - âœ… Filtrado de exÃ¡menes completado.
2025-09-15 11:08:02 - INFO - âœ… Datos cargados para identificar Acta Milagrosa (clean_data.xlsx - Sheet: Evaluaciones). 
2025-09-15 11:08:02 - INFO - ğŸ“¦ Filtrando evaluaciones para las Notas de PresentaciÃ³n
2025-09-15 11:08:02 - INFO - ğŸ“¦ Cargando datos del Historial para estimar Notas de PresentaciÃ³n faltantes
2025-09-15 11:08:02 - INFO - âœ… Datos cargados para identificar Acta Milagrosa (clean_data.xlsx - Sheet: Historial). 
2025-09-15 11:08:02 - INFO - â„¹ï¸ï¸Total de Notas de PresentaciÃ³n: 17
2025-09-15 11:08:02 - INFO - âœ… CÃ¡lculo de Notas de PresentaciÃ³n completado.
2025-09-15 11:08:02 - INFO - â„¹ï¸ï¸Total de candidatos a Acta Milagrosa: 9
2025-09-15 11:08:02 - INFO - âœ… IdentificaciÃ³n de candidatos a Acta Milagrosa completada.
2025-09-15 11:08:02 - INFO - df_evaluaciones len: 0
2025-09-15 11:08:02 - INFO - â„¹ï¸ï¸ Identificando Acta Milagrosa...
2025-09-15 11:08:02 - INFO - ğŸ“Œ curso_acta_milagrosa: IN4232
2025-09-15 11:08:02 - INFO - ğŸ“Œ len(df_acta_milagrosa): 0
2025-09-15 11:08:02 - INFO - ğŸ“Œ len(row_acta): 0
2025-09-15 11:08:02 - INFO - âœ… Acta Milagrosa identificada.
2025-09-15 11:08:02 - INFO - â„¹ï¸ï¸ Total de filas en Acta Milagrosa: 0
2025-09-15 11:08:02 - INFO - âœ… Proceso de identificaciÃ³n de Acta Milagrosa completado.
2025-09-15 11:10:57 - INFO - ğŸš€ Iniciando identificaciÃ³n de Acta Milagrosa...
2025-09-15 11:10:57 - INFO - âœ… Datos cargados para identificar Acta Milagrosa (clean_data.xlsx - Sheet: Evaluaciones). 
2025-09-15 11:10:57 - INFO - ğŸ“¦ Filtrando evaluaciones para los exÃ¡menes
2025-09-15 11:10:57 - INFO - âš ï¸ There are multiple exam entries for the same course. Please check the data.
2025-09-15 11:10:57 - INFO - â„¹ï¸ï¸Total de exÃ¡menes registrados: 21
2025-09-15 11:10:57 - INFO - âœ… Filtrado de exÃ¡menes completado.
2025-09-15 11:10:57 - INFO - âœ… Datos cargados para identificar Acta Milagrosa (clean_data.xlsx - Sheet: Evaluaciones). 
2025-09-15 11:10:57 - INFO - ğŸ“¦ Filtrando evaluaciones para las Notas de PresentaciÃ³n
2025-09-15 11:10:57 - INFO - ğŸ“¦ Cargando datos del Historial para estimar Notas de PresentaciÃ³n faltantes
2025-09-15 11:10:58 - INFO - âœ… Datos cargados para identificar Acta Milagrosa (clean_data.xlsx - Sheet: Historial). 
2025-09-15 11:10:58 - INFO - â„¹ï¸ï¸Total de Notas de PresentaciÃ³n: 17
2025-09-15 11:10:58 - INFO - âœ… CÃ¡lculo de Notas de PresentaciÃ³n completado.
2025-09-15 11:10:58 - INFO - â„¹ï¸ï¸Total de candidatos a Acta Milagrosa: 9
2025-09-15 11:10:58 - INFO - âœ… IdentificaciÃ³n de candidatos a Acta Milagrosa completada.
2025-09-15 11:10:58 - INFO - âœ… Datos cargados para identificar Acta Milagrosa (clean_data.xlsx - Sheet: Evaluaciones). 
2025-09-15 11:10:58 - INFO - âœ… Datos cargados para identificar Acta Milagrosa (clean_data.xlsx - Sheet: Historial). 
2025-09-15 11:10:58 - INFO - ğŸ“Œ df_evaluaciones len: 788
2025-09-15 11:10:58 - INFO - â„¹ï¸ï¸ Identificando Acta Milagrosa...
2025-09-15 11:10:58 - INFO - ğŸ“Œ curso_acta_milagrosa: IN4232
2025-09-15 11:10:58 - INFO - ğŸ“Œ len(df_acta_milagrosa): 13
2025-09-15 11:10:58 - INFO - ğŸ“Œ len(row_acta): 1
2025-09-15 11:10:58 - INFO - âœ… Acta Milagrosa identificada.
2025-09-15 11:10:58 - INFO - â„¹ï¸ï¸ Total de filas en Acta Milagrosa: 14
2025-09-15 11:10:58 - INFO - âœ… Proceso de identificaciÃ³n de Acta Milagrosa completado.
2025-09-15 16:25:55 - INFO - ====== WebDriver manager ======
2025-09-15 16:25:56 - INFO - Get LATEST chromedriver version for google-chrome
2025-09-15 16:25:56 - INFO - Get LATEST chromedriver version for google-chrome
2025-09-15 16:25:56 - INFO - Driver [C:\Users\mvasq\.wdm\drivers\chromedriver\win64\140.0.7339.82\chromedriver-win32/chromedriver.exe] found in cache
2025-09-15 16:25:59 - INFO - âœ… Chrome driver initialized.
2025-09-15 16:26:51 - INFO - ğŸ” Navegando a pÃ¡gina de login...
2025-09-15 16:26:55 - INFO - ğŸ” Esperando campo de usuario...
2025-09-15 16:26:55 - INFO - ğŸ“Œ Credenciales ingresadas
2025-09-15 16:26:55 - INFO - âœ… Login exitoso
2025-09-15 16:26:55 - INFO - ğŸš€ Inicio webscrapping de ucampus
2025-09-15 16:26:55 - INFO - ğŸ“¦ Recuperando indicadores
2025-09-15 16:26:55 - ERROR - âš ï¸ Error al cargar Indicadores del Estudiante
Traceback (most recent call last):
  File "c:\Users\mvasq\OneDrive\Documentos\ucampus_wrapped\core\scrapper\ucampus.py", line 45, in datos_indicadores
    indicadores_dl = driver.find_element(By.ID, "indicadores")
  File "c:\Users\mvasq\OneDrive\Documentos\ucampus_wrapped\.venv\lib\site-packages\selenium\webdriver\remote\webdriver.py", line 922, in find_element
    return self.execute(Command.FIND_ELEMENT, {"using": by, "value": value})["value"]
  File "c:\Users\mvasq\OneDrive\Documentos\ucampus_wrapped\.venv\lib\site-packages\selenium\webdriver\remote\webdriver.py", line 454, in execute
    self.error_handler.check_response(response)
  File "c:\Users\mvasq\OneDrive\Documentos\ucampus_wrapped\.venv\lib\site-packages\selenium\webdriver\remote\errorhandler.py", line 232, in check_response
    raise exception_class(message, screen, stacktrace)
selenium.common.exceptions.NoSuchElementException: Message: no such element: Unable to locate element: {"method":"css selector","selector":"[id="indicadores"]"}
  (Session info: chrome=140.0.7339.128); For documentation on this error, please visit: https://www.selenium.dev/documentation/webdriver/troubleshooting/errors#nosuchelementexception
Stacktrace:
	GetHandleVerifier [0x0x88d2a3+66419]
	GetHandleVerifier [0x0x88d2e4+66484]
	(No symbol) [0x0x664bd3]
	(No symbol) [0x0x6ae958]
	(No symbol) [0x0x6aecfb]
	(No symbol) [0x0x6f5152]
	(No symbol) [0x0x6d1064]
	(No symbol) [0x0x6f28a1]
	(No symbol) [0x0x6d0e16]
	(No symbol) [0x0x6a25ce]
	(No symbol) [0x0x6a34a4]
	GetHandleVerifier [0x0xad5ee3+2461619]
	GetHandleVerifier [0x0xad0f66+2441270]
	GetHandleVerifier [0x0x8b6242+234258]
	GetHandleVerifier [0x0x8a6208+168664]
	GetHandleVerifier [0x0x8ad1ad+197245]
	GetHandleVerifier [0x0x8955f8+100040]
	GetHandleVerifier [0x0x895792+100450]
	GetHandleVerifier [0x0x87f74a+10266]
	BaseThreadInitThunk [0x0x76995d49+25]
	RtlInitializeExceptionChain [0x0x77e0d6db+107]
	RtlGetAppContainerNamedObjectPath [0x0x77e0d661+561]

2025-09-15 16:26:55 - INFO - ğŸ“¦ Recuperando resumen de ramos cursados por semestre
2025-09-15 16:26:55 - ERROR - âš ï¸ Error al cargar resumen
Traceback (most recent call last):
  File "c:\Users\mvasq\OneDrive\Documentos\ucampus_wrapped\core\scrapper\ucampus.py", line 93, in datos_resumen
    driver.execute_script("document.getElementById('resumen').style.display = 'block';")
  File "c:\Users\mvasq\OneDrive\Documentos\ucampus_wrapped\.venv\lib\site-packages\selenium\webdriver\remote\webdriver.py", line 551, in execute_script
    return self.execute(command, {"script": script, "args": converted_args})["value"]
  File "c:\Users\mvasq\OneDrive\Documentos\ucampus_wrapped\.venv\lib\site-packages\selenium\webdriver\remote\webdriver.py", line 454, in execute
    self.error_handler.check_response(response)
  File "c:\Users\mvasq\OneDrive\Documentos\ucampus_wrapped\.venv\lib\site-packages\selenium\webdriver\remote\errorhandler.py", line 232, in check_response
    raise exception_class(message, screen, stacktrace)
selenium.common.exceptions.JavascriptException: Message: javascript error: Cannot read properties of null (reading 'style')
  (Session info: chrome=140.0.7339.128)
Stacktrace:
	GetHandleVerifier [0x0x88d2a3+66419]
	GetHandleVerifier [0x0x88d2e4+66484]
	(No symbol) [0x0x664bd3]
	(No symbol) [0x0x66b597]
	(No symbol) [0x0x66dbe3]
	(No symbol) [0x0x6f390d]
	(No symbol) [0x0x6d101c]
	(No symbol) [0x0x6f28a1]
	(No symbol) [0x0x6d0e16]
	(No symbol) [0x0x6a25ce]
	(No symbol) [0x0x6a34a4]
	GetHandleVerifier [0x0xad5ee3+2461619]
	GetHandleVerifier [0x0xad0f66+2441270]
	GetHandleVerifier [0x0x8b6242+234258]
	GetHandleVerifier [0x0x8a6208+168664]
	GetHandleVerifier [0x0x8ad1ad+197245]
	GetHandleVerifier [0x0x8955f8+100040]
	GetHandleVerifier [0x0x895792+100450]
	GetHandleVerifier [0x0x87f74a+10266]
	BaseThreadInitThunk [0x0x76995d49+25]
	RtlInitializeExceptionChain [0x0x77e0d6db+107]
	RtlGetAppContainerNamedObjectPath [0x0x77e0d661+561]

2025-09-15 16:26:55 - INFO - ğŸ“¦ Recuperando cursos dictados
2025-09-15 16:27:13 - INFO - ====== WebDriver manager ======
2025-09-15 16:27:14 - INFO - Get LATEST chromedriver version for google-chrome
2025-09-15 16:27:14 - INFO - Get LATEST chromedriver version for google-chrome
2025-09-15 16:27:14 - INFO - Driver [C:\Users\mvasq\.wdm\drivers\chromedriver\win64\140.0.7339.82\chromedriver-win32/chromedriver.exe] found in cache
2025-09-15 16:27:15 - INFO - âœ… Chrome driver initialized.
2025-09-15 16:27:38 - INFO - ğŸ” Navegando a pÃ¡gina de login...
2025-09-15 16:27:42 - INFO - ğŸ” Esperando campo de usuario...
2025-09-15 16:27:43 - INFO - ğŸ“Œ Credenciales ingresadas
2025-09-15 16:27:43 - INFO - âœ… Login exitoso
2025-09-15 16:27:43 - INFO - ğŸš€ Inicio webscrapping de ucampus
2025-09-15 16:27:43 - INFO - ğŸ“¦ Recuperando indicadores
2025-09-15 16:27:44 - INFO - âœ… Carga Exitosa: Indicadores
2025-09-15 16:27:44 - INFO - ğŸ“¦ Recuperando resumen de ramos cursados por semestre
2025-09-15 16:27:44 - INFO - â„¹ï¸ï¸ Div 'resumen' visible. Extrayendo tabla...
2025-09-15 16:27:45 - INFO - â„¹ï¸ï¸ ExtraÃ­das 15 filas.
2025-09-15 16:27:45 - INFO - âœ… Carga Exitosa: Resumen notas
2025-09-15 16:27:45 - INFO - ğŸ“¦ Recuperando cursos dictados
2025-09-15 16:27:45 - INFO - â„¹ï¸ï¸ Total de Labores docentes registradas: 0
2025-09-15 16:27:45 - INFO - âœ… Carga Exitosa: Labores docentes
2025-09-15 16:27:45 - INFO - ğŸ“¦ Recuperando secciÃ³n ExÃ¡menes de Grado y/o TÃ­tulo
2025-09-15 16:27:45 - INFO - âœ… Carga Exitosa: ExÃ¡menes de Grado y/o TÃ­tulo
2025-09-15 16:27:45 - INFO - ğŸ“¦ Recuperando historial de pagos de UB
2025-09-15 16:27:45 - INFO - ğŸ” Navegando a pÃ¡gina de Unidades Becarias...
2025-09-15 16:27:46 - INFO - ğŸ“† Extrayendo datos del aÃ±o 2025...
2025-09-15 16:27:48 - INFO - ğŸ“† Extrayendo datos del aÃ±o 2024...
2025-09-15 16:27:51 - INFO - ğŸ“† Extrayendo datos del aÃ±o 2023...
2025-09-15 16:27:56 - INFO - ğŸ“† Extrayendo datos del aÃ±o 2022...
2025-09-15 16:27:59 - INFO - ğŸ“† Extrayendo datos del aÃ±o 2021...
2025-09-15 16:28:02 - INFO - ğŸ“† Extrayendo datos del aÃ±o 2020...
2025-09-15 16:28:05 - INFO - ğŸ“† Extrayendo datos del aÃ±o 2019...
2025-09-15 16:28:08 - INFO - ğŸ“† Extrayendo datos del aÃ±o 2018...
2025-09-15 16:28:11 - INFO - âœ… Carga Exitosa: Historial de pagos de UB
2025-09-15 16:28:11 - INFO - ğŸ“¦ Recuperando historial de UB eliminadas
2025-09-15 16:28:11 - INFO - ğŸ” Navegando a pÃ¡gina de Unidades Becarias...
2025-09-15 16:28:12 - INFO - ğŸ“† Extrayendo datos del aÃ±o 2025...
2025-09-15 16:28:24 - WARNING - âš ï¸ No hay tabla de UBs Eliminadas para el aÃ±o 2025.
2025-09-15 16:28:24 - INFO - ğŸ“† Extrayendo datos del aÃ±o 2024...
2025-09-15 16:28:37 - WARNING - âš ï¸ No hay tabla de UBs Eliminadas para el aÃ±o 2024.
2025-09-15 16:28:37 - INFO - ğŸ“† Extrayendo datos del aÃ±o 2023...
2025-09-15 16:28:50 - WARNING - âš ï¸ No hay tabla de UBs Eliminadas para el aÃ±o 2023.
2025-09-15 16:28:50 - INFO - ğŸ“† Extrayendo datos del aÃ±o 2022...
2025-09-15 16:29:03 - WARNING - âš ï¸ No hay tabla de UBs Eliminadas para el aÃ±o 2022.
2025-09-15 16:29:03 - INFO - ğŸ“† Extrayendo datos del aÃ±o 2021...
2025-09-15 16:29:17 - WARNING - âš ï¸ No hay tabla de UBs Eliminadas para el aÃ±o 2021.
2025-09-15 16:29:17 - INFO - ğŸ“† Extrayendo datos del aÃ±o 2020...
2025-09-15 16:29:29 - WARNING - âš ï¸ No hay tabla de UBs Eliminadas para el aÃ±o 2020.
2025-09-15 16:29:29 - INFO - ğŸ“† Extrayendo datos del aÃ±o 2019...
2025-09-15 16:29:32 - INFO - ğŸ“† Extrayendo datos del aÃ±o 2018...
2025-09-15 16:29:45 - WARNING - âš ï¸ No hay tabla de UBs Eliminadas para el aÃ±o 2018.
2025-09-15 16:29:45 - INFO - âœ… Carga Exitosa: UB's eliminadas
2025-09-15 16:29:45 - INFO - ğŸ“¦ Recuperando Recuento de UDs
2025-09-15 16:29:49 - INFO - âœ… Datos de recuento extraÃ­dos correctamente.
2025-09-15 16:29:49 - INFO - âœ… ExtracciÃ³n de datos de ucampus completada
2025-09-15 16:29:49 - INFO - ğŸ’¾ Excel creado: c:\Users\mvasq\OneDrive\Documentos\ucampus_wrapped\data\data_UCAMPUS_19842174K.xlsx
2025-09-15 16:29:49 - INFO - ğŸ” Navegando a pÃ¡gina de login...
2025-09-15 16:29:53 - INFO - ğŸ” Esperando campo de usuario...
2025-09-15 16:29:55 - INFO - ğŸ“Œ Credenciales ingresadas
2025-09-15 16:29:55 - INFO - âœ… Login exitoso
2025-09-15 16:29:56 - INFO - ğŸ“‹ Iniciando extracciÃ³n de urls de u-cursos
2025-09-15 16:29:57 - INFO - âœ… 71 urls de u-cursos obtenidos
2025-09-15 16:29:57 - INFO - ğŸš€ Inicio webscrapping de u-cursos
2025-09-15 16:29:57 - INFO - ğŸ“¦Recuperando notas obtenidas por ramo
2025-09-15 16:30:05 - WARNING - âš ï¸ Tabla de notas no encontrada en https://www.u-cursos.cl/ingenieria/2023/2/EI2090/1/notas/alumno
2025-09-15 16:31:30 - WARNING - âš ï¸ Tabla de notas no encontrada en https://www.u-cursos.cl/ingenieria/2020/1/DR180A/3/notas/alumno
2025-09-15 16:32:01 - WARNING - âš ï¸ Tabla de notas no encontrada en https://www.u-cursos.cl/ingenieria/2019/1/EI0031/1/notas/alumno
2025-09-15 16:32:48 - WARNING - âš ï¸ Tabla de notas no encontrada en https://www.u-cursos.cl/ingenieria/2017/1/EI0006/1/notas/alumno
2025-09-15 16:32:50 - WARNING - âš ï¸ Tabla de notas no encontrada en https://www.u-cursos.cl/ingenieria/2017/1/EI0014/1/notas/alumno
2025-09-15 16:32:52 - WARNING - âš ï¸ Tabla de notas no encontrada en https://www.u-cursos.cl/ingenieria/2017/1/EI1090/1/notas/alumno
2025-09-15 16:33:03 - INFO - â„¹ï¸ï¸ Total de notas registradas: 788
2025-09-15 16:33:03 - INFO - âœ… RecuperaciÃ³n de notas finalizada
2025-09-15 16:33:03 - INFO - ğŸ“¦ Recuperando estadÃ­sticas de las actas
2025-09-15 16:34:56 - WARNING - âš ï¸ Error cargando pÃ¡gina de acta
2025-09-15 16:35:34 - WARNING - âš ï¸ Error cargando pÃ¡gina de acta
2025-09-15 16:35:36 - WARNING - âš ï¸ Error cargando pÃ¡gina de acta
2025-09-15 16:35:39 - WARNING - âš ï¸ Error cargando pÃ¡gina de acta
2025-09-15 16:35:41 - WARNING - âš ï¸ Error cargando pÃ¡gina de acta
2025-09-15 16:35:43 - WARNING - âš ï¸ Error cargando pÃ¡gina de acta
2025-09-15 16:35:45 - WARNING - âš ï¸ Error cargando pÃ¡gina de acta
2025-09-15 16:35:47 - WARNING - âš ï¸ Error cargando pÃ¡gina de acta
2025-09-15 16:35:50 - WARNING - âš ï¸ Error cargando pÃ¡gina de acta
2025-09-15 16:35:52 - WARNING - âš ï¸ Error cargando pÃ¡gina de acta
2025-09-15 16:35:52 - INFO - â„¹ï¸ï¸ Total de actas registradas: 483
2025-09-15 16:35:52 - INFO - âœ… RecuperaciÃ³n de estadÃ­sticas de actas finalizada
2025-09-15 16:35:52 - INFO - âœ… ExtracciÃ³n de datos de u-cursos completada
2025-09-15 16:35:52 - INFO - ğŸ’¾ Excel creado: c:\Users\mvasq\OneDrive\Documentos\ucampus_wrapped\data\data_UCURSOS_19842174K.xlsx
2025-09-15 16:35:55 - INFO - ğŸš€ Iniciando identificaciÃ³n de Acta Milagrosa...
2025-09-15 16:35:55 - INFO - âœ… Datos cargados para identificar Acta Milagrosa (clean_data.xlsx - Sheet: Evaluaciones). 
2025-09-15 16:35:55 - INFO - ğŸ“¦ Filtrando evaluaciones para los exÃ¡menes
2025-09-15 16:35:55 - INFO - âš ï¸ There are multiple exam entries for the same course. Please check the data.
2025-09-15 16:35:55 - INFO - â„¹ï¸ï¸Total de exÃ¡menes registrados: 21
2025-09-15 16:35:55 - INFO - âœ… Filtrado de exÃ¡menes completado.
2025-09-15 16:35:55 - INFO - âœ… Datos cargados para identificar Acta Milagrosa (clean_data.xlsx - Sheet: Evaluaciones). 
2025-09-15 16:35:55 - INFO - ğŸ“¦ Filtrando evaluaciones para las Notas de PresentaciÃ³n
2025-09-15 16:35:55 - INFO - ğŸ“¦ Cargando datos del Historial para estimar Notas de PresentaciÃ³n faltantes
2025-09-15 16:35:55 - INFO - âœ… Datos cargados para identificar Acta Milagrosa (clean_data.xlsx - Sheet: Historial). 
2025-09-15 16:35:55 - INFO - â„¹ï¸ï¸Total de Notas de PresentaciÃ³n: 17
2025-09-15 16:35:55 - INFO - âœ… CÃ¡lculo de Notas de PresentaciÃ³n completado.
2025-09-15 16:35:55 - INFO - â„¹ï¸ï¸Total de candidatos a Acta Milagrosa: 9
2025-09-15 16:35:55 - INFO - âœ… IdentificaciÃ³n de candidatos a Acta Milagrosa completada.
2025-09-15 16:35:55 - INFO - âœ… Datos cargados para identificar Acta Milagrosa (clean_data.xlsx - Sheet: Evaluaciones). 
2025-09-15 16:35:55 - INFO - âœ… Datos cargados para identificar Acta Milagrosa (clean_data.xlsx - Sheet: Historial). 
2025-09-15 16:35:55 - INFO - ğŸ“Œ df_evaluaciones len: 788
2025-09-15 16:35:55 - INFO - â„¹ï¸ï¸ Identificando Acta Milagrosa...
2025-09-15 16:35:55 - INFO - ğŸ“Œ curso_acta_milagrosa: IN4232
2025-09-15 16:35:55 - INFO - ğŸ“Œ len(df_acta_milagrosa): 13
2025-09-15 16:35:55 - INFO - ğŸ“Œ len(row_acta): 1
2025-09-15 16:35:55 - INFO - âœ… Acta Milagrosa identificada.
2025-09-15 16:35:55 - INFO - â„¹ï¸ï¸ Total de filas en Acta Milagrosa: 14
2025-09-15 16:35:55 - INFO - âœ… Proceso de identificaciÃ³n de Acta Milagrosa completado.
2025-09-15 16:40:53 - INFO - ====== WebDriver manager ======
2025-09-15 16:40:55 - INFO - Get LATEST chromedriver version for google-chrome
2025-09-15 16:40:55 - INFO - Get LATEST chromedriver version for google-chrome
2025-09-15 16:40:55 - INFO - Driver [C:\Users\mvasq\.wdm\drivers\chromedriver\win64\140.0.7339.82\chromedriver-win32/chromedriver.exe] found in cache
2025-09-15 16:40:56 - INFO - âœ… Chrome driver initialized.
2025-09-15 16:42:17 - INFO - ====== WebDriver manager ======
2025-09-15 16:42:19 - INFO - Get LATEST chromedriver version for google-chrome
2025-09-15 16:42:19 - INFO - Get LATEST chromedriver version for google-chrome
2025-09-15 16:42:19 - INFO - Driver [C:\Users\mvasq\.wdm\drivers\chromedriver\win64\140.0.7339.82\chromedriver-win32/chromedriver.exe] found in cache
2025-09-15 16:42:20 - INFO - âœ… Chrome driver initialized.
2025-09-15 16:45:27 - INFO - ====== WebDriver manager ======
2025-09-15 16:45:28 - INFO - Get LATEST chromedriver version for google-chrome
2025-09-15 16:45:28 - INFO - Get LATEST chromedriver version for google-chrome
2025-09-15 16:45:28 - INFO - Driver [C:\Users\mvasq\.wdm\drivers\chromedriver\win64\140.0.7339.82\chromedriver-win32/chromedriver.exe] found in cache
2025-09-15 16:45:29 - INFO - âœ… Chrome driver initialized.
2025-09-15 16:45:29 - INFO - ğŸ” Navegando a pÃ¡gina de login...
2025-09-15 16:45:33 - INFO - ğŸ” Esperando campo de usuario...
2025-09-15 16:45:35 - INFO - ğŸ“Œ Credenciales ingresadas
2025-09-15 16:45:35 - INFO - âœ… Login exitoso
2025-09-15 16:45:35 - INFO - ğŸš€ Inicio webscrapping de ucampus
2025-09-15 16:45:35 - INFO - ğŸ“¦ Recuperando indicadores
2025-09-15 16:45:35 - INFO - âœ… Carga Exitosa: Indicadores
2025-09-15 16:45:35 - INFO - ğŸ“¦ Recuperando resumen de ramos cursados por semestre
2025-09-15 16:45:35 - INFO - â„¹ï¸ï¸ Div 'resumen' visible. Extrayendo tabla...
2025-09-15 16:45:36 - INFO - â„¹ï¸ï¸ ExtraÃ­das 15 filas.
2025-09-15 16:45:36 - INFO - âœ… Carga Exitosa: Resumen notas
2025-09-15 16:45:36 - INFO - ğŸ“¦ Recuperando cursos dictados
2025-09-15 17:07:24 - INFO - ====== WebDriver manager ======
2025-09-15 17:07:25 - INFO - Get LATEST chromedriver version for google-chrome
2025-09-15 17:07:25 - INFO - Get LATEST chromedriver version for google-chrome
2025-09-15 17:07:25 - INFO - Driver [C:\Users\mvasq\.wdm\drivers\chromedriver\win64\140.0.7339.82\chromedriver-win32/chromedriver.exe] found in cache
2025-09-15 17:07:26 - INFO - âœ… Chrome driver initialized.
2025-09-15 17:07:26 - INFO - ğŸ” Navegando a pÃ¡gina de login...
2025-09-15 17:07:30 - INFO - ğŸ” Esperando campo de usuario...
2025-09-15 17:07:32 - INFO - ğŸ“Œ Credenciales ingresadas
2025-09-15 17:07:32 - INFO - âœ… Login exitoso
2025-09-15 17:07:32 - INFO - ğŸš€ Inicio webscrapping de ucampus
2025-09-15 17:07:32 - INFO - ğŸ“¦ Recuperando indicadores
2025-09-15 17:07:32 - INFO - âœ… Carga Exitosa: Indicadores
2025-09-15 17:07:32 - INFO - ğŸ“¦ Recuperando resumen de ramos cursados por semestre
2025-09-15 17:07:32 - INFO - â„¹ï¸ï¸ Div 'resumen' visible. Extrayendo tabla...
2025-09-15 17:07:33 - INFO - â„¹ï¸ï¸ ExtraÃ­das 15 filas.
2025-09-15 17:07:33 - INFO - âœ… Carga Exitosa: Resumen notas
2025-09-15 17:07:33 - INFO - ğŸ“¦ Recuperando cursos dictados
2025-09-15 17:14:26 - INFO - ====== WebDriver manager ======
2025-09-15 17:14:27 - INFO - Get LATEST chromedriver version for google-chrome
2025-09-15 17:14:27 - INFO - Get LATEST chromedriver version for google-chrome
2025-09-15 17:14:27 - INFO - Driver [C:\Users\mvasq\.wdm\drivers\chromedriver\win64\140.0.7339.82\chromedriver-win32/chromedriver.exe] found in cache
2025-09-15 17:14:29 - INFO - âœ… Chrome driver initialized.
2025-09-15 17:14:29 - INFO - ğŸ” Navegando a pÃ¡gina de login...
2025-09-15 17:14:32 - INFO - ğŸ” Esperando campo de usuario...
2025-09-15 17:14:34 - INFO - ğŸ“Œ Credenciales ingresadas
2025-09-15 17:14:34 - INFO - âœ… Login exitoso
2025-09-15 17:14:34 - INFO - ğŸš€ Inicio webscrapping de ucampus
2025-09-15 17:14:34 - INFO - ğŸ“¦ Recuperando indicadores
2025-09-15 17:14:34 - INFO - âœ… Carga Exitosa: Indicadores
2025-09-15 17:14:34 - INFO - ğŸ“¦ Recuperando resumen de ramos cursados por semestre
2025-09-15 17:14:34 - INFO - â„¹ï¸ï¸ Div 'resumen' visible. Extrayendo tabla...
2025-09-15 17:14:35 - INFO - â„¹ï¸ï¸ ExtraÃ­das 15 filas.
2025-09-15 17:14:35 - INFO - âœ… Carga Exitosa: Resumen notas
2025-09-15 17:14:35 - INFO - ğŸ“¦ Recuperando cursos dictados
2025-09-15 17:15:42 - INFO - ====== WebDriver manager ======
2025-09-15 17:15:43 - INFO - Get LATEST chromedriver version for google-chrome
2025-09-15 17:15:43 - INFO - Get LATEST chromedriver version for google-chrome
2025-09-15 17:15:43 - INFO - Driver [C:\Users\mvasq\.wdm\drivers\chromedriver\win64\140.0.7339.82\chromedriver-win32/chromedriver.exe] found in cache
2025-09-15 17:15:44 - INFO - âœ… Chrome driver initialized.
2025-09-15 17:15:44 - INFO - ğŸ” Navegando a pÃ¡gina de login...
2025-09-15 17:15:48 - INFO - ğŸ” Esperando campo de usuario...
2025-09-15 17:15:50 - INFO - ğŸ“Œ Credenciales ingresadas
2025-09-15 17:15:50 - INFO - âœ… Login exitoso
2025-09-15 17:15:50 - INFO - ğŸš€ Inicio webscrapping de ucampus
2025-09-15 17:15:50 - INFO - ğŸ“¦ Recuperando indicadores
2025-09-15 17:15:50 - INFO - âœ… Carga Exitosa: Indicadores
2025-09-15 17:15:50 - INFO - ğŸ“¦ Recuperando resumen de ramos cursados por semestre
2025-09-15 17:15:50 - INFO - â„¹ï¸ï¸ Div 'resumen' visible. Extrayendo tabla...
2025-09-15 17:15:51 - INFO - â„¹ï¸ï¸ ExtraÃ­das 15 filas.
2025-09-15 17:15:51 - INFO - âœ… Carga Exitosa: Resumen notas
2025-09-15 17:15:51 - INFO - ğŸ“¦ Recuperando cursos dictados
2025-09-15 17:20:05 - INFO - ====== WebDriver manager ======
2025-09-15 17:20:07 - INFO - Get LATEST chromedriver version for google-chrome
2025-09-15 17:20:07 - INFO - Get LATEST chromedriver version for google-chrome
2025-09-15 17:20:07 - INFO - Driver [C:\Users\mvasq\.wdm\drivers\chromedriver\win64\140.0.7339.82\chromedriver-win32/chromedriver.exe] found in cache
2025-09-15 17:20:08 - INFO - âœ… Chrome driver initialized.
2025-09-15 17:20:08 - INFO - ğŸ” Navegando a pÃ¡gina de login...
2025-09-15 17:20:12 - INFO - ğŸ” Esperando campo de usuario...
2025-09-15 17:20:13 - INFO - ğŸ“Œ Credenciales ingresadas
2025-09-15 17:20:13 - INFO - âœ… Login exitoso
2025-09-15 17:20:13 - INFO - ğŸš€ Inicio webscrapping de ucampus
2025-09-15 17:20:13 - INFO - ğŸ“¦ Recuperando indicadores
2025-09-15 17:20:14 - INFO - âœ… Carga Exitosa: Indicadores
2025-09-15 17:20:14 - INFO - ğŸ“¦ Recuperando resumen de ramos cursados por semestre
2025-09-15 17:20:14 - INFO - â„¹ï¸ï¸ Div 'resumen' visible. Extrayendo tabla...
2025-09-15 17:20:15 - INFO - â„¹ï¸ï¸ ExtraÃ­das 15 filas.
2025-09-15 17:20:15 - INFO - âœ… Carga Exitosa: Resumen notas
2025-09-15 17:20:15 - INFO - ğŸ“¦ Recuperando cursos dictados
2025-09-15 17:21:58 - INFO - ====== WebDriver manager ======
2025-09-15 17:22:00 - INFO - Get LATEST chromedriver version for google-chrome
2025-09-15 17:22:00 - INFO - Get LATEST chromedriver version for google-chrome
2025-09-15 17:22:00 - INFO - Driver [C:\Users\mvasq\.wdm\drivers\chromedriver\win64\140.0.7339.82\chromedriver-win32/chromedriver.exe] found in cache
2025-09-15 17:22:01 - INFO - âœ… Chrome driver initialized.
2025-09-15 17:22:01 - INFO - ğŸ” Navegando a pÃ¡gina de login...
2025-09-15 17:22:05 - INFO - ğŸ” Esperando campo de usuario...
2025-09-15 17:22:06 - INFO - ğŸ“Œ Credenciales ingresadas
2025-09-15 17:22:06 - INFO - âœ… Login exitoso
2025-09-15 17:22:06 - INFO - ğŸš€ Inicio webscrapping de ucampus
2025-09-15 17:22:06 - INFO - ğŸ“¦ Recuperando indicadores
2025-09-15 17:22:07 - INFO - âœ… Carga Exitosa: Indicadores
2025-09-15 17:22:07 - INFO - ğŸ“¦ Recuperando resumen de ramos cursados por semestre
2025-09-15 17:22:07 - INFO - â„¹ï¸ï¸ Div 'resumen' visible. Extrayendo tabla...
2025-09-15 17:22:08 - INFO - â„¹ï¸ï¸ ExtraÃ­das 15 filas.
2025-09-15 17:22:08 - INFO - âœ… Carga Exitosa: Resumen notas
2025-09-15 17:22:08 - INFO - ğŸ“¦ Recuperando cursos dictados
2025-09-15 17:23:30 - INFO - â„¹ï¸ï¸ Total de Labores docentes registradas: 7
2025-09-15 17:23:34 - INFO - âœ… Carga Exitosa: Labores docentes
2025-09-15 17:23:45 - INFO - ğŸ“¦ Recuperando secciÃ³n ExÃ¡menes de Grado y/o TÃ­tulo
2025-09-15 17:23:47 - INFO - âœ… Carga Exitosa: ExÃ¡menes de Grado y/o TÃ­tulo
2025-09-15 17:23:47 - INFO - ğŸ“¦ Recuperando historial de pagos de UB
2025-09-15 17:23:47 - INFO - ğŸ” Navegando a pÃ¡gina de Unidades Becarias...
2025-09-15 17:23:48 - INFO - ğŸ“† Extrayendo datos del aÃ±o 2025...
2025-09-15 17:23:51 - INFO - ğŸ“† Extrayendo datos del aÃ±o 2024...
2025-09-15 17:24:08 - INFO - ====== WebDriver manager ======
2025-09-15 17:24:35 - INFO - ====== WebDriver manager ======
2025-09-15 17:24:36 - INFO - Get LATEST chromedriver version for google-chrome
2025-09-15 17:24:37 - INFO - Get LATEST chromedriver version for google-chrome
2025-09-15 17:24:37 - INFO - Driver [C:\Users\mvasq\.wdm\drivers\chromedriver\win64\140.0.7339.82\chromedriver-win32/chromedriver.exe] found in cache
2025-09-15 17:24:38 - INFO - âœ… Chrome driver initialized.
2025-09-15 17:24:38 - INFO - ğŸ” Navegando a pÃ¡gina de login...
2025-09-15 17:24:41 - INFO - ğŸ” Esperando campo de usuario...
2025-09-15 17:24:43 - INFO - ğŸ“Œ Credenciales ingresadas
2025-09-15 17:24:43 - INFO - âœ… Login exitoso
2025-09-15 17:24:43 - INFO - ğŸš€ Inicio webscrapping de ucampus
2025-09-15 17:24:43 - INFO - ğŸ“¦ Recuperando indicadores
2025-09-15 17:24:44 - INFO - âœ… Carga Exitosa: Indicadores
2025-09-15 17:24:44 - INFO - ğŸ“¦ Recuperando resumen de ramos cursados por semestre
2025-09-15 17:24:44 - INFO - â„¹ï¸ï¸ Div 'resumen' visible. Extrayendo tabla...
2025-09-15 17:24:45 - INFO - â„¹ï¸ï¸ ExtraÃ­das 15 filas.
2025-09-15 17:24:45 - INFO - âœ… Carga Exitosa: Resumen notas
2025-09-15 17:24:45 - INFO - ğŸ“¦ Recuperando cursos dictados
2025-09-15 17:24:45 - INFO - â„¹ï¸ï¸ Total de Labores docentes registradas: 7
2025-09-15 17:24:45 - INFO - âœ… Carga Exitosa: Labores docentes
2025-09-15 17:24:45 - INFO - ğŸ“¦ Recuperando secciÃ³n ExÃ¡menes de Grado y/o TÃ­tulo
2025-09-15 17:24:45 - INFO - âœ… Carga Exitosa: ExÃ¡menes de Grado y/o TÃ­tulo
2025-09-15 17:24:45 - INFO - ğŸ“¦ Recuperando historial de pagos de UB
2025-09-15 17:24:45 - INFO - ğŸ” Navegando a pÃ¡gina de Unidades Becarias...
2025-09-15 17:24:46 - INFO - ğŸ“† Extrayendo datos del aÃ±o 2025...
2025-09-15 17:24:48 - INFO - ğŸ“† Extrayendo datos del aÃ±o 2024...
2025-09-15 17:24:51 - INFO - ğŸ“† Extrayendo datos del aÃ±o 2023...
2025-09-15 17:24:55 - INFO - ğŸ“† Extrayendo datos del aÃ±o 2022...
2025-09-15 17:24:59 - INFO - ğŸ“† Extrayendo datos del aÃ±o 2021...
2025-09-15 17:25:02 - INFO - ğŸ“† Extrayendo datos del aÃ±o 2020...
2025-09-15 17:25:05 - INFO - ğŸ“† Extrayendo datos del aÃ±o 2019...
2025-09-15 17:25:08 - INFO - ğŸ“† Extrayendo datos del aÃ±o 2018...
2025-09-15 17:25:11 - INFO - âœ… Carga Exitosa: Historial de pagos de UB
2025-09-15 17:25:11 - INFO - ğŸ“¦ Recuperando historial de UB eliminadas
2025-09-15 17:25:11 - INFO - ğŸ” Navegando a pÃ¡gina de Unidades Becarias...
2025-09-15 17:25:12 - INFO - ğŸ“† Extrayendo datos del aÃ±o 2025...
2025-09-15 17:25:24 - WARNING - âš ï¸ No hay tabla de UBs Eliminadas para el aÃ±o 2025.
2025-09-15 17:25:24 - INFO - ğŸ“† Extrayendo datos del aÃ±o 2024...
2025-09-15 17:25:37 - WARNING - âš ï¸ No hay tabla de UBs Eliminadas para el aÃ±o 2024.
2025-09-15 17:25:37 - INFO - ğŸ“† Extrayendo datos del aÃ±o 2023...
2025-09-15 17:25:50 - WARNING - âš ï¸ No hay tabla de UBs Eliminadas para el aÃ±o 2023.
2025-09-15 17:25:50 - INFO - ğŸ“† Extrayendo datos del aÃ±o 2022...
2025-09-15 17:26:04 - WARNING - âš ï¸ No hay tabla de UBs Eliminadas para el aÃ±o 2022.
2025-09-15 17:26:04 - INFO - ğŸ“† Extrayendo datos del aÃ±o 2021...
2025-09-15 17:26:17 - WARNING - âš ï¸ No hay tabla de UBs Eliminadas para el aÃ±o 2021.
2025-09-15 17:26:17 - INFO - ğŸ“† Extrayendo datos del aÃ±o 2020...
2025-09-15 17:26:30 - WARNING - âš ï¸ No hay tabla de UBs Eliminadas para el aÃ±o 2020.
2025-09-15 17:26:30 - INFO - ğŸ“† Extrayendo datos del aÃ±o 2019...
2025-09-15 17:26:33 - INFO - ğŸ“† Extrayendo datos del aÃ±o 2018...
2025-09-15 17:26:46 - WARNING - âš ï¸ No hay tabla de UBs Eliminadas para el aÃ±o 2018.
2025-09-15 17:26:46 - INFO - âœ… Carga Exitosa: UB's eliminadas
2025-09-15 17:26:46 - INFO - ğŸ“¦ Recuperando Recuento de UDs
2025-09-15 17:26:51 - INFO - âœ… Datos de recuento extraÃ­dos correctamente.
2025-09-15 17:26:51 - INFO - âœ… ExtracciÃ³n de datos de ucampus completada
2025-09-15 17:26:51 - INFO - ğŸ’¾ Excel creado: c:\Users\mvasq\OneDrive\Documentos\ucampus_wrapped\data\data_UCAMPUS_19842174K.xlsx
2025-09-15 17:26:51 - INFO - ğŸ” Navegando a pÃ¡gina de login...
2025-09-15 17:26:54 - INFO - ğŸ” Esperando campo de usuario...
2025-09-15 17:26:56 - INFO - ğŸ“Œ Credenciales ingresadas
2025-09-15 17:26:56 - INFO - âœ… Login exitoso
2025-09-15 17:26:57 - INFO - ğŸ“‹ Iniciando extracciÃ³n de urls de u-cursos
2025-09-15 17:26:59 - INFO - âœ… 71 urls de u-cursos obtenidos
2025-09-15 17:26:59 - INFO - ğŸš€ Inicio webscrapping de u-cursos
2025-09-15 17:26:59 - INFO - ğŸ“¦Recuperando notas obtenidas por ramo
2025-09-15 17:27:07 - WARNING - âš ï¸ Tabla de notas no encontrada en https://www.u-cursos.cl/ingenieria/2023/2/EI2090/1/notas/alumno
2025-09-15 17:28:48 - WARNING - âš ï¸ Tabla de notas no encontrada en https://www.u-cursos.cl/ingenieria/2020/1/DR180A/3/notas/alumno
2025-09-15 17:29:29 - WARNING - âš ï¸ Tabla de notas no encontrada en https://www.u-cursos.cl/ingenieria/2019/1/EI0031/1/notas/alumno
2025-09-15 17:30:35 - WARNING - âš ï¸ Tabla de notas no encontrada en https://www.u-cursos.cl/ingenieria/2017/1/EI0006/1/notas/alumno
2025-09-15 17:30:37 - WARNING - âš ï¸ Tabla de notas no encontrada en https://www.u-cursos.cl/ingenieria/2017/1/EI0014/1/notas/alumno
2025-09-15 17:30:40 - WARNING - âš ï¸ Tabla de notas no encontrada en https://www.u-cursos.cl/ingenieria/2017/1/EI1090/1/notas/alumno
2025-09-15 17:30:55 - INFO - â„¹ï¸ï¸ Total de notas registradas: 788
2025-09-15 17:30:55 - INFO - âœ… RecuperaciÃ³n de notas finalizada
2025-09-15 17:30:55 - INFO - ğŸ“¦ Recuperando estadÃ­sticas de las actas
2025-09-15 17:33:05 - WARNING - âš ï¸ Error cargando pÃ¡gina de acta
2025-09-15 17:33:48 - WARNING - âš ï¸ Error cargando pÃ¡gina de acta
2025-09-15 17:33:50 - WARNING - âš ï¸ Error cargando pÃ¡gina de acta
2025-09-15 17:33:52 - WARNING - âš ï¸ Error cargando pÃ¡gina de acta
2025-09-15 17:33:54 - WARNING - âš ï¸ Error cargando pÃ¡gina de acta
2025-09-15 17:33:57 - WARNING - âš ï¸ Error cargando pÃ¡gina de acta
2025-09-15 17:33:59 - WARNING - âš ï¸ Error cargando pÃ¡gina de acta
2025-09-15 17:34:01 - WARNING - âš ï¸ Error cargando pÃ¡gina de acta
2025-09-15 17:34:03 - WARNING - âš ï¸ Error cargando pÃ¡gina de acta
2025-09-15 17:34:06 - WARNING - âš ï¸ Error cargando pÃ¡gina de acta
2025-09-15 17:34:06 - INFO - â„¹ï¸ï¸ Total de actas registradas: 483
2025-09-15 17:34:06 - INFO - âœ… RecuperaciÃ³n de estadÃ­sticas de actas finalizada
2025-09-15 17:34:06 - INFO - âœ… ExtracciÃ³n de datos de u-cursos completada
2025-09-15 17:34:06 - INFO - ğŸ’¾ Excel creado: c:\Users\mvasq\OneDrive\Documentos\ucampus_wrapped\data\data_UCURSOS_19842174K.xlsx
2025-09-15 17:34:10 - INFO - ğŸš€ Iniciando identificaciÃ³n de Acta Milagrosa...
2025-09-15 17:34:10 - INFO - âœ… Datos cargados para identificar Acta Milagrosa (clean_data.xlsx - Sheet: Evaluaciones). 
2025-09-15 17:34:10 - INFO - ğŸ“¦ Filtrando evaluaciones para los exÃ¡menes
2025-09-15 17:34:10 - INFO - âš ï¸ There are multiple exam entries for the same course. Please check the data.
2025-09-15 17:34:10 - INFO - â„¹ï¸ï¸Total de exÃ¡menes registrados: 21
2025-09-15 17:34:10 - INFO - âœ… Filtrado de exÃ¡menes completado.
2025-09-15 17:34:10 - INFO - âœ… Datos cargados para identificar Acta Milagrosa (clean_data.xlsx - Sheet: Evaluaciones). 
2025-09-15 17:34:10 - INFO - ğŸ“¦ Filtrando evaluaciones para las Notas de PresentaciÃ³n
2025-09-15 17:34:10 - INFO - ğŸ“¦ Cargando datos del Historial para estimar Notas de PresentaciÃ³n faltantes
2025-09-15 17:34:10 - INFO - âœ… Datos cargados para identificar Acta Milagrosa (clean_data.xlsx - Sheet: Historial). 
2025-09-15 17:34:10 - INFO - â„¹ï¸ï¸Total de Notas de PresentaciÃ³n: 17
2025-09-15 17:34:10 - INFO - âœ… CÃ¡lculo de Notas de PresentaciÃ³n completado.
2025-09-15 17:34:10 - INFO - â„¹ï¸ï¸Total de candidatos a Acta Milagrosa: 9
2025-09-15 17:34:10 - INFO - âœ… IdentificaciÃ³n de candidatos a Acta Milagrosa completada.
2025-09-15 17:34:10 - INFO - âœ… Datos cargados para identificar Acta Milagrosa (clean_data.xlsx - Sheet: Evaluaciones). 
2025-09-15 17:34:10 - INFO - âœ… Datos cargados para identificar Acta Milagrosa (clean_data.xlsx - Sheet: Historial). 
2025-09-15 17:34:10 - INFO - ğŸ“Œ df_evaluaciones len: 788
2025-09-15 17:34:10 - INFO - â„¹ï¸ï¸ Identificando Acta Milagrosa...
2025-09-15 17:34:10 - INFO - ğŸ“Œ curso_acta_milagrosa: IN4232
2025-09-15 17:34:10 - INFO - ğŸ“Œ len(df_acta_milagrosa): 13
2025-09-15 17:34:10 - INFO - ğŸ“Œ len(row_acta): 1
2025-09-15 17:34:10 - INFO - âœ… Acta Milagrosa identificada.
2025-09-15 17:34:10 - INFO - â„¹ï¸ï¸ Total de filas en Acta Milagrosa: 14
2025-09-15 17:34:10 - INFO - âœ… Proceso de identificaciÃ³n de Acta Milagrosa completado.
2025-09-16 15:44:19 - INFO - ğŸš€ Creando recibo con sombra y cÃ³digo de barras...
2025-09-16 15:44:19 - INFO - ğŸ¨ Textura cargada correctamente
2025-09-16 15:44:19 - ERROR - âš ï¸ No se encontraron fuentes personalizadas. Se usarÃ¡ la fuente por defecto
Traceback (most recent call last):
  File "c:\Users\mvasq\OneDrive\Documentos\ucampus_wrapped\core\visuals\boleta_acta_milagrosa.py", line 224, in create_receipt_with_shadow_and_barcode
    font = ImageFont.truetype("IBMPlexMono-Regular.ttf", 16)
  File "c:\Users\mvasq\OneDrive\Documentos\ucampus_wrapped\.venv\lib\site-packages\PIL\ImageFont.py", line 880, in truetype
    return freetype(font)
  File "c:\Users\mvasq\OneDrive\Documentos\ucampus_wrapped\.venv\lib\site-packages\PIL\ImageFont.py", line 877, in freetype
    return FreeTypeFont(font, size, index, encoding, layout_engine)
  File "c:\Users\mvasq\OneDrive\Documentos\ucampus_wrapped\.venv\lib\site-packages\PIL\ImageFont.py", line 285, in __init__
    self.font = core.getfont(
OSError: cannot open resource
2025-09-16 15:44:19 - INFO - ğŸ–Šï¸ Dibujando tÃ­tulos del recibo...
2025-09-16 15:44:19 - INFO - ğŸ“¦ Dibujando cursos y notas...
2025-09-16 15:44:19 - INFO - ğŸš€ Generando cÃ³digo de barras...
2025-09-16 15:44:19 - ERROR - âŒ Error al generar el cÃ³digo de barras
Traceback (most recent call last):
  File "c:\Users\mvasq\OneDrive\Documentos\ucampus_wrapped\core\visuals\boleta_acta_milagrosa.py", line 37, in generate_barcode
    CODE128 = barcode.get_barcode_class('code128') # type: ignore
AttributeError: module 'barcode' has no attribute 'get_barcode_class'
2025-09-16 15:48:08 - INFO - ğŸš€ Creando recibo con sombra y cÃ³digo de barras...
2025-09-16 15:48:08 - INFO - ğŸ¨ Textura cargada correctamente
2025-09-16 15:48:08 - ERROR - âš ï¸ No se encontraron fuentes personalizadas. Se usarÃ¡ la fuente por defecto
Traceback (most recent call last):
  File "c:\Users\mvasq\OneDrive\Documentos\ucampus_wrapped\core\visuals\boleta_acta_milagrosa.py", line 224, in create_receipt_with_shadow_and_barcode
    font = ImageFont.truetype("IBMPlexMono-Regular.ttf", 16)
  File "c:\Users\mvasq\OneDrive\Documentos\ucampus_wrapped\.venv\lib\site-packages\PIL\ImageFont.py", line 880, in truetype
    return freetype(font)
  File "c:\Users\mvasq\OneDrive\Documentos\ucampus_wrapped\.venv\lib\site-packages\PIL\ImageFont.py", line 877, in freetype
    return FreeTypeFont(font, size, index, encoding, layout_engine)
  File "c:\Users\mvasq\OneDrive\Documentos\ucampus_wrapped\.venv\lib\site-packages\PIL\ImageFont.py", line 285, in __init__
    self.font = core.getfont(
OSError: cannot open resource
2025-09-16 15:48:08 - INFO - ğŸ–Šï¸ Dibujando tÃ­tulos del recibo...
2025-09-16 15:48:08 - INFO - ğŸ“¦ Dibujando cursos y notas...
2025-09-16 15:48:08 - INFO - ğŸš€ Generando cÃ³digo de barras...
2025-09-16 15:48:08 - INFO - ğŸ’¾ CÃ³digo de barras guardado en: temp_barcode.png
2025-09-16 15:48:08 - INFO - â„¹ï¸ Insertando cÃ³digo de barras en el recibo desde: temp_barcode.png
2025-09-16 15:48:08 - INFO - âœ… CÃ³digo de barras insertado en posiciÃ³n (50, 730)
2025-09-16 15:48:08 - INFO - ğŸ’¾ Recibo guardado en: data/receipt.png
2025-09-16 15:51:40 - INFO - ğŸš€ Creando recibo con sombra y cÃ³digo de barras...
2025-09-16 15:51:40 - INFO - ğŸ¨ Textura cargada correctamente
2025-09-16 15:51:40 - ERROR - âš ï¸ No se encontraron fuentes personalizadas. Se usarÃ¡ la fuente por defecto
Traceback (most recent call last):
  File "c:\Users\mvasq\OneDrive\Documentos\ucampus_wrapped\core\visuals\boleta_acta_milagrosa.py", line 224, in create_receipt_with_shadow_and_barcode
    font = ImageFont.truetype("IBMPlexMono-Regular.ttf", 16)
  File "c:\Users\mvasq\OneDrive\Documentos\ucampus_wrapped\.venv\lib\site-packages\PIL\ImageFont.py", line 880, in truetype
    return freetype(font)
  File "c:\Users\mvasq\OneDrive\Documentos\ucampus_wrapped\.venv\lib\site-packages\PIL\ImageFont.py", line 877, in freetype
    return FreeTypeFont(font, size, index, encoding, layout_engine)
  File "c:\Users\mvasq\OneDrive\Documentos\ucampus_wrapped\.venv\lib\site-packages\PIL\ImageFont.py", line 285, in __init__
    self.font = core.getfont(
OSError: cannot open resource
2025-09-16 15:51:40 - INFO - ğŸ–Šï¸ Dibujando tÃ­tulos del recibo...
2025-09-16 15:51:40 - INFO - ğŸ“¦ Dibujando cursos y notas...
2025-09-16 15:51:40 - INFO - ğŸš€ Generando cÃ³digo de barras...
2025-09-16 15:51:40 - INFO - ğŸ’¾ CÃ³digo de barras guardado en: temp_barcode.png
2025-09-16 15:51:40 - INFO - â„¹ï¸ Insertando cÃ³digo de barras en el recibo desde: temp_barcode.png
2025-09-16 15:51:40 - INFO - âœ… CÃ³digo de barras insertado en posiciÃ³n (50, 730)
2025-09-16 15:51:40 - INFO - ğŸ’¾ Recibo guardado en: data/receipt.png
2025-09-16 15:54:18 - INFO - ====== WebDriver manager ======
2025-09-16 15:54:19 - INFO - Get LATEST chromedriver version for google-chrome
2025-09-16 15:54:19 - INFO - Get LATEST chromedriver version for google-chrome
2025-09-16 15:54:19 - INFO - Get LATEST chromedriver version for google-chrome
2025-09-16 15:54:19 - INFO - WebDriver version 140.0.7339.82 selected
2025-09-16 15:54:19 - INFO - Modern chrome version https://storage.googleapis.com/chrome-for-testing-public/140.0.7339.82/win32/chromedriver-win32.zip
2025-09-16 15:54:19 - INFO - About to download new driver from https://storage.googleapis.com/chrome-for-testing-public/140.0.7339.82/win32/chromedriver-win32.zip
2025-09-16 15:54:20 - INFO - Driver downloading response is 200
2025-09-16 15:54:20 - INFO - Get LATEST chromedriver version for google-chrome
2025-09-16 15:54:21 - INFO - Driver has been saved in cache [C:\Users\mvasq\.wdm\drivers\chromedriver\win64\140.0.7339.82]
2025-09-16 15:54:23 - INFO - âœ… Chrome driver initialized.
2025-09-16 15:55:06 - INFO - ğŸ” Navegando a pÃ¡gina de login...
2025-09-16 15:55:10 - INFO - ğŸ” Esperando campo de usuario...
2025-09-16 15:55:11 - INFO - ğŸ“Œ Credenciales ingresadas
2025-09-16 15:55:11 - INFO - âœ… Login exitoso
2025-09-16 15:55:11 - INFO - ğŸš€ Inicio webscrapping de ucampus
2025-09-16 15:55:11 - INFO - ğŸ“¦ Recuperando indicadores
2025-09-16 15:55:11 - ERROR - âš ï¸ Error al cargar Indicadores del Estudiante
Traceback (most recent call last):
  File "c:\Users\mvasq\OneDrive\Documentos\ucampus_wrapped\core\scrapper\ucampus.py", line 45, in datos_indicadores
    indicadores_dl = driver.find_element(By.ID, "indicadores")
  File "c:\Users\mvasq\OneDrive\Documentos\ucampus_wrapped\.venv\lib\site-packages\selenium\webdriver\remote\webdriver.py", line 922, in find_element
    return self.execute(Command.FIND_ELEMENT, {"using": by, "value": value})["value"]
  File "c:\Users\mvasq\OneDrive\Documentos\ucampus_wrapped\.venv\lib\site-packages\selenium\webdriver\remote\webdriver.py", line 454, in execute
    self.error_handler.check_response(response)
  File "c:\Users\mvasq\OneDrive\Documentos\ucampus_wrapped\.venv\lib\site-packages\selenium\webdriver\remote\errorhandler.py", line 232, in check_response
    raise exception_class(message, screen, stacktrace)
selenium.common.exceptions.NoSuchElementException: Message: no such element: Unable to locate element: {"method":"css selector","selector":"[id="indicadores"]"}
  (Session info: chrome=140.0.7339.128); For documentation on this error, please visit: https://www.selenium.dev/documentation/webdriver/troubleshooting/errors#nosuchelementexception
Stacktrace:
	GetHandleVerifier [0x0x107d2a3+66419]
	GetHandleVerifier [0x0x107d2e4+66484]
	(No symbol) [0x0xe54bd3]
	(No symbol) [0x0xe9e958]
	(No symbol) [0x0xe9ecfb]
	(No symbol) [0x0xee5152]
	(No symbol) [0x0xec1064]
	(No symbol) [0x0xee28a1]
	(No symbol) [0x0xec0e16]
	(No symbol) [0x0xe925ce]
	(No symbol) [0x0xe934a4]
	GetHandleVerifier [0x0x12c5ee3+2461619]
	GetHandleVerifier [0x0x12c0f66+2441270]
	GetHandleVerifier [0x0x10a6242+234258]
	GetHandleVerifier [0x0x1096208+168664]
	GetHandleVerifier [0x0x109d1ad+197245]
	GetHandleVerifier [0x0x10855f8+100040]
	GetHandleVerifier [0x0x1085792+100450]
	GetHandleVerifier [0x0x106f74a+10266]
	BaseThreadInitThunk [0x0x76995d49+25]
	RtlInitializeExceptionChain [0x0x77e0d6db+107]
	RtlGetAppContainerNamedObjectPath [0x0x77e0d661+561]

2025-09-16 15:55:11 - INFO - ğŸ“¦ Recuperando resumen de ramos cursados por semestre
2025-09-16 15:55:11 - ERROR - âš ï¸ Error al cargar resumen
Traceback (most recent call last):
  File "c:\Users\mvasq\OneDrive\Documentos\ucampus_wrapped\core\scrapper\ucampus.py", line 93, in datos_resumen
    driver.execute_script("document.getElementById('resumen').style.display = 'block';")
  File "c:\Users\mvasq\OneDrive\Documentos\ucampus_wrapped\.venv\lib\site-packages\selenium\webdriver\remote\webdriver.py", line 551, in execute_script
    return self.execute(command, {"script": script, "args": converted_args})["value"]
  File "c:\Users\mvasq\OneDrive\Documentos\ucampus_wrapped\.venv\lib\site-packages\selenium\webdriver\remote\webdriver.py", line 454, in execute
    self.error_handler.check_response(response)
  File "c:\Users\mvasq\OneDrive\Documentos\ucampus_wrapped\.venv\lib\site-packages\selenium\webdriver\remote\errorhandler.py", line 232, in check_response
    raise exception_class(message, screen, stacktrace)
selenium.common.exceptions.JavascriptException: Message: javascript error: Cannot read properties of null (reading 'style')
  (Session info: chrome=140.0.7339.128)
Stacktrace:
	GetHandleVerifier [0x0x107d2a3+66419]
	GetHandleVerifier [0x0x107d2e4+66484]
	(No symbol) [0x0xe54bd3]
	(No symbol) [0x0xe5b597]
	(No symbol) [0x0xe5dbe3]
	(No symbol) [0x0xee390d]
	(No symbol) [0x0xec101c]
	(No symbol) [0x0xee28a1]
	(No symbol) [0x0xec0e16]
	(No symbol) [0x0xe925ce]
	(No symbol) [0x0xe934a4]
	GetHandleVerifier [0x0x12c5ee3+2461619]
	GetHandleVerifier [0x0x12c0f66+2441270]
	GetHandleVerifier [0x0x10a6242+234258]
	GetHandleVerifier [0x0x1096208+168664]
	GetHandleVerifier [0x0x109d1ad+197245]
	GetHandleVerifier [0x0x10855f8+100040]
	GetHandleVerifier [0x0x1085792+100450]
	GetHandleVerifier [0x0x106f74a+10266]
	BaseThreadInitThunk [0x0x76995d49+25]
	RtlInitializeExceptionChain [0x0x77e0d6db+107]
	RtlGetAppContainerNamedObjectPath [0x0x77e0d661+561]

2025-09-16 15:55:11 - INFO - ğŸ“¦ Recuperando cursos dictados
2025-09-16 15:55:27 - ERROR - âš ï¸ Error al cargar labores docentes
Traceback (most recent call last):
  File "c:\Users\mvasq\OneDrive\Documentos\ucampus_wrapped\core\scrapper\ucampus.py", line 184, in datos_labores_docentes
    header = wait.until(EC.presence_of_element_located((By.ID, "cursos_dictados")))
  File "c:\Users\mvasq\OneDrive\Documentos\ucampus_wrapped\.venv\lib\site-packages\selenium\webdriver\support\wait.py", line 138, in until
    raise TimeoutException(message, screen, stacktrace)
selenium.common.exceptions.TimeoutException: Message: 
Stacktrace:
	GetHandleVerifier [0x0x107d2a3+66419]
	GetHandleVerifier [0x0x107d2e4+66484]
	(No symbol) [0x0xe54bd3]
	(No symbol) [0x0xe9e958]
	(No symbol) [0x0xe9ecfb]
	(No symbol) [0x0xee5152]
	(No symbol) [0x0xec1064]
	(No symbol) [0x0xee28a1]
	(No symbol) [0x0xec0e16]
	(No symbol) [0x0xe925ce]
	(No symbol) [0x0xe934a4]
	GetHandleVerifier [0x0x12c5ee3+2461619]
	GetHandleVerifier [0x0x12c0f66+2441270]
	GetHandleVerifier [0x0x10a6242+234258]
	GetHandleVerifier [0x0x1096208+168664]
	GetHandleVerifier [0x0x109d1ad+197245]
	GetHandleVerifier [0x0x10855f8+100040]
	GetHandleVerifier [0x0x1085792+100450]
	GetHandleVerifier [0x0x106f74a+10266]
	BaseThreadInitThunk [0x0x76995d49+25]
	RtlInitializeExceptionChain [0x0x77e0d6db+107]
	RtlGetAppContainerNamedObjectPath [0x0x77e0d661+561]

2025-09-16 15:55:27 - INFO - ğŸ“¦ Recuperando secciÃ³n ExÃ¡menes de Grado y/o TÃ­tulo
2025-09-16 15:55:37 - ERROR - âš ï¸ Error al cargar ExÃ¡menes de Grado y/o TÃ­tulo
Traceback (most recent call last):
  File "c:\Users\mvasq\OneDrive\Documentos\ucampus_wrapped\core\scrapper\ucampus.py", line 279, in datos_examenes_y_titulo
    titulo_h2 = WebDriverWait(driver, 10).until(
  File "c:\Users\mvasq\OneDrive\Documentos\ucampus_wrapped\.venv\lib\site-packages\selenium\webdriver\support\wait.py", line 138, in until
    raise TimeoutException(message, screen, stacktrace)
selenium.common.exceptions.TimeoutException: Message: 
Stacktrace:
	GetHandleVerifier [0x0x107d2a3+66419]
	GetHandleVerifier [0x0x107d2e4+66484]
	(No symbol) [0x0xe54bd3]
	(No symbol) [0x0xe9e958]
	(No symbol) [0x0xe9ecfb]
	(No symbol) [0x0xee5152]
	(No symbol) [0x0xec1064]
	(No symbol) [0x0xee28a1]
	(No symbol) [0x0xec0e16]
	(No symbol) [0x0xe925ce]
	(No symbol) [0x0xe934a4]
	GetHandleVerifier [0x0x12c5ee3+2461619]
	GetHandleVerifier [0x0x12c0f66+2441270]
	GetHandleVerifier [0x0x10a6242+234258]
	GetHandleVerifier [0x0x1096208+168664]
	GetHandleVerifier [0x0x109d1ad+197245]
	GetHandleVerifier [0x0x10855f8+100040]
	GetHandleVerifier [0x0x1085792+100450]
	GetHandleVerifier [0x0x106f74a+10266]
	BaseThreadInitThunk [0x0x76995d49+25]
	RtlInitializeExceptionChain [0x0x77e0d6db+107]
	RtlGetAppContainerNamedObjectPath [0x0x77e0d661+561]

2025-09-16 15:55:37 - INFO - ğŸ“¦ Recuperando historial de pagos de UB
2025-09-16 15:55:37 - INFO - ğŸ” Navegando a pÃ¡gina de Unidades Becarias...
2025-09-16 15:55:48 - ERROR - âš ï¸ Error general al navegar en Unidades Becarias: Message: 
Stacktrace:
	GetHandleVerifier [0x0x107d2a3+66419]
	GetHandleVerifier [0x0x107d2e4+66484]
	(No symbol) [0x0xe54bd3]
	(No symbol) [0x0xe9e958]
	(No symbol) [0x0xe9ecfb]
	(No symbol) [0x0xee5152]
	(No symbol) [0x0xec1064]
	(No symbol) [0x0xee28a1]
	(No symbol) [0x0xec0e16]
	(No symbol) [0x0xe925ce]
	(No symbol) [0x0xe934a4]
	GetHandleVerifier [0x0x12c5ee3+2461619]
	GetHandleVerifier [0x0x12c0f66+2441270]
	GetHandleVerifier [0x0x10a6242+234258]
	GetHandleVerifier [0x0x1096208+168664]
	GetHandleVerifier [0x0x109d1ad+197245]
	GetHandleVerifier [0x0x10855f8+100040]
	GetHandleVerifier [0x0x1085792+100450]
	GetHandleVerifier [0x0x106f74a+10266]
	BaseThreadInitThunk [0x0x76995d49+25]
	RtlInitializeExceptionChain [0x0x77e0d6db+107]
	RtlGetAppContainerNamedObjectPath [0x0x77e0d661+561]
Traceback (most recent call last):
  File "c:\Users\mvasq\OneDrive\Documentos\ucampus_wrapped\core\scrapper\ucampus.py", line 345, in datos_UB
    wait.until(EC.presence_of_element_located((By.ID, "ano_chosen")))
  File "c:\Users\mvasq\OneDrive\Documentos\ucampus_wrapped\.venv\lib\site-packages\selenium\webdriver\support\wait.py", line 138, in until
    raise TimeoutException(message, screen, stacktrace)
selenium.common.exceptions.TimeoutException: Message: 
Stacktrace:
	GetHandleVerifier [0x0x107d2a3+66419]
	GetHandleVerifier [0x0x107d2e4+66484]
	(No symbol) [0x0xe54bd3]
	(No symbol) [0x0xe9e958]
	(No symbol) [0x0xe9ecfb]
	(No symbol) [0x0xee5152]
	(No symbol) [0x0xec1064]
	(No symbol) [0x0xee28a1]
	(No symbol) [0x0xec0e16]
	(No symbol) [0x0xe925ce]
	(No symbol) [0x0xe934a4]
	GetHandleVerifier [0x0x12c5ee3+2461619]
	GetHandleVerifier [0x0x12c0f66+2441270]
	GetHandleVerifier [0x0x10a6242+234258]
	GetHandleVerifier [0x0x1096208+168664]
	GetHandleVerifier [0x0x109d1ad+197245]
	GetHandleVerifier [0x0x10855f8+100040]
	GetHandleVerifier [0x0x1085792+100450]
	GetHandleVerifier [0x0x106f74a+10266]
	BaseThreadInitThunk [0x0x76995d49+25]
	RtlInitializeExceptionChain [0x0x77e0d6db+107]
	RtlGetAppContainerNamedObjectPath [0x0x77e0d661+561]

2025-09-16 15:55:48 - INFO - ğŸ“¦ Recuperando historial de UB eliminadas
2025-09-16 15:55:48 - INFO - ğŸ” Navegando a pÃ¡gina de Unidades Becarias...
2025-09-16 15:55:58 - ERROR - âŒ Error general al navegar en Unidades Becarias: Message: 
Stacktrace:
	GetHandleVerifier [0x0x107d2a3+66419]
	GetHandleVerifier [0x0x107d2e4+66484]
	(No symbol) [0x0xe54bd3]
	(No symbol) [0x0xe9e958]
	(No symbol) [0x0xe9ecfb]
	(No symbol) [0x0xee5152]
	(No symbol) [0x0xec1064]
	(No symbol) [0x0xee28a1]
	(No symbol) [0x0xec0e16]
	(No symbol) [0x0xe925ce]
	(No symbol) [0x0xe934a4]
	GetHandleVerifier [0x0x12c5ee3+2461619]
	GetHandleVerifier [0x0x12c0f66+2441270]
	GetHandleVerifier [0x0x10a6242+234258]
	GetHandleVerifier [0x0x1096208+168664]
	GetHandleVerifier [0x0x109d1ad+197245]
	GetHandleVerifier [0x0x10855f8+100040]
	GetHandleVerifier [0x0x1085792+100450]
	GetHandleVerifier [0x0x106f74a+10266]
	BaseThreadInitThunk [0x0x76995d49+25]
	RtlInitializeExceptionChain [0x0x77e0d6db+107]
	RtlGetAppContainerNamedObjectPath [0x0x77e0d661+561]
Traceback (most recent call last):
  File "c:\Users\mvasq\OneDrive\Documentos\ucampus_wrapped\core\scrapper\ucampus.py", line 438, in datos_UB_eliminados
    wait.until(EC.presence_of_element_located((By.ID, "ano_chosen")))
  File "c:\Users\mvasq\OneDrive\Documentos\ucampus_wrapped\.venv\lib\site-packages\selenium\webdriver\support\wait.py", line 138, in until
    raise TimeoutException(message, screen, stacktrace)
selenium.common.exceptions.TimeoutException: Message: 
Stacktrace:
	GetHandleVerifier [0x0x107d2a3+66419]
	GetHandleVerifier [0x0x107d2e4+66484]
	(No symbol) [0x0xe54bd3]
	(No symbol) [0x0xe9e958]
	(No symbol) [0x0xe9ecfb]
	(No symbol) [0x0xee5152]
	(No symbol) [0x0xec1064]
	(No symbol) [0x0xee28a1]
	(No symbol) [0x0xec0e16]
	(No symbol) [0x0xe925ce]
	(No symbol) [0x0xe934a4]
	GetHandleVerifier [0x0x12c5ee3+2461619]
	GetHandleVerifier [0x0x12c0f66+2441270]
	GetHandleVerifier [0x0x10a6242+234258]
	GetHandleVerifier [0x0x1096208+168664]
	GetHandleVerifier [0x0x109d1ad+197245]
	GetHandleVerifier [0x0x10855f8+100040]
	GetHandleVerifier [0x0x1085792+100450]
	GetHandleVerifier [0x0x106f74a+10266]
	BaseThreadInitThunk [0x0x76995d49+25]
	RtlInitializeExceptionChain [0x0x77e0d6db+107]
	RtlGetAppContainerNamedObjectPath [0x0x77e0d661+561]

2025-09-16 15:55:58 - INFO - ğŸ“¦ Recuperando Recuento de UDs
2025-09-16 15:56:08 - ERROR - âŒ Error al obtener el recuento de UDs: Message: 
Stacktrace:
	GetHandleVerifier [0x0x107d2a3+66419]
	GetHandleVerifier [0x0x107d2e4+66484]
	(No symbol) [0x0xe54bd3]
	(No symbol) [0x0xe9e958]
	(No symbol) [0x0xe9ecfb]
	(No symbol) [0x0xee5152]
	(No symbol) [0x0xec1064]
	(No symbol) [0x0xee28a1]
	(No symbol) [0x0xec0e16]
	(No symbol) [0x0xe925ce]
	(No symbol) [0x0xe934a4]
	GetHandleVerifier [0x0x12c5ee3+2461619]
	GetHandleVerifier [0x0x12c0f66+2441270]
	GetHandleVerifier [0x0x10a6242+234258]
	GetHandleVerifier [0x0x1096208+168664]
	GetHandleVerifier [0x0x109d1ad+197245]
	GetHandleVerifier [0x0x10855f8+100040]
	GetHandleVerifier [0x0x1085792+100450]
	GetHandleVerifier [0x0x106f74a+10266]
	BaseThreadInitThunk [0x0x76995d49+25]
	RtlInitializeExceptionChain [0x0x77e0d6db+107]
	RtlGetAppContainerNamedObjectPath [0x0x77e0d661+561]
Traceback (most recent call last):
  File "c:\Users\mvasq\OneDrive\Documentos\ucampus_wrapped\core\scrapper\ucampus.py", line 535, in datos_recuento
    tabla = wait.until(EC.presence_of_element_located((By.CLASS_NAME, "excel")))
  File "c:\Users\mvasq\OneDrive\Documentos\ucampus_wrapped\.venv\lib\site-packages\selenium\webdriver\support\wait.py", line 138, in until
    raise TimeoutException(message, screen, stacktrace)
selenium.common.exceptions.TimeoutException: Message: 
Stacktrace:
	GetHandleVerifier [0x0x107d2a3+66419]
	GetHandleVerifier [0x0x107d2e4+66484]
	(No symbol) [0x0xe54bd3]
	(No symbol) [0x0xe9e958]
	(No symbol) [0x0xe9ecfb]
	(No symbol) [0x0xee5152]
	(No symbol) [0x0xec1064]
	(No symbol) [0x0xee28a1]
	(No symbol) [0x0xec0e16]
	(No symbol) [0x0xe925ce]
	(No symbol) [0x0xe934a4]
	GetHandleVerifier [0x0x12c5ee3+2461619]
	GetHandleVerifier [0x0x12c0f66+2441270]
	GetHandleVerifier [0x0x10a6242+234258]
	GetHandleVerifier [0x0x1096208+168664]
	GetHandleVerifier [0x0x109d1ad+197245]
	GetHandleVerifier [0x0x10855f8+100040]
	GetHandleVerifier [0x0x1085792+100450]
	GetHandleVerifier [0x0x106f74a+10266]
	BaseThreadInitThunk [0x0x76995d49+25]
	RtlInitializeExceptionChain [0x0x77e0d6db+107]
	RtlGetAppContainerNamedObjectPath [0x0x77e0d661+561]

2025-09-16 15:56:08 - INFO - âœ… ExtracciÃ³n de datos de ucampus completada
2025-09-16 15:56:09 - INFO - ğŸ’¾ Excel creado: c:\Users\mvasq\OneDrive\Documentos\ucampus_wrapped\data\data_UCAMPUS_204719071.xlsx
2025-09-16 15:56:09 - INFO - ğŸ” Navegando a pÃ¡gina de login...
2025-09-16 15:56:12 - INFO - ğŸ” Esperando campo de usuario...
2025-09-16 15:56:13 - INFO - ğŸ“Œ Credenciales ingresadas
2025-09-16 15:56:13 - INFO - âœ… Login exitoso
2025-09-16 16:08:27 - INFO - ====== WebDriver manager ======
2025-09-16 16:08:28 - INFO - Get LATEST chromedriver version for google-chrome
2025-09-16 16:08:28 - INFO - Get LATEST chromedriver version for google-chrome
2025-09-16 16:08:29 - INFO - Driver [C:\Users\mvasq\.wdm\drivers\chromedriver\win64\140.0.7339.82\chromedriver-win32/chromedriver.exe] found in cache
2025-09-16 16:08:30 - INFO - âœ… Chrome driver initialized.
2025-09-16 16:08:36 - INFO - ğŸ” Navegando a pÃ¡gina de login...
2025-09-16 16:08:39 - INFO - ğŸ” Esperando campo de usuario...
2025-09-16 16:08:39 - INFO - ğŸ“Œ Credenciales ingresadas
2025-09-16 16:08:39 - INFO - âœ… Login exitoso
2025-09-16 16:08:39 - INFO - ğŸš€ Inicio webscrapping de ucampus
2025-09-16 16:08:39 - INFO - ğŸ“¦ Recuperando indicadores
2025-09-16 16:08:39 - ERROR - âš ï¸ Error al cargar Indicadores del Estudiante
Traceback (most recent call last):
  File "c:\Users\mvasq\OneDrive\Documentos\ucampus_wrapped\core\scrapper\ucampus.py", line 45, in datos_indicadores
    indicadores_dl = driver.find_element(By.ID, "indicadores")
  File "c:\Users\mvasq\OneDrive\Documentos\ucampus_wrapped\.venv\lib\site-packages\selenium\webdriver\remote\webdriver.py", line 922, in find_element
    return self.execute(Command.FIND_ELEMENT, {"using": by, "value": value})["value"]
  File "c:\Users\mvasq\OneDrive\Documentos\ucampus_wrapped\.venv\lib\site-packages\selenium\webdriver\remote\webdriver.py", line 454, in execute
    self.error_handler.check_response(response)
  File "c:\Users\mvasq\OneDrive\Documentos\ucampus_wrapped\.venv\lib\site-packages\selenium\webdriver\remote\errorhandler.py", line 232, in check_response
    raise exception_class(message, screen, stacktrace)
selenium.common.exceptions.NoSuchElementException: Message: no such element: Unable to locate element: {"method":"css selector","selector":"[id="indicadores"]"}
  (Session info: chrome=140.0.7339.128); For documentation on this error, please visit: https://www.selenium.dev/documentation/webdriver/troubleshooting/errors#nosuchelementexception
Stacktrace:
	GetHandleVerifier [0x0x107d2a3+66419]
	GetHandleVerifier [0x0x107d2e4+66484]
	(No symbol) [0x0xe54bd3]
	(No symbol) [0x0xe9e958]
	(No symbol) [0x0xe9ecfb]
	(No symbol) [0x0xee5152]
	(No symbol) [0x0xec1064]
	(No symbol) [0x0xee28a1]
	(No symbol) [0x0xec0e16]
	(No symbol) [0x0xe925ce]
	(No symbol) [0x0xe934a4]
	GetHandleVerifier [0x0x12c5ee3+2461619]
	GetHandleVerifier [0x0x12c0f66+2441270]
	GetHandleVerifier [0x0x10a6242+234258]
	GetHandleVerifier [0x0x1096208+168664]
	GetHandleVerifier [0x0x109d1ad+197245]
	GetHandleVerifier [0x0x10855f8+100040]
	GetHandleVerifier [0x0x1085792+100450]
	GetHandleVerifier [0x0x106f74a+10266]
	BaseThreadInitThunk [0x0x76995d49+25]
	RtlInitializeExceptionChain [0x0x77e0d6db+107]
	RtlGetAppContainerNamedObjectPath [0x0x77e0d661+561]

2025-09-16 16:08:39 - INFO - ğŸ“¦ Recuperando resumen de ramos cursados por semestre
2025-09-16 16:08:39 - ERROR - âš ï¸ Error al cargar resumen
Traceback (most recent call last):
  File "c:\Users\mvasq\OneDrive\Documentos\ucampus_wrapped\core\scrapper\ucampus.py", line 93, in datos_resumen
    driver.execute_script("document.getElementById('resumen').style.display = 'block';")
  File "c:\Users\mvasq\OneDrive\Documentos\ucampus_wrapped\.venv\lib\site-packages\selenium\webdriver\remote\webdriver.py", line 551, in execute_script
    return self.execute(command, {"script": script, "args": converted_args})["value"]
  File "c:\Users\mvasq\OneDrive\Documentos\ucampus_wrapped\.venv\lib\site-packages\selenium\webdriver\remote\webdriver.py", line 454, in execute
    self.error_handler.check_response(response)
  File "c:\Users\mvasq\OneDrive\Documentos\ucampus_wrapped\.venv\lib\site-packages\selenium\webdriver\remote\errorhandler.py", line 232, in check_response
    raise exception_class(message, screen, stacktrace)
selenium.common.exceptions.JavascriptException: Message: javascript error: Cannot read properties of null (reading 'style')
  (Session info: chrome=140.0.7339.128)
Stacktrace:
	GetHandleVerifier [0x0x107d2a3+66419]
	GetHandleVerifier [0x0x107d2e4+66484]
	(No symbol) [0x0xe54bd3]
	(No symbol) [0x0xe5b597]
	(No symbol) [0x0xe5dbe3]
	(No symbol) [0x0xee390d]
	(No symbol) [0x0xec101c]
	(No symbol) [0x0xee28a1]
	(No symbol) [0x0xec0e16]
	(No symbol) [0x0xe925ce]
	(No symbol) [0x0xe934a4]
	GetHandleVerifier [0x0x12c5ee3+2461619]
	GetHandleVerifier [0x0x12c0f66+2441270]
	GetHandleVerifier [0x0x10a6242+234258]
	GetHandleVerifier [0x0x1096208+168664]
	GetHandleVerifier [0x0x109d1ad+197245]
	GetHandleVerifier [0x0x10855f8+100040]
	GetHandleVerifier [0x0x1085792+100450]
	GetHandleVerifier [0x0x106f74a+10266]
	BaseThreadInitThunk [0x0x76995d49+25]
	RtlInitializeExceptionChain [0x0x77e0d6db+107]
	RtlGetAppContainerNamedObjectPath [0x0x77e0d661+561]

2025-09-16 16:08:39 - INFO - ğŸ“¦ Recuperando cursos dictados
2025-09-16 16:08:57 - INFO - ====== WebDriver manager ======
2025-09-16 16:08:58 - INFO - Get LATEST chromedriver version for google-chrome
2025-09-16 16:08:58 - INFO - Get LATEST chromedriver version for google-chrome
2025-09-16 16:08:58 - INFO - Driver [C:\Users\mvasq\.wdm\drivers\chromedriver\win64\140.0.7339.82\chromedriver-win32/chromedriver.exe] found in cache
2025-09-16 16:08:59 - INFO - âœ… Chrome driver initialized.
2025-09-16 16:08:59 - INFO - ğŸ” Navegando a pÃ¡gina de login...
2025-09-16 16:09:03 - INFO - ğŸ” Esperando campo de usuario...
2025-09-16 16:09:04 - INFO - ğŸ“Œ Credenciales ingresadas
2025-09-16 16:09:04 - INFO - âœ… Login exitoso
2025-09-16 16:09:04 - INFO - ğŸš€ Inicio webscrapping de ucampus
2025-09-16 16:09:04 - INFO - ğŸ“¦ Recuperando indicadores
2025-09-16 16:09:05 - INFO - âœ… Carga Exitosa: Indicadores
2025-09-16 16:09:05 - INFO - ğŸ“¦ Recuperando resumen de ramos cursados por semestre
2025-09-16 16:09:05 - INFO - â„¹ï¸ï¸ Div 'resumen' visible. Extrayendo tabla...
2025-09-16 16:09:05 - ERROR - âš ï¸ Error al cargar resumen
Traceback (most recent call last):
  File "c:\Users\mvasq\OneDrive\Documentos\ucampus_wrapped\core\scrapper\ucampus.py", line 117, in datos_resumen
    cursos_semestre = cursos_semestre[0].split()+[cursos_semestre[1]]
IndexError: list index out of range
2025-09-16 16:09:05 - INFO - ğŸ“¦ Recuperando cursos dictados
2025-09-16 16:09:20 - ERROR - âš ï¸ Error al cargar labores docentes
Traceback (most recent call last):
  File "c:\Users\mvasq\OneDrive\Documentos\ucampus_wrapped\core\scrapper\ucampus.py", line 184, in datos_labores_docentes
    header = wait.until(EC.presence_of_element_located((By.ID, "cursos_dictados")))
  File "c:\Users\mvasq\OneDrive\Documentos\ucampus_wrapped\.venv\lib\site-packages\selenium\webdriver\support\wait.py", line 138, in until
    raise TimeoutException(message, screen, stacktrace)
selenium.common.exceptions.TimeoutException: Message: 
Stacktrace:
	GetHandleVerifier [0x0x107d2a3+66419]
	GetHandleVerifier [0x0x107d2e4+66484]
	(No symbol) [0x0xe54bd3]
	(No symbol) [0x0xe9e958]
	(No symbol) [0x0xe9ecfb]
	(No symbol) [0x0xee5152]
	(No symbol) [0x0xec1064]
	(No symbol) [0x0xee28a1]
	(No symbol) [0x0xec0e16]
	(No symbol) [0x0xe925ce]
	(No symbol) [0x0xe934a4]
	GetHandleVerifier [0x0x12c5ee3+2461619]
	GetHandleVerifier [0x0x12c0f66+2441270]
	GetHandleVerifier [0x0x10a6242+234258]
	GetHandleVerifier [0x0x1096208+168664]
	GetHandleVerifier [0x0x109d1ad+197245]
	GetHandleVerifier [0x0x10855f8+100040]
	GetHandleVerifier [0x0x1085792+100450]
	GetHandleVerifier [0x0x106f74a+10266]
	BaseThreadInitThunk [0x0x76995d49+25]
	RtlInitializeExceptionChain [0x0x77e0d6db+107]
	RtlGetAppContainerNamedObjectPath [0x0x77e0d661+561]

2025-09-16 16:09:20 - INFO - ğŸ“¦ Recuperando secciÃ³n ExÃ¡menes de Grado y/o TÃ­tulo
2025-09-16 16:09:31 - ERROR - âš ï¸ Error al cargar ExÃ¡menes de Grado y/o TÃ­tulo
Traceback (most recent call last):
  File "c:\Users\mvasq\OneDrive\Documentos\ucampus_wrapped\core\scrapper\ucampus.py", line 279, in datos_examenes_y_titulo
    titulo_h2 = WebDriverWait(driver, 10).until(
  File "c:\Users\mvasq\OneDrive\Documentos\ucampus_wrapped\.venv\lib\site-packages\selenium\webdriver\support\wait.py", line 138, in until
    raise TimeoutException(message, screen, stacktrace)
selenium.common.exceptions.TimeoutException: Message: 
Stacktrace:
	GetHandleVerifier [0x0x107d2a3+66419]
	GetHandleVerifier [0x0x107d2e4+66484]
	(No symbol) [0x0xe54bd3]
	(No symbol) [0x0xe9e958]
	(No symbol) [0x0xe9ecfb]
	(No symbol) [0x0xee5152]
	(No symbol) [0x0xec1064]
	(No symbol) [0x0xee28a1]
	(No symbol) [0x0xec0e16]
	(No symbol) [0x0xe925ce]
	(No symbol) [0x0xe934a4]
	GetHandleVerifier [0x0x12c5ee3+2461619]
	GetHandleVerifier [0x0x12c0f66+2441270]
	GetHandleVerifier [0x0x10a6242+234258]
	GetHandleVerifier [0x0x1096208+168664]
	GetHandleVerifier [0x0x109d1ad+197245]
	GetHandleVerifier [0x0x10855f8+100040]
	GetHandleVerifier [0x0x1085792+100450]
	GetHandleVerifier [0x0x106f74a+10266]
	BaseThreadInitThunk [0x0x76995d49+25]
	RtlInitializeExceptionChain [0x0x77e0d6db+107]
	RtlGetAppContainerNamedObjectPath [0x0x77e0d661+561]

2025-09-16 16:09:31 - INFO - ğŸ“¦ Recuperando historial de pagos de UB
2025-09-16 16:09:31 - INFO - ğŸ” Navegando a pÃ¡gina de Unidades Becarias...
2025-09-16 16:09:41 - ERROR - âš ï¸ Error general al navegar en Unidades Becarias: Message: 
Stacktrace:
	GetHandleVerifier [0x0x107d2a3+66419]
	GetHandleVerifier [0x0x107d2e4+66484]
	(No symbol) [0x0xe54bd3]
	(No symbol) [0x0xe9e958]
	(No symbol) [0x0xe9ecfb]
	(No symbol) [0x0xee5152]
	(No symbol) [0x0xec1064]
	(No symbol) [0x0xee28a1]
	(No symbol) [0x0xec0e16]
	(No symbol) [0x0xe925ce]
	(No symbol) [0x0xe934a4]
	GetHandleVerifier [0x0x12c5ee3+2461619]
	GetHandleVerifier [0x0x12c0f66+2441270]
	GetHandleVerifier [0x0x10a6242+234258]
	GetHandleVerifier [0x0x1096208+168664]
	GetHandleVerifier [0x0x109d1ad+197245]
	GetHandleVerifier [0x0x10855f8+100040]
	GetHandleVerifier [0x0x1085792+100450]
	GetHandleVerifier [0x0x106f74a+10266]
	BaseThreadInitThunk [0x0x76995d49+25]
	RtlInitializeExceptionChain [0x0x77e0d6db+107]
	RtlGetAppContainerNamedObjectPath [0x0x77e0d661+561]
Traceback (most recent call last):
  File "c:\Users\mvasq\OneDrive\Documentos\ucampus_wrapped\core\scrapper\ucampus.py", line 345, in datos_UB
    wait.until(EC.presence_of_element_located((By.ID, "ano_chosen")))
  File "c:\Users\mvasq\OneDrive\Documentos\ucampus_wrapped\.venv\lib\site-packages\selenium\webdriver\support\wait.py", line 138, in until
    raise TimeoutException(message, screen, stacktrace)
selenium.common.exceptions.TimeoutException: Message: 
Stacktrace:
	GetHandleVerifier [0x0x107d2a3+66419]
	GetHandleVerifier [0x0x107d2e4+66484]
	(No symbol) [0x0xe54bd3]
	(No symbol) [0x0xe9e958]
	(No symbol) [0x0xe9ecfb]
	(No symbol) [0x0xee5152]
	(No symbol) [0x0xec1064]
	(No symbol) [0x0xee28a1]
	(No symbol) [0x0xec0e16]
	(No symbol) [0x0xe925ce]
	(No symbol) [0x0xe934a4]
	GetHandleVerifier [0x0x12c5ee3+2461619]
	GetHandleVerifier [0x0x12c0f66+2441270]
	GetHandleVerifier [0x0x10a6242+234258]
	GetHandleVerifier [0x0x1096208+168664]
	GetHandleVerifier [0x0x109d1ad+197245]
	GetHandleVerifier [0x0x10855f8+100040]
	GetHandleVerifier [0x0x1085792+100450]
	GetHandleVerifier [0x0x106f74a+10266]
	BaseThreadInitThunk [0x0x76995d49+25]
	RtlInitializeExceptionChain [0x0x77e0d6db+107]
	RtlGetAppContainerNamedObjectPath [0x0x77e0d661+561]

2025-09-16 16:09:41 - INFO - ğŸ“¦ Recuperando historial de UB eliminadas
2025-09-16 16:09:41 - INFO - ğŸ” Navegando a pÃ¡gina de Unidades Becarias...
2025-09-16 16:09:52 - ERROR - âŒ Error general al navegar en Unidades Becarias: Message: 
Stacktrace:
	GetHandleVerifier [0x0x107d2a3+66419]
	GetHandleVerifier [0x0x107d2e4+66484]
	(No symbol) [0x0xe54bd3]
	(No symbol) [0x0xe9e958]
	(No symbol) [0x0xe9ecfb]
	(No symbol) [0x0xee5152]
	(No symbol) [0x0xec1064]
	(No symbol) [0x0xee28a1]
	(No symbol) [0x0xec0e16]
	(No symbol) [0x0xe925ce]
	(No symbol) [0x0xe934a4]
	GetHandleVerifier [0x0x12c5ee3+2461619]
	GetHandleVerifier [0x0x12c0f66+2441270]
	GetHandleVerifier [0x0x10a6242+234258]
	GetHandleVerifier [0x0x1096208+168664]
	GetHandleVerifier [0x0x109d1ad+197245]
	GetHandleVerifier [0x0x10855f8+100040]
	GetHandleVerifier [0x0x1085792+100450]
	GetHandleVerifier [0x0x106f74a+10266]
	BaseThreadInitThunk [0x0x76995d49+25]
	RtlInitializeExceptionChain [0x0x77e0d6db+107]
	RtlGetAppContainerNamedObjectPath [0x0x77e0d661+561]
Traceback (most recent call last):
  File "c:\Users\mvasq\OneDrive\Documentos\ucampus_wrapped\core\scrapper\ucampus.py", line 438, in datos_UB_eliminados
    wait.until(EC.presence_of_element_located((By.ID, "ano_chosen")))
  File "c:\Users\mvasq\OneDrive\Documentos\ucampus_wrapped\.venv\lib\site-packages\selenium\webdriver\support\wait.py", line 138, in until
    raise TimeoutException(message, screen, stacktrace)
selenium.common.exceptions.TimeoutException: Message: 
Stacktrace:
	GetHandleVerifier [0x0x107d2a3+66419]
	GetHandleVerifier [0x0x107d2e4+66484]
	(No symbol) [0x0xe54bd3]
	(No symbol) [0x0xe9e958]
	(No symbol) [0x0xe9ecfb]
	(No symbol) [0x0xee5152]
	(No symbol) [0x0xec1064]
	(No symbol) [0x0xee28a1]
	(No symbol) [0x0xec0e16]
	(No symbol) [0x0xe925ce]
	(No symbol) [0x0xe934a4]
	GetHandleVerifier [0x0x12c5ee3+2461619]
	GetHandleVerifier [0x0x12c0f66+2441270]
	GetHandleVerifier [0x0x10a6242+234258]
	GetHandleVerifier [0x0x1096208+168664]
	GetHandleVerifier [0x0x109d1ad+197245]
	GetHandleVerifier [0x0x10855f8+100040]
	GetHandleVerifier [0x0x1085792+100450]
	GetHandleVerifier [0x0x106f74a+10266]
	BaseThreadInitThunk [0x0x76995d49+25]
	RtlInitializeExceptionChain [0x0x77e0d6db+107]
	RtlGetAppContainerNamedObjectPath [0x0x77e0d661+561]

2025-09-16 16:09:52 - INFO - ğŸ“¦ Recuperando Recuento de UDs
2025-09-16 16:10:02 - ERROR - âŒ Error al obtener el recuento de UDs: Message: 
Stacktrace:
	GetHandleVerifier [0x0x107d2a3+66419]
	GetHandleVerifier [0x0x107d2e4+66484]
	(No symbol) [0x0xe54bd3]
	(No symbol) [0x0xe9e958]
	(No symbol) [0x0xe9ecfb]
	(No symbol) [0x0xee5152]
	(No symbol) [0x0xec1064]
	(No symbol) [0x0xee28a1]
	(No symbol) [0x0xec0e16]
	(No symbol) [0x0xe925ce]
	(No symbol) [0x0xe934a4]
	GetHandleVerifier [0x0x12c5ee3+2461619]
	GetHandleVerifier [0x0x12c0f66+2441270]
	GetHandleVerifier [0x0x10a6242+234258]
	GetHandleVerifier [0x0x1096208+168664]
	GetHandleVerifier [0x0x109d1ad+197245]
	GetHandleVerifier [0x0x10855f8+100040]
	GetHandleVerifier [0x0x1085792+100450]
	GetHandleVerifier [0x0x106f74a+10266]
	BaseThreadInitThunk [0x0x76995d49+25]
	RtlInitializeExceptionChain [0x0x77e0d6db+107]
	RtlGetAppContainerNamedObjectPath [0x0x77e0d661+561]
Traceback (most recent call last):
  File "c:\Users\mvasq\OneDrive\Documentos\ucampus_wrapped\core\scrapper\ucampus.py", line 535, in datos_recuento
    tabla = wait.until(EC.presence_of_element_located((By.CLASS_NAME, "excel")))
  File "c:\Users\mvasq\OneDrive\Documentos\ucampus_wrapped\.venv\lib\site-packages\selenium\webdriver\support\wait.py", line 138, in until
    raise TimeoutException(message, screen, stacktrace)
selenium.common.exceptions.TimeoutException: Message: 
Stacktrace:
	GetHandleVerifier [0x0x107d2a3+66419]
	GetHandleVerifier [0x0x107d2e4+66484]
	(No symbol) [0x0xe54bd3]
	(No symbol) [0x0xe9e958]
	(No symbol) [0x0xe9ecfb]
	(No symbol) [0x0xee5152]
	(No symbol) [0x0xec1064]
	(No symbol) [0x0xee28a1]
	(No symbol) [0x0xec0e16]
	(No symbol) [0x0xe925ce]
	(No symbol) [0x0xe934a4]
	GetHandleVerifier [0x0x12c5ee3+2461619]
	GetHandleVerifier [0x0x12c0f66+2441270]
	GetHandleVerifier [0x0x10a6242+234258]
	GetHandleVerifier [0x0x1096208+168664]
	GetHandleVerifier [0x0x109d1ad+197245]
	GetHandleVerifier [0x0x10855f8+100040]
	GetHandleVerifier [0x0x1085792+100450]
	GetHandleVerifier [0x0x106f74a+10266]
	BaseThreadInitThunk [0x0x76995d49+25]
	RtlInitializeExceptionChain [0x0x77e0d6db+107]
	RtlGetAppContainerNamedObjectPath [0x0x77e0d661+561]

2025-09-16 16:10:02 - INFO - âœ… ExtracciÃ³n de datos de ucampus completada
2025-09-16 16:10:02 - INFO - ğŸ’¾ Excel creado: c:\Users\mvasq\OneDrive\Documentos\ucampus_wrapped\data\data_UCAMPUS_204719071.xlsx
2025-09-16 16:10:02 - INFO - ğŸ” Navegando a pÃ¡gina de login...
2025-09-16 16:10:06 - INFO - ğŸ” Esperando campo de usuario...
2025-09-16 16:10:07 - INFO - ğŸ“Œ Credenciales ingresadas
2025-09-16 16:10:07 - INFO - âœ… Login exitoso
2025-09-16 17:01:09 - INFO - ====== WebDriver manager ======
2025-09-16 17:01:10 - INFO - Get LATEST chromedriver version for google-chrome
2025-09-16 17:01:10 - INFO - Get LATEST chromedriver version for google-chrome
2025-09-16 17:01:10 - INFO - Driver [C:\Users\mvasq\.wdm\drivers\chromedriver\win64\140.0.7339.82\chromedriver-win32/chromedriver.exe] found in cache
2025-09-16 17:01:11 - INFO - âœ… Chrome driver initialized.
2025-09-16 17:01:11 - INFO - ğŸ” Navegando a pÃ¡gina de login...
2025-09-16 17:01:15 - INFO - ğŸ” Esperando campo de usuario...
2025-09-16 17:01:16 - INFO - ğŸ“Œ Credenciales ingresadas
2025-09-16 17:01:16 - INFO - âœ… Login exitoso
2025-09-16 17:01:16 - INFO - ğŸš€ Inicio webscrapping de ucampus
2025-09-16 17:01:16 - INFO - ğŸ“¦ Recuperando indicadores
2025-09-16 17:01:17 - INFO - âœ… Carga Exitosa: Indicadores
2025-09-16 17:01:17 - INFO - ğŸ“¦ Recuperando resumen de ramos cursados por semestre
2025-09-16 17:01:17 - INFO - â„¹ï¸ï¸ Div 'resumen' visible. Extrayendo tabla...
2025-09-16 17:01:17 - ERROR - âš ï¸ Error al cargar resumen
Traceback (most recent call last):
  File "C:\Users\mvasq\OneDrive\Documentos\ucampus_wrapped\core\scrapper\ucampus.py", line 117, in datos_resumen
    cursos_semestre = cursos_semestre[0].split()+[cursos_semestre[1]]
IndexError: list index out of range
2025-09-16 17:01:17 - INFO - ğŸ“¦ Recuperando cursos dictados
2025-09-16 17:01:33 - ERROR - âš ï¸ Error al cargar labores docentes
Traceback (most recent call last):
  File "C:\Users\mvasq\OneDrive\Documentos\ucampus_wrapped\core\scrapper\ucampus.py", line 184, in datos_labores_docentes
    header = wait.until(EC.presence_of_element_located((By.ID, "cursos_dictados")))
  File "c:\Users\mvasq\OneDrive\Documentos\ucampus_wrapped\.venv\lib\site-packages\selenium\webdriver\support\wait.py", line 138, in until
    raise TimeoutException(message, screen, stacktrace)
selenium.common.exceptions.TimeoutException: Message: 
Stacktrace:
	GetHandleVerifier [0x0x107d2a3+66419]
	GetHandleVerifier [0x0x107d2e4+66484]
	(No symbol) [0x0xe54bd3]
	(No symbol) [0x0xe9e958]
	(No symbol) [0x0xe9ecfb]
	(No symbol) [0x0xee5152]
	(No symbol) [0x0xec1064]
	(No symbol) [0x0xee28a1]
	(No symbol) [0x0xec0e16]
	(No symbol) [0x0xe925ce]
	(No symbol) [0x0xe934a4]
	GetHandleVerifier [0x0x12c5ee3+2461619]
	GetHandleVerifier [0x0x12c0f66+2441270]
	GetHandleVerifier [0x0x10a6242+234258]
	GetHandleVerifier [0x0x1096208+168664]
	GetHandleVerifier [0x0x109d1ad+197245]
	GetHandleVerifier [0x0x10855f8+100040]
	GetHandleVerifier [0x0x1085792+100450]
	GetHandleVerifier [0x0x106f74a+10266]
	BaseThreadInitThunk [0x0x76995d49+25]
	RtlInitializeExceptionChain [0x0x77e0d6db+107]
	RtlGetAppContainerNamedObjectPath [0x0x77e0d661+561]

2025-09-16 17:01:33 - INFO - ğŸ“¦ Recuperando secciÃ³n ExÃ¡menes de Grado y/o TÃ­tulo
2025-09-16 17:01:43 - ERROR - âš ï¸ Error al cargar ExÃ¡menes de Grado y/o TÃ­tulo
Traceback (most recent call last):
  File "C:\Users\mvasq\OneDrive\Documentos\ucampus_wrapped\core\scrapper\ucampus.py", line 279, in datos_examenes_y_titulo
    titulo_h2 = WebDriverWait(driver, 10).until(
  File "c:\Users\mvasq\OneDrive\Documentos\ucampus_wrapped\.venv\lib\site-packages\selenium\webdriver\support\wait.py", line 138, in until
    raise TimeoutException(message, screen, stacktrace)
selenium.common.exceptions.TimeoutException: Message: 
Stacktrace:
	GetHandleVerifier [0x0x107d2a3+66419]
	GetHandleVerifier [0x0x107d2e4+66484]
	(No symbol) [0x0xe54bd3]
	(No symbol) [0x0xe9e958]
	(No symbol) [0x0xe9ecfb]
	(No symbol) [0x0xee5152]
	(No symbol) [0x0xec1064]
	(No symbol) [0x0xee28a1]
	(No symbol) [0x0xec0e16]
	(No symbol) [0x0xe925ce]
	(No symbol) [0x0xe934a4]
	GetHandleVerifier [0x0x12c5ee3+2461619]
	GetHandleVerifier [0x0x12c0f66+2441270]
	GetHandleVerifier [0x0x10a6242+234258]
	GetHandleVerifier [0x0x1096208+168664]
	GetHandleVerifier [0x0x109d1ad+197245]
	GetHandleVerifier [0x0x10855f8+100040]
	GetHandleVerifier [0x0x1085792+100450]
	GetHandleVerifier [0x0x106f74a+10266]
	BaseThreadInitThunk [0x0x76995d49+25]
	RtlInitializeExceptionChain [0x0x77e0d6db+107]
	RtlGetAppContainerNamedObjectPath [0x0x77e0d661+561]

2025-09-16 17:01:43 - INFO - ğŸ“¦ Recuperando historial de pagos de UB
2025-09-16 17:01:43 - INFO - ğŸ” Navegando a pÃ¡gina de Unidades Becarias...
2025-09-16 17:01:54 - ERROR - âš ï¸ Error general al navegar en Unidades Becarias: Message: 
Stacktrace:
	GetHandleVerifier [0x0x107d2a3+66419]
	GetHandleVerifier [0x0x107d2e4+66484]
	(No symbol) [0x0xe54bd3]
	(No symbol) [0x0xe9e958]
	(No symbol) [0x0xe9ecfb]
	(No symbol) [0x0xee5152]
	(No symbol) [0x0xec1064]
	(No symbol) [0x0xee28a1]
	(No symbol) [0x0xec0e16]
	(No symbol) [0x0xe925ce]
	(No symbol) [0x0xe934a4]
	GetHandleVerifier [0x0x12c5ee3+2461619]
	GetHandleVerifier [0x0x12c0f66+2441270]
	GetHandleVerifier [0x0x10a6242+234258]
	GetHandleVerifier [0x0x1096208+168664]
	GetHandleVerifier [0x0x109d1ad+197245]
	GetHandleVerifier [0x0x10855f8+100040]
	GetHandleVerifier [0x0x1085792+100450]
	GetHandleVerifier [0x0x106f74a+10266]
	BaseThreadInitThunk [0x0x76995d49+25]
	RtlInitializeExceptionChain [0x0x77e0d6db+107]
	RtlGetAppContainerNamedObjectPath [0x0x77e0d661+561]
Traceback (most recent call last):
  File "C:\Users\mvasq\OneDrive\Documentos\ucampus_wrapped\core\scrapper\ucampus.py", line 345, in datos_UB
    wait.until(EC.presence_of_element_located((By.ID, "ano_chosen")))
  File "c:\Users\mvasq\OneDrive\Documentos\ucampus_wrapped\.venv\lib\site-packages\selenium\webdriver\support\wait.py", line 138, in until
    raise TimeoutException(message, screen, stacktrace)
selenium.common.exceptions.TimeoutException: Message: 
Stacktrace:
	GetHandleVerifier [0x0x107d2a3+66419]
	GetHandleVerifier [0x0x107d2e4+66484]
	(No symbol) [0x0xe54bd3]
	(No symbol) [0x0xe9e958]
	(No symbol) [0x0xe9ecfb]
	(No symbol) [0x0xee5152]
	(No symbol) [0x0xec1064]
	(No symbol) [0x0xee28a1]
	(No symbol) [0x0xec0e16]
	(No symbol) [0x0xe925ce]
	(No symbol) [0x0xe934a4]
	GetHandleVerifier [0x0x12c5ee3+2461619]
	GetHandleVerifier [0x0x12c0f66+2441270]
	GetHandleVerifier [0x0x10a6242+234258]
	GetHandleVerifier [0x0x1096208+168664]
	GetHandleVerifier [0x0x109d1ad+197245]
	GetHandleVerifier [0x0x10855f8+100040]
	GetHandleVerifier [0x0x1085792+100450]
	GetHandleVerifier [0x0x106f74a+10266]
	BaseThreadInitThunk [0x0x76995d49+25]
	RtlInitializeExceptionChain [0x0x77e0d6db+107]
	RtlGetAppContainerNamedObjectPath [0x0x77e0d661+561]

2025-09-16 17:01:54 - INFO - ğŸ“¦ Recuperando historial de UB eliminadas
2025-09-16 17:01:54 - INFO - ğŸ” Navegando a pÃ¡gina de Unidades Becarias...
2025-09-16 17:02:04 - ERROR - âŒ Error general al navegar en Unidades Becarias: Message: 
Stacktrace:
	GetHandleVerifier [0x0x107d2a3+66419]
	GetHandleVerifier [0x0x107d2e4+66484]
	(No symbol) [0x0xe54bd3]
	(No symbol) [0x0xe9e958]
	(No symbol) [0x0xe9ecfb]
	(No symbol) [0x0xee5152]
	(No symbol) [0x0xec1064]
	(No symbol) [0x0xee28a1]
	(No symbol) [0x0xec0e16]
	(No symbol) [0x0xe925ce]
	(No symbol) [0x0xe934a4]
	GetHandleVerifier [0x0x12c5ee3+2461619]
	GetHandleVerifier [0x0x12c0f66+2441270]
	GetHandleVerifier [0x0x10a6242+234258]
	GetHandleVerifier [0x0x1096208+168664]
	GetHandleVerifier [0x0x109d1ad+197245]
	GetHandleVerifier [0x0x10855f8+100040]
	GetHandleVerifier [0x0x1085792+100450]
	GetHandleVerifier [0x0x106f74a+10266]
	BaseThreadInitThunk [0x0x76995d49+25]
	RtlInitializeExceptionChain [0x0x77e0d6db+107]
	RtlGetAppContainerNamedObjectPath [0x0x77e0d661+561]
Traceback (most recent call last):
  File "C:\Users\mvasq\OneDrive\Documentos\ucampus_wrapped\core\scrapper\ucampus.py", line 438, in datos_UB_eliminados
    wait.until(EC.presence_of_element_located((By.ID, "ano_chosen")))
  File "c:\Users\mvasq\OneDrive\Documentos\ucampus_wrapped\.venv\lib\site-packages\selenium\webdriver\support\wait.py", line 138, in until
    raise TimeoutException(message, screen, stacktrace)
selenium.common.exceptions.TimeoutException: Message: 
Stacktrace:
	GetHandleVerifier [0x0x107d2a3+66419]
	GetHandleVerifier [0x0x107d2e4+66484]
	(No symbol) [0x0xe54bd3]
	(No symbol) [0x0xe9e958]
	(No symbol) [0x0xe9ecfb]
	(No symbol) [0x0xee5152]
	(No symbol) [0x0xec1064]
	(No symbol) [0x0xee28a1]
	(No symbol) [0x0xec0e16]
	(No symbol) [0x0xe925ce]
	(No symbol) [0x0xe934a4]
	GetHandleVerifier [0x0x12c5ee3+2461619]
	GetHandleVerifier [0x0x12c0f66+2441270]
	GetHandleVerifier [0x0x10a6242+234258]
	GetHandleVerifier [0x0x1096208+168664]
	GetHandleVerifier [0x0x109d1ad+197245]
	GetHandleVerifier [0x0x10855f8+100040]
	GetHandleVerifier [0x0x1085792+100450]
	GetHandleVerifier [0x0x106f74a+10266]
	BaseThreadInitThunk [0x0x76995d49+25]
	RtlInitializeExceptionChain [0x0x77e0d6db+107]
	RtlGetAppContainerNamedObjectPath [0x0x77e0d661+561]

2025-09-16 17:02:04 - INFO - ğŸ“¦ Recuperando Recuento de UDs
2025-09-16 17:02:14 - ERROR - âŒ Error al obtener el recuento de UDs: Message: 
Stacktrace:
	GetHandleVerifier [0x0x107d2a3+66419]
	GetHandleVerifier [0x0x107d2e4+66484]
	(No symbol) [0x0xe54bd3]
	(No symbol) [0x0xe9e958]
	(No symbol) [0x0xe9ecfb]
	(No symbol) [0x0xee5152]
	(No symbol) [0x0xec1064]
	(No symbol) [0x0xee28a1]
	(No symbol) [0x0xec0e16]
	(No symbol) [0x0xe925ce]
	(No symbol) [0x0xe934a4]
	GetHandleVerifier [0x0x12c5ee3+2461619]
	GetHandleVerifier [0x0x12c0f66+2441270]
	GetHandleVerifier [0x0x10a6242+234258]
	GetHandleVerifier [0x0x1096208+168664]
	GetHandleVerifier [0x0x109d1ad+197245]
	GetHandleVerifier [0x0x10855f8+100040]
	GetHandleVerifier [0x0x1085792+100450]
	GetHandleVerifier [0x0x106f74a+10266]
	BaseThreadInitThunk [0x0x76995d49+25]
	RtlInitializeExceptionChain [0x0x77e0d6db+107]
	RtlGetAppContainerNamedObjectPath [0x0x77e0d661+561]
Traceback (most recent call last):
  File "C:\Users\mvasq\OneDrive\Documentos\ucampus_wrapped\core\scrapper\ucampus.py", line 535, in datos_recuento
    tabla = wait.until(EC.presence_of_element_located((By.CLASS_NAME, "excel")))
  File "c:\Users\mvasq\OneDrive\Documentos\ucampus_wrapped\.venv\lib\site-packages\selenium\webdriver\support\wait.py", line 138, in until
    raise TimeoutException(message, screen, stacktrace)
selenium.common.exceptions.TimeoutException: Message: 
Stacktrace:
	GetHandleVerifier [0x0x107d2a3+66419]
	GetHandleVerifier [0x0x107d2e4+66484]
	(No symbol) [0x0xe54bd3]
	(No symbol) [0x0xe9e958]
	(No symbol) [0x0xe9ecfb]
	(No symbol) [0x0xee5152]
	(No symbol) [0x0xec1064]
	(No symbol) [0x0xee28a1]
	(No symbol) [0x0xec0e16]
	(No symbol) [0x0xe925ce]
	(No symbol) [0x0xe934a4]
	GetHandleVerifier [0x0x12c5ee3+2461619]
	GetHandleVerifier [0x0x12c0f66+2441270]
	GetHandleVerifier [0x0x10a6242+234258]
	GetHandleVerifier [0x0x1096208+168664]
	GetHandleVerifier [0x0x109d1ad+197245]
	GetHandleVerifier [0x0x10855f8+100040]
	GetHandleVerifier [0x0x1085792+100450]
	GetHandleVerifier [0x0x106f74a+10266]
	BaseThreadInitThunk [0x0x76995d49+25]
	RtlInitializeExceptionChain [0x0x77e0d6db+107]
	RtlGetAppContainerNamedObjectPath [0x0x77e0d661+561]

2025-09-16 17:02:14 - INFO - âœ… ExtracciÃ³n de datos de ucampus completada
2025-09-16 17:02:15 - INFO - ğŸ’¾ Excel creado: C:\Users\mvasq\OneDrive\Documentos\ucampus_wrapped\data\data_UCAMPUS_204719071.xlsx
2025-09-16 17:02:15 - INFO - ğŸ” Navegando a pÃ¡gina de login...
2025-09-16 17:02:18 - INFO - ğŸ” Esperando campo de usuario...
2025-09-16 17:02:19 - INFO - ğŸ“Œ Credenciales ingresadas
2025-09-16 17:02:19 - INFO - âœ… Login exitoso
2025-09-16 17:22:49 - INFO - ====== WebDriver manager ======
2025-09-16 17:22:50 - INFO - Get LATEST chromedriver version for google-chrome
2025-09-16 17:22:50 - INFO - Get LATEST chromedriver version for google-chrome
2025-09-16 17:22:50 - INFO - Driver [C:\Users\mvasq\.wdm\drivers\chromedriver\win64\140.0.7339.82\chromedriver-win32/chromedriver.exe] found in cache
2025-09-16 17:22:52 - INFO - âœ… Chrome driver initialized.
2025-09-16 17:22:52 - INFO - ğŸ” Navegando a pÃ¡gina de login...
2025-09-16 17:22:55 - INFO - ğŸ” Esperando campo de usuario...
2025-09-16 17:22:57 - INFO - ğŸ“Œ Credenciales ingresadas
2025-09-16 17:22:57 - INFO - âœ… Login exitoso
2025-09-16 17:22:57 - INFO - ğŸš€ Inicio webscrapping de ucampus
2025-09-16 17:22:57 - INFO - ğŸ“¦ Recuperando indicadores
2025-09-16 17:22:57 - INFO - âœ… Carga Exitosa: Indicadores
2025-09-16 17:22:57 - INFO - ğŸ“¦ Recuperando resumen de ramos cursados por semestre
2025-09-16 17:22:57 - INFO - â„¹ï¸ï¸ Div 'resumen' visible. Extrayendo tabla...
2025-09-16 17:22:58 - ERROR - âš ï¸ Error al cargar resumen
Traceback (most recent call last):
  File "C:\Users\mvasq\OneDrive\Documentos\ucampus_wrapped\core\scrapper\ucampus.py", line 117, in datos_resumen
    cursos_semestre = cursos_semestre[0].split()+[cursos_semestre[1]]
IndexError: list index out of range
2025-09-16 17:22:58 - INFO - ğŸ“¦ Recuperando cursos dictados
2025-09-16 17:23:13 - ERROR - âš ï¸ Error al cargar labores docentes
Traceback (most recent call last):
  File "C:\Users\mvasq\OneDrive\Documentos\ucampus_wrapped\core\scrapper\ucampus.py", line 184, in datos_labores_docentes
    header = wait.until(EC.presence_of_element_located((By.ID, "cursos_dictados")))
  File "c:\Users\mvasq\OneDrive\Documentos\ucampus_wrapped\.venv\lib\site-packages\selenium\webdriver\support\wait.py", line 138, in until
    raise TimeoutException(message, screen, stacktrace)
selenium.common.exceptions.TimeoutException: Message: 
Stacktrace:
	GetHandleVerifier [0x0x107d2a3+66419]
	GetHandleVerifier [0x0x107d2e4+66484]
	(No symbol) [0x0xe54bd3]
	(No symbol) [0x0xe9e958]
	(No symbol) [0x0xe9ecfb]
	(No symbol) [0x0xee5152]
	(No symbol) [0x0xec1064]
	(No symbol) [0x0xee28a1]
	(No symbol) [0x0xec0e16]
	(No symbol) [0x0xe925ce]
	(No symbol) [0x0xe934a4]
	GetHandleVerifier [0x0x12c5ee3+2461619]
	GetHandleVerifier [0x0x12c0f66+2441270]
	GetHandleVerifier [0x0x10a6242+234258]
	GetHandleVerifier [0x0x1096208+168664]
	GetHandleVerifier [0x0x109d1ad+197245]
	GetHandleVerifier [0x0x10855f8+100040]
	GetHandleVerifier [0x0x1085792+100450]
	GetHandleVerifier [0x0x106f74a+10266]
	BaseThreadInitThunk [0x0x76995d49+25]
	RtlInitializeExceptionChain [0x0x77e0d6db+107]
	RtlGetAppContainerNamedObjectPath [0x0x77e0d661+561]

2025-09-16 17:23:13 - INFO - ğŸ“¦ Recuperando secciÃ³n ExÃ¡menes de Grado y/o TÃ­tulo
2025-09-16 17:23:24 - ERROR - âš ï¸ Error al cargar ExÃ¡menes de Grado y/o TÃ­tulo
Traceback (most recent call last):
  File "C:\Users\mvasq\OneDrive\Documentos\ucampus_wrapped\core\scrapper\ucampus.py", line 279, in datos_examenes_y_titulo
    titulo_h2 = WebDriverWait(driver, 10).until(
  File "c:\Users\mvasq\OneDrive\Documentos\ucampus_wrapped\.venv\lib\site-packages\selenium\webdriver\support\wait.py", line 138, in until
    raise TimeoutException(message, screen, stacktrace)
selenium.common.exceptions.TimeoutException: Message: 
Stacktrace:
	GetHandleVerifier [0x0x107d2a3+66419]
	GetHandleVerifier [0x0x107d2e4+66484]
	(No symbol) [0x0xe54bd3]
	(No symbol) [0x0xe9e958]
	(No symbol) [0x0xe9ecfb]
	(No symbol) [0x0xee5152]
	(No symbol) [0x0xec1064]
	(No symbol) [0x0xee28a1]
	(No symbol) [0x0xec0e16]
	(No symbol) [0x0xe925ce]
	(No symbol) [0x0xe934a4]
	GetHandleVerifier [0x0x12c5ee3+2461619]
	GetHandleVerifier [0x0x12c0f66+2441270]
	GetHandleVerifier [0x0x10a6242+234258]
	GetHandleVerifier [0x0x1096208+168664]
	GetHandleVerifier [0x0x109d1ad+197245]
	GetHandleVerifier [0x0x10855f8+100040]
	GetHandleVerifier [0x0x1085792+100450]
	GetHandleVerifier [0x0x106f74a+10266]
	BaseThreadInitThunk [0x0x76995d49+25]
	RtlInitializeExceptionChain [0x0x77e0d6db+107]
	RtlGetAppContainerNamedObjectPath [0x0x77e0d661+561]

2025-09-16 17:23:24 - INFO - ğŸ“¦ Recuperando historial de pagos de UB
2025-09-16 17:23:24 - INFO - ğŸ” Navegando a pÃ¡gina de Unidades Becarias...
2025-09-16 17:23:34 - ERROR - âš ï¸ Error general al navegar en Unidades Becarias: Message: 
Stacktrace:
	GetHandleVerifier [0x0x107d2a3+66419]
	GetHandleVerifier [0x0x107d2e4+66484]
	(No symbol) [0x0xe54bd3]
	(No symbol) [0x0xe9e958]
	(No symbol) [0x0xe9ecfb]
	(No symbol) [0x0xee5152]
	(No symbol) [0x0xec1064]
	(No symbol) [0x0xee28a1]
	(No symbol) [0x0xec0e16]
	(No symbol) [0x0xe925ce]
	(No symbol) [0x0xe934a4]
	GetHandleVerifier [0x0x12c5ee3+2461619]
	GetHandleVerifier [0x0x12c0f66+2441270]
	GetHandleVerifier [0x0x10a6242+234258]
	GetHandleVerifier [0x0x1096208+168664]
	GetHandleVerifier [0x0x109d1ad+197245]
	GetHandleVerifier [0x0x10855f8+100040]
	GetHandleVerifier [0x0x1085792+100450]
	GetHandleVerifier [0x0x106f74a+10266]
	BaseThreadInitThunk [0x0x76995d49+25]
	RtlInitializeExceptionChain [0x0x77e0d6db+107]
	RtlGetAppContainerNamedObjectPath [0x0x77e0d661+561]
Traceback (most recent call last):
  File "C:\Users\mvasq\OneDrive\Documentos\ucampus_wrapped\core\scrapper\ucampus.py", line 345, in datos_UB
    wait.until(EC.presence_of_element_located((By.ID, "ano_chosen")))
  File "c:\Users\mvasq\OneDrive\Documentos\ucampus_wrapped\.venv\lib\site-packages\selenium\webdriver\support\wait.py", line 138, in until
    raise TimeoutException(message, screen, stacktrace)
selenium.common.exceptions.TimeoutException: Message: 
Stacktrace:
	GetHandleVerifier [0x0x107d2a3+66419]
	GetHandleVerifier [0x0x107d2e4+66484]
	(No symbol) [0x0xe54bd3]
	(No symbol) [0x0xe9e958]
	(No symbol) [0x0xe9ecfb]
	(No symbol) [0x0xee5152]
	(No symbol) [0x0xec1064]
	(No symbol) [0x0xee28a1]
	(No symbol) [0x0xec0e16]
	(No symbol) [0x0xe925ce]
	(No symbol) [0x0xe934a4]
	GetHandleVerifier [0x0x12c5ee3+2461619]
	GetHandleVerifier [0x0x12c0f66+2441270]
	GetHandleVerifier [0x0x10a6242+234258]
	GetHandleVerifier [0x0x1096208+168664]
	GetHandleVerifier [0x0x109d1ad+197245]
	GetHandleVerifier [0x0x10855f8+100040]
	GetHandleVerifier [0x0x1085792+100450]
	GetHandleVerifier [0x0x106f74a+10266]
	BaseThreadInitThunk [0x0x76995d49+25]
	RtlInitializeExceptionChain [0x0x77e0d6db+107]
	RtlGetAppContainerNamedObjectPath [0x0x77e0d661+561]

2025-09-16 17:23:34 - INFO - ğŸ“¦ Recuperando historial de UB eliminadas
2025-09-16 17:23:34 - INFO - ğŸ” Navegando a pÃ¡gina de Unidades Becarias...
2025-09-16 17:23:45 - ERROR - âŒ Error general al navegar en Unidades Becarias: Message: 
Stacktrace:
	GetHandleVerifier [0x0x107d2a3+66419]
	GetHandleVerifier [0x0x107d2e4+66484]
	(No symbol) [0x0xe54bd3]
	(No symbol) [0x0xe9e958]
	(No symbol) [0x0xe9ecfb]
	(No symbol) [0x0xee5152]
	(No symbol) [0x0xec1064]
	(No symbol) [0x0xee28a1]
	(No symbol) [0x0xec0e16]
	(No symbol) [0x0xe925ce]
	(No symbol) [0x0xe934a4]
	GetHandleVerifier [0x0x12c5ee3+2461619]
	GetHandleVerifier [0x0x12c0f66+2441270]
	GetHandleVerifier [0x0x10a6242+234258]
	GetHandleVerifier [0x0x1096208+168664]
	GetHandleVerifier [0x0x109d1ad+197245]
	GetHandleVerifier [0x0x10855f8+100040]
	GetHandleVerifier [0x0x1085792+100450]
	GetHandleVerifier [0x0x106f74a+10266]
	BaseThreadInitThunk [0x0x76995d49+25]
	RtlInitializeExceptionChain [0x0x77e0d6db+107]
	RtlGetAppContainerNamedObjectPath [0x0x77e0d661+561]
Traceback (most recent call last):
  File "C:\Users\mvasq\OneDrive\Documentos\ucampus_wrapped\core\scrapper\ucampus.py", line 438, in datos_UB_eliminados
    wait.until(EC.presence_of_element_located((By.ID, "ano_chosen")))
  File "c:\Users\mvasq\OneDrive\Documentos\ucampus_wrapped\.venv\lib\site-packages\selenium\webdriver\support\wait.py", line 138, in until
    raise TimeoutException(message, screen, stacktrace)
selenium.common.exceptions.TimeoutException: Message: 
Stacktrace:
	GetHandleVerifier [0x0x107d2a3+66419]
	GetHandleVerifier [0x0x107d2e4+66484]
	(No symbol) [0x0xe54bd3]
	(No symbol) [0x0xe9e958]
	(No symbol) [0x0xe9ecfb]
	(No symbol) [0x0xee5152]
	(No symbol) [0x0xec1064]
	(No symbol) [0x0xee28a1]
	(No symbol) [0x0xec0e16]
	(No symbol) [0x0xe925ce]
	(No symbol) [0x0xe934a4]
	GetHandleVerifier [0x0x12c5ee3+2461619]
	GetHandleVerifier [0x0x12c0f66+2441270]
	GetHandleVerifier [0x0x10a6242+234258]
	GetHandleVerifier [0x0x1096208+168664]
	GetHandleVerifier [0x0x109d1ad+197245]
	GetHandleVerifier [0x0x10855f8+100040]
	GetHandleVerifier [0x0x1085792+100450]
	GetHandleVerifier [0x0x106f74a+10266]
	BaseThreadInitThunk [0x0x76995d49+25]
	RtlInitializeExceptionChain [0x0x77e0d6db+107]
	RtlGetAppContainerNamedObjectPath [0x0x77e0d661+561]

2025-09-16 17:23:45 - INFO - ğŸ“¦ Recuperando Recuento de UDs
2025-09-16 17:23:55 - ERROR - âŒ Error al obtener el recuento de UDs: Message: 
Stacktrace:
	GetHandleVerifier [0x0x107d2a3+66419]
	GetHandleVerifier [0x0x107d2e4+66484]
	(No symbol) [0x0xe54bd3]
	(No symbol) [0x0xe9e958]
	(No symbol) [0x0xe9ecfb]
	(No symbol) [0x0xee5152]
	(No symbol) [0x0xec1064]
	(No symbol) [0x0xee28a1]
	(No symbol) [0x0xec0e16]
	(No symbol) [0x0xe925ce]
	(No symbol) [0x0xe934a4]
	GetHandleVerifier [0x0x12c5ee3+2461619]
	GetHandleVerifier [0x0x12c0f66+2441270]
	GetHandleVerifier [0x0x10a6242+234258]
	GetHandleVerifier [0x0x1096208+168664]
	GetHandleVerifier [0x0x109d1ad+197245]
	GetHandleVerifier [0x0x10855f8+100040]
	GetHandleVerifier [0x0x1085792+100450]
	GetHandleVerifier [0x0x106f74a+10266]
	BaseThreadInitThunk [0x0x76995d49+25]
	RtlInitializeExceptionChain [0x0x77e0d6db+107]
	RtlGetAppContainerNamedObjectPath [0x0x77e0d661+561]
Traceback (most recent call last):
  File "C:\Users\mvasq\OneDrive\Documentos\ucampus_wrapped\core\scrapper\ucampus.py", line 535, in datos_recuento
    tabla = wait.until(EC.presence_of_element_located((By.CLASS_NAME, "excel")))
  File "c:\Users\mvasq\OneDrive\Documentos\ucampus_wrapped\.venv\lib\site-packages\selenium\webdriver\support\wait.py", line 138, in until
    raise TimeoutException(message, screen, stacktrace)
selenium.common.exceptions.TimeoutException: Message: 
Stacktrace:
	GetHandleVerifier [0x0x107d2a3+66419]
	GetHandleVerifier [0x0x107d2e4+66484]
	(No symbol) [0x0xe54bd3]
	(No symbol) [0x0xe9e958]
	(No symbol) [0x0xe9ecfb]
	(No symbol) [0x0xee5152]
	(No symbol) [0x0xec1064]
	(No symbol) [0x0xee28a1]
	(No symbol) [0x0xec0e16]
	(No symbol) [0x0xe925ce]
	(No symbol) [0x0xe934a4]
	GetHandleVerifier [0x0x12c5ee3+2461619]
	GetHandleVerifier [0x0x12c0f66+2441270]
	GetHandleVerifier [0x0x10a6242+234258]
	GetHandleVerifier [0x0x1096208+168664]
	GetHandleVerifier [0x0x109d1ad+197245]
	GetHandleVerifier [0x0x10855f8+100040]
	GetHandleVerifier [0x0x1085792+100450]
	GetHandleVerifier [0x0x106f74a+10266]
	BaseThreadInitThunk [0x0x76995d49+25]
	RtlInitializeExceptionChain [0x0x77e0d6db+107]
	RtlGetAppContainerNamedObjectPath [0x0x77e0d661+561]

2025-09-16 17:23:55 - INFO - âœ… ExtracciÃ³n de datos de ucampus completada
2025-09-16 17:23:55 - INFO - ğŸ’¾ Excel creado: C:\Users\mvasq\OneDrive\Documentos\ucampus_wrapped\data\data_UCAMPUS_204719071.xlsx
2025-09-16 17:23:55 - INFO - ğŸ” Navegando a pÃ¡gina de login...
2025-09-16 17:23:59 - INFO - ğŸ” Esperando campo de usuario...
2025-09-16 17:24:00 - INFO - ğŸ“Œ Credenciales ingresadas
2025-09-16 17:24:00 - INFO - âœ… Login exitoso
2025-09-16 17:26:07 - INFO - ğŸ“‹ Iniciando extracciÃ³n de urls de u-cursos
2025-09-16 17:26:08 - INFO - âœ… 67 urls de u-cursos obtenidos
2025-09-16 17:26:08 - INFO - ğŸš€ Inicio webscrapping de u-cursos
2025-09-16 17:26:08 - INFO - ğŸ“¦Recuperando notas obtenidas por ramo
2025-09-16 17:26:13 - WARNING - âš ï¸ Tabla de notas no encontrada en https://www.u-cursos.cl/medicina/2025/2/ME10059/1/notas/alumno
2025-09-16 17:26:15 - WARNING - âš ï¸ Tabla de notas no encontrada en https://www.u-cursos.cl/medicina/2025/2/ME10060/2/notas/alumno
2025-09-16 17:26:17 - WARNING - âš ï¸ Tabla de notas no encontrada en https://www.u-cursos.cl/medicina/2025/2/ME10061/2/notas/alumno
2025-09-16 17:26:20 - WARNING - âš ï¸ Tabla de notas no encontrada en https://www.u-cursos.cl/medicina/2025/2/ME10062/2/notas/alumno
2025-09-16 17:26:22 - WARNING - âš ï¸ Tabla de notas no encontrada en https://www.u-cursos.cl/medicina/2025/2/MI04020505002/5/notas/alumno
2025-09-16 17:29:09 - INFO - â„¹ï¸ï¸ Total de notas registradas: 818
2025-09-16 17:29:09 - INFO - âœ… RecuperaciÃ³n de notas finalizada
2025-09-16 17:29:09 - INFO - ğŸ“¦ Recuperando estadÃ­sticas de las actas
2025-09-16 17:29:11 - WARNING - âš ï¸ Error cargando pÃ¡gina de acta
2025-09-16 17:29:13 - WARNING - âš ï¸ Error cargando pÃ¡gina de acta
2025-09-16 17:29:16 - WARNING - âš ï¸ Error cargando pÃ¡gina de acta
2025-09-16 17:29:18 - WARNING - âš ï¸ Error cargando pÃ¡gina de acta
2025-09-16 17:29:20 - WARNING - âš ï¸ Error cargando pÃ¡gina de acta
2025-09-16 17:29:22 - WARNING - âš ï¸ Error cargando pÃ¡gina de acta
2025-09-16 17:31:51 - INFO - â„¹ï¸ï¸ Total de actas registradas: 488
2025-09-16 17:31:51 - INFO - âœ… RecuperaciÃ³n de estadÃ­sticas de actas finalizada
2025-09-16 17:31:51 - INFO - âœ… ExtracciÃ³n de datos de u-cursos completada
2025-09-16 17:31:51 - INFO - ğŸ’¾ Excel creado: C:\Users\mvasq\OneDrive\Documentos\ucampus_wrapped\data\data_UCURSOS_204719071.xlsx
2025-09-16 17:40:18 - INFO - ====== WebDriver manager ======
2025-09-16 17:40:19 - INFO - Get LATEST chromedriver version for google-chrome
2025-09-16 17:40:19 - INFO - Get LATEST chromedriver version for google-chrome
2025-09-16 17:40:19 - INFO - Driver [C:\Users\mvasq\.wdm\drivers\chromedriver\win64\140.0.7339.82\chromedriver-win32/chromedriver.exe] found in cache
2025-09-16 17:40:20 - INFO - âœ… Chrome driver initialized.
2025-09-16 17:40:20 - INFO - ğŸ” Navegando a pÃ¡gina de login...
2025-09-16 17:40:24 - INFO - ğŸ” Esperando campo de usuario...
2025-09-16 17:40:26 - INFO - ğŸ“Œ Credenciales ingresadas
2025-09-16 17:40:26 - INFO - âœ… Login exitoso
2025-09-16 17:40:26 - INFO - ğŸš€ Inicio webscrapping de ucampus
2025-09-16 17:40:26 - INFO - ğŸ“¦ Recuperando indicadores
2025-09-16 17:40:26 - INFO - âœ… Carga Exitosa: Indicadores
2025-09-16 17:40:26 - INFO - ğŸ“¦ Recuperando resumen de ramos cursados por semestre
2025-09-16 17:40:26 - INFO - â„¹ï¸ï¸ Div 'resumen' visible. Extrayendo tabla...
2025-09-16 17:43:25 - ERROR - âš ï¸ Error al cargar resumen
Traceback (most recent call last):
  File "C:\Users\mvasq\OneDrive\Documentos\ucampus_wrapped\core\scrapper\ucampus.py", line 117, in datos_resumen
    cursos_semestre = cursos_semestre[0].split()+[cursos_semestre[1]]
IndexError: list index out of range
2025-09-16 17:43:25 - INFO - ğŸ“¦ Recuperando cursos dictados
2025-09-16 17:43:40 - ERROR - âš ï¸ Error al cargar labores docentes
Traceback (most recent call last):
  File "C:\Users\mvasq\OneDrive\Documentos\ucampus_wrapped\core\scrapper\ucampus.py", line 184, in datos_labores_docentes
    header = wait.until(EC.presence_of_element_located((By.ID, "cursos_dictados")))
  File "c:\Users\mvasq\OneDrive\Documentos\ucampus_wrapped\.venv\lib\site-packages\selenium\webdriver\support\wait.py", line 138, in until
    raise TimeoutException(message, screen, stacktrace)
selenium.common.exceptions.TimeoutException: Message: 
Stacktrace:
	GetHandleVerifier [0x0x107d2a3+66419]
	GetHandleVerifier [0x0x107d2e4+66484]
	(No symbol) [0x0xe54bd3]
	(No symbol) [0x0xe9e958]
	(No symbol) [0x0xe9ecfb]
	(No symbol) [0x0xee5152]
	(No symbol) [0x0xec1064]
	(No symbol) [0x0xee28a1]
	(No symbol) [0x0xec0e16]
	(No symbol) [0x0xe925ce]
	(No symbol) [0x0xe934a4]
	GetHandleVerifier [0x0x12c5ee3+2461619]
	GetHandleVerifier [0x0x12c0f66+2441270]
	GetHandleVerifier [0x0x10a6242+234258]
	GetHandleVerifier [0x0x1096208+168664]
	GetHandleVerifier [0x0x109d1ad+197245]
	GetHandleVerifier [0x0x10855f8+100040]
	GetHandleVerifier [0x0x1085792+100450]
	GetHandleVerifier [0x0x106f74a+10266]
	BaseThreadInitThunk [0x0x76995d49+25]
	RtlInitializeExceptionChain [0x0x77e0d6db+107]
	RtlGetAppContainerNamedObjectPath [0x0x77e0d661+561]

2025-09-16 17:43:40 - INFO - ğŸ“¦ Recuperando secciÃ³n ExÃ¡menes de Grado y/o TÃ­tulo
2025-09-16 17:44:43 - INFO - ====== WebDriver manager ======
2025-09-16 17:44:45 - INFO - Get LATEST chromedriver version for google-chrome
2025-09-16 17:44:45 - INFO - Get LATEST chromedriver version for google-chrome
2025-09-16 17:44:45 - INFO - Driver [C:\Users\mvasq\.wdm\drivers\chromedriver\win64\140.0.7339.82\chromedriver-win32/chromedriver.exe] found in cache
2025-09-16 17:44:46 - INFO - âœ… Chrome driver initialized.
2025-09-16 17:44:46 - INFO - ğŸ” Navegando a pÃ¡gina de login...
2025-09-16 17:44:49 - INFO - ğŸ” Esperando campo de usuario...
2025-09-16 17:44:51 - INFO - ğŸ“Œ Credenciales ingresadas
2025-09-16 17:44:51 - INFO - âœ… Login exitoso
2025-09-16 17:44:51 - INFO - ğŸš€ Inicio webscrapping de ucampus
2025-09-16 17:44:51 - INFO - ğŸ“¦ Recuperando indicadores
2025-09-16 17:44:51 - INFO - âœ… Carga Exitosa: Indicadores
2025-09-16 17:44:51 - INFO - ğŸ“¦ Recuperando resumen de ramos cursados por semestre
2025-09-16 17:44:52 - INFO - â„¹ï¸ï¸ Div 'resumen' visible. Extrayendo tabla...
2025-09-16 17:44:52 - ERROR - âš ï¸ Error al cargar resumen
Traceback (most recent call last):
  File "C:\Users\mvasq\OneDrive\Documentos\ucampus_wrapped\core\scrapper\ucampus.py", line 117, in datos_resumen
    cursos_semestre = cursos_semestre[0].split()+[cursos_semestre[1]]
IndexError: list index out of range
2025-09-16 17:44:52 - INFO - ğŸ“¦ Recuperando cursos dictados
2025-09-16 17:45:07 - ERROR - âš ï¸ Error al cargar labores docentes
Traceback (most recent call last):
  File "C:\Users\mvasq\OneDrive\Documentos\ucampus_wrapped\core\scrapper\ucampus.py", line 184, in datos_labores_docentes
    header = wait.until(EC.presence_of_element_located((By.ID, "cursos_dictados")))
  File "c:\Users\mvasq\OneDrive\Documentos\ucampus_wrapped\.venv\lib\site-packages\selenium\webdriver\support\wait.py", line 138, in until
    raise TimeoutException(message, screen, stacktrace)
selenium.common.exceptions.TimeoutException: Message: 
Stacktrace:
	GetHandleVerifier [0x0x107d2a3+66419]
	GetHandleVerifier [0x0x107d2e4+66484]
	(No symbol) [0x0xe54bd3]
	(No symbol) [0x0xe9e958]
	(No symbol) [0x0xe9ecfb]
	(No symbol) [0x0xee5152]
	(No symbol) [0x0xec1064]
	(No symbol) [0x0xee28a1]
	(No symbol) [0x0xec0e16]
	(No symbol) [0x0xe925ce]
	(No symbol) [0x0xe934a4]
	GetHandleVerifier [0x0x12c5ee3+2461619]
	GetHandleVerifier [0x0x12c0f66+2441270]
	GetHandleVerifier [0x0x10a6242+234258]
	GetHandleVerifier [0x0x1096208+168664]
	GetHandleVerifier [0x0x109d1ad+197245]
	GetHandleVerifier [0x0x10855f8+100040]
	GetHandleVerifier [0x0x1085792+100450]
	GetHandleVerifier [0x0x106f74a+10266]
	BaseThreadInitThunk [0x0x76995d49+25]
	RtlInitializeExceptionChain [0x0x77e0d6db+107]
	RtlGetAppContainerNamedObjectPath [0x0x77e0d661+561]

2025-09-16 17:45:07 - INFO - ğŸ“¦ Recuperando secciÃ³n ExÃ¡menes de Grado y/o TÃ­tulo
2025-09-16 17:45:18 - ERROR - âš ï¸ Error al cargar ExÃ¡menes de Grado y/o TÃ­tulo
Traceback (most recent call last):
  File "C:\Users\mvasq\OneDrive\Documentos\ucampus_wrapped\core\scrapper\ucampus.py", line 279, in datos_examenes_y_titulo
    titulo_h2 = WebDriverWait(driver, 10).until(
  File "c:\Users\mvasq\OneDrive\Documentos\ucampus_wrapped\.venv\lib\site-packages\selenium\webdriver\support\wait.py", line 138, in until
    raise TimeoutException(message, screen, stacktrace)
selenium.common.exceptions.TimeoutException: Message: 
Stacktrace:
	GetHandleVerifier [0x0x107d2a3+66419]
	GetHandleVerifier [0x0x107d2e4+66484]
	(No symbol) [0x0xe54bd3]
	(No symbol) [0x0xe9e958]
	(No symbol) [0x0xe9ecfb]
	(No symbol) [0x0xee5152]
	(No symbol) [0x0xec1064]
	(No symbol) [0x0xee28a1]
	(No symbol) [0x0xec0e16]
	(No symbol) [0x0xe925ce]
	(No symbol) [0x0xe934a4]
	GetHandleVerifier [0x0x12c5ee3+2461619]
	GetHandleVerifier [0x0x12c0f66+2441270]
	GetHandleVerifier [0x0x10a6242+234258]
	GetHandleVerifier [0x0x1096208+168664]
	GetHandleVerifier [0x0x109d1ad+197245]
	GetHandleVerifier [0x0x10855f8+100040]
	GetHandleVerifier [0x0x1085792+100450]
	GetHandleVerifier [0x0x106f74a+10266]
	BaseThreadInitThunk [0x0x76995d49+25]
	RtlInitializeExceptionChain [0x0x77e0d6db+107]
	RtlGetAppContainerNamedObjectPath [0x0x77e0d661+561]

2025-09-16 17:45:18 - INFO - ğŸ“¦ Recuperando historial de pagos de UB
2025-09-16 17:45:18 - INFO - ğŸ“¦ Recuperando historial de UB eliminadas
2025-09-16 17:45:18 - INFO - ğŸ“¦ Recuperando Recuento de UDs
2025-09-16 17:45:23 - INFO - âœ… Datos de recuento extraÃ­dos correctamente.
2025-09-16 17:45:23 - INFO - âœ… ExtracciÃ³n de datos de ucampus completada
2025-09-16 17:45:53 - INFO - ====== WebDriver manager ======
2025-09-16 17:45:54 - INFO - Get LATEST chromedriver version for google-chrome
2025-09-16 17:45:54 - INFO - Get LATEST chromedriver version for google-chrome
2025-09-16 17:45:54 - INFO - Driver [C:\Users\mvasq\.wdm\drivers\chromedriver\win64\140.0.7339.82\chromedriver-win32/chromedriver.exe] found in cache
2025-09-16 17:45:55 - INFO - âœ… Chrome driver initialized.
2025-09-16 17:45:55 - INFO - ğŸ” Navegando a pÃ¡gina de login...
2025-09-16 17:45:59 - INFO - ğŸ” Esperando campo de usuario...
2025-09-16 17:46:00 - INFO - ğŸ“Œ Credenciales ingresadas
2025-09-16 17:46:00 - INFO - âœ… Login exitoso
2025-09-16 17:46:00 - INFO - ğŸš€ Inicio webscrapping de ucampus
2025-09-16 17:46:00 - INFO - ğŸ“¦ Recuperando indicadores
2025-09-16 17:46:01 - INFO - âœ… Carga Exitosa: Indicadores
2025-09-16 17:46:01 - INFO - ğŸ“¦ Recuperando resumen de ramos cursados por semestre
2025-09-16 17:46:01 - INFO - â„¹ï¸ï¸ Div 'resumen' visible. Extrayendo tabla...
2025-09-16 17:46:01 - ERROR - âš ï¸ Error al cargar resumen
Traceback (most recent call last):
  File "C:\Users\mvasq\OneDrive\Documentos\ucampus_wrapped\core\scrapper\ucampus.py", line 117, in datos_resumen
    cursos_semestre = cursos_semestre[0].split()+[cursos_semestre[1]]
IndexError: list index out of range
2025-09-16 17:46:01 - INFO - ğŸ“¦ Recuperando cursos dictados
2025-09-16 17:47:39 - INFO - ====== WebDriver manager ======
2025-09-16 17:47:40 - INFO - Get LATEST chromedriver version for google-chrome
2025-09-16 17:47:40 - INFO - Get LATEST chromedriver version for google-chrome
2025-09-16 17:47:40 - INFO - Driver [C:\Users\mvasq\.wdm\drivers\chromedriver\win64\140.0.7339.82\chromedriver-win32/chromedriver.exe] found in cache
2025-09-16 17:47:41 - INFO - âœ… Chrome driver initialized.
2025-09-16 17:47:41 - INFO - ğŸ” Navegando a pÃ¡gina de login...
2025-09-16 17:47:45 - INFO - ğŸ” Esperando campo de usuario...
2025-09-16 17:47:47 - INFO - ğŸ“Œ Credenciales ingresadas
2025-09-16 17:47:47 - INFO - âœ… Login exitoso
2025-09-16 17:47:47 - INFO - ğŸš€ Inicio webscrapping de ucampus
2025-09-16 17:47:47 - INFO - ğŸ“¦ Recuperando indicadores
2025-09-16 17:47:47 - INFO - âœ… Carga Exitosa: Indicadores
2025-09-16 17:47:47 - INFO - ğŸ“¦ Recuperando resumen de ramos cursados por semestre
2025-09-16 17:47:47 - INFO - â„¹ï¸ï¸ Div 'resumen' visible. Extrayendo tabla...
2025-09-16 17:47:48 - ERROR - âš ï¸ Error al cargar resumen
Traceback (most recent call last):
  File "C:\Users\mvasq\OneDrive\Documentos\ucampus_wrapped\core\scrapper\ucampus.py", line 117, in datos_resumen
    cursos_semestre = cursos_semestre[0].split()+[cursos_semestre[1]]
IndexError: list index out of range
2025-09-16 17:47:48 - INFO - ğŸ“¦ Recuperando cursos dictados
2025-09-16 17:59:57 - INFO - ====== WebDriver manager ======
2025-09-16 17:59:58 - INFO - Get LATEST chromedriver version for google-chrome
2025-09-16 17:59:58 - INFO - Get LATEST chromedriver version for google-chrome
2025-09-16 17:59:58 - INFO - Driver [C:\Users\mvasq\.wdm\drivers\chromedriver\win64\140.0.7339.82\chromedriver-win32/chromedriver.exe] found in cache
2025-09-16 18:00:01 - INFO - âœ… Chrome driver initialized.
2025-09-16 18:00:01 - INFO - ğŸ” Navegando a pÃ¡gina de login...
2025-09-16 18:00:04 - INFO - ğŸ” Esperando campo de usuario...
2025-09-16 18:00:06 - INFO - ğŸ“Œ Credenciales ingresadas
2025-09-16 18:00:06 - INFO - âœ… Login exitoso
2025-09-16 18:00:06 - INFO - ğŸš€ Inicio webscrapping de ucampus
2025-09-16 18:00:06 - INFO - ğŸ“¦ Recuperando indicadores
2025-09-16 18:00:06 - INFO - âœ… Carga Exitosa: Indicadores
2025-09-16 18:00:06 - INFO - ğŸ“¦ Recuperando resumen de ramos cursados por semestre
2025-09-16 18:00:06 - INFO - â„¹ï¸ï¸ Div 'resumen' visible. Extrayendo tabla...
2025-09-16 18:13:06 - INFO - ====== WebDriver manager ======
2025-09-16 18:13:08 - INFO - Get LATEST chromedriver version for google-chrome
2025-09-16 18:13:08 - INFO - Get LATEST chromedriver version for google-chrome
2025-09-16 18:13:08 - INFO - Driver [C:\Users\mvasq\.wdm\drivers\chromedriver\win64\140.0.7339.82\chromedriver-win32/chromedriver.exe] found in cache
2025-09-16 18:13:09 - INFO - âœ… Chrome driver initialized.
2025-09-16 18:13:09 - INFO - ğŸ” Navegando a pÃ¡gina de login...
2025-09-16 18:13:13 - INFO - ğŸ” Esperando campo de usuario...
2025-09-16 18:13:14 - INFO - ğŸ“Œ Credenciales ingresadas
2025-09-16 18:13:14 - INFO - âœ… Login exitoso
2025-09-16 18:13:14 - INFO - ğŸš€ Inicio webscrapping de ucampus
2025-09-16 18:13:14 - INFO - ğŸ“¦ Recuperando indicadores
2025-09-16 18:13:15 - INFO - âœ… Carga Exitosa: Indicadores
2025-09-16 18:13:15 - INFO - ğŸ“¦ Recuperando resumen de ramos cursados por semestre
2025-09-16 18:13:15 - INFO - â„¹ï¸ï¸ Div 'resumen' visible. Extrayendo tabla...
2025-09-16 18:13:58 - INFO - â„¹ï¸ï¸ ExtraÃ­das 11 filas.
2025-09-16 18:13:58 - INFO - âœ… Carga Exitosa: Resumen notas
2025-09-16 18:13:58 - INFO - ğŸ“¦ Recuperando cursos dictados
2025-09-16 18:14:13 - ERROR - âš ï¸ Error al cargar labores docentes
Traceback (most recent call last):
  File "C:\Users\mvasq\OneDrive\Documentos\ucampus_wrapped\core\scrapper\ucampus.py", line 188, in datos_labores_docentes
    header = wait.until(EC.presence_of_element_located((By.ID, "cursos_dictados")))
  File "c:\Users\mvasq\OneDrive\Documentos\ucampus_wrapped\.venv\lib\site-packages\selenium\webdriver\support\wait.py", line 138, in until
    raise TimeoutException(message, screen, stacktrace)
selenium.common.exceptions.TimeoutException: Message: 
Stacktrace:
	GetHandleVerifier [0x0x75d2a3+66419]
	GetHandleVerifier [0x0x75d2e4+66484]
	(No symbol) [0x0x534bd3]
	(No symbol) [0x0x57e958]
	(No symbol) [0x0x57ecfb]
	(No symbol) [0x0x5c5152]
	(No symbol) [0x0x5a1064]
	(No symbol) [0x0x5c28a1]
	(No symbol) [0x0x5a0e16]
	(No symbol) [0x0x5725ce]
	(No symbol) [0x0x5734a4]
	GetHandleVerifier [0x0x9a5ee3+2461619]
	GetHandleVerifier [0x0x9a0f66+2441270]
	GetHandleVerifier [0x0x786242+234258]
	GetHandleVerifier [0x0x776208+168664]
	GetHandleVerifier [0x0x77d1ad+197245]
	GetHandleVerifier [0x0x7655f8+100040]
	GetHandleVerifier [0x0x765792+100450]
	GetHandleVerifier [0x0x74f74a+10266]
	BaseThreadInitThunk [0x0x76995d49+25]
	RtlInitializeExceptionChain [0x0x77e0d6db+107]
	RtlGetAppContainerNamedObjectPath [0x0x77e0d661+561]

2025-09-16 18:14:13 - INFO - ğŸ“¦ Recuperando secciÃ³n ExÃ¡menes de Grado y/o TÃ­tulo
2025-09-16 18:14:23 - ERROR - âš ï¸ Error al cargar ExÃ¡menes de Grado y/o TÃ­tulo
Traceback (most recent call last):
  File "C:\Users\mvasq\OneDrive\Documentos\ucampus_wrapped\core\scrapper\ucampus.py", line 283, in datos_examenes_y_titulo
    titulo_h2 = WebDriverWait(driver, 10).until(
  File "c:\Users\mvasq\OneDrive\Documentos\ucampus_wrapped\.venv\lib\site-packages\selenium\webdriver\support\wait.py", line 138, in until
    raise TimeoutException(message, screen, stacktrace)
selenium.common.exceptions.TimeoutException: Message: 
Stacktrace:
	GetHandleVerifier [0x0x75d2a3+66419]
	GetHandleVerifier [0x0x75d2e4+66484]
	(No symbol) [0x0x534bd3]
	(No symbol) [0x0x57e958]
	(No symbol) [0x0x57ecfb]
	(No symbol) [0x0x5c5152]
	(No symbol) [0x0x5a1064]
	(No symbol) [0x0x5c28a1]
	(No symbol) [0x0x5a0e16]
	(No symbol) [0x0x5725ce]
	(No symbol) [0x0x5734a4]
	GetHandleVerifier [0x0x9a5ee3+2461619]
	GetHandleVerifier [0x0x9a0f66+2441270]
	GetHandleVerifier [0x0x786242+234258]
	GetHandleVerifier [0x0x776208+168664]
	GetHandleVerifier [0x0x77d1ad+197245]
	GetHandleVerifier [0x0x7655f8+100040]
	GetHandleVerifier [0x0x765792+100450]
	GetHandleVerifier [0x0x74f74a+10266]
	BaseThreadInitThunk [0x0x76995d49+25]
	RtlInitializeExceptionChain [0x0x77e0d6db+107]
	RtlGetAppContainerNamedObjectPath [0x0x77e0d661+561]

2025-09-16 18:14:23 - INFO - ğŸ“¦ Recuperando historial de pagos de UB
2025-09-16 18:14:23 - INFO - ğŸ“¦ Recuperando historial de UB eliminadas
2025-09-16 18:14:23 - INFO - ğŸ“¦ Recuperando Recuento de UDs
2025-09-16 18:14:29 - INFO - âœ… Datos de recuento extraÃ­dos correctamente.
2025-09-16 18:14:29 - INFO - âœ… ExtracciÃ³n de datos de ucampus completada
2025-09-16 18:14:29 - INFO - ğŸ’¾ Excel creado: C:\Users\mvasq\OneDrive\Documentos\ucampus_wrapped\data\data_UCAMPUS_204719071.xlsx
2025-09-16 18:14:29 - INFO - ğŸ” Navegando a pÃ¡gina de login...
2025-09-16 18:14:33 - INFO - ğŸ” Esperando campo de usuario...
2025-09-16 18:14:34 - INFO - ğŸ“Œ Credenciales ingresadas
2025-09-16 18:14:34 - INFO - âœ… Login exitoso
2025-09-16 18:14:37 - INFO - ğŸ“‹ Iniciando extracciÃ³n de urls de u-cursos
2025-09-16 18:14:38 - INFO - âœ… 67 urls de u-cursos obtenidos
2025-09-16 18:14:38 - INFO - ğŸš€ Inicio webscrapping de u-cursos
2025-09-16 18:14:38 - INFO - ğŸ“¦Recuperando notas obtenidas por ramo
2025-09-16 18:14:43 - WARNING - âš ï¸ Tabla de notas no encontrada en https://www.u-cursos.cl/medicina/2025/2/ME10059/1/notas/alumno
2025-09-16 18:14:45 - WARNING - âš ï¸ Tabla de notas no encontrada en https://www.u-cursos.cl/medicina/2025/2/ME10060/2/notas/alumno
2025-09-16 18:14:48 - WARNING - âš ï¸ Tabla de notas no encontrada en https://www.u-cursos.cl/medicina/2025/2/ME10061/2/notas/alumno
2025-09-16 18:14:50 - WARNING - âš ï¸ Tabla de notas no encontrada en https://www.u-cursos.cl/medicina/2025/2/ME10062/2/notas/alumno
2025-09-16 18:14:52 - WARNING - âš ï¸ Tabla de notas no encontrada en https://www.u-cursos.cl/medicina/2025/2/MI04020505002/5/notas/alumno
2025-09-16 18:18:06 - INFO - â„¹ï¸ï¸ Total de notas registradas: 818
2025-09-16 18:18:06 - INFO - âœ… RecuperaciÃ³n de notas finalizada
2025-09-16 18:18:06 - INFO - ğŸ“¦ Recuperando estadÃ­sticas de las actas
2025-09-16 18:18:09 - WARNING - âš ï¸ Error cargando pÃ¡gina de acta
2025-09-16 18:18:11 - WARNING - âš ï¸ Error cargando pÃ¡gina de acta
2025-09-16 18:18:13 - WARNING - âš ï¸ Error cargando pÃ¡gina de acta
2025-09-16 18:18:16 - WARNING - âš ï¸ Error cargando pÃ¡gina de acta
2025-09-16 18:18:18 - WARNING - âš ï¸ Error cargando pÃ¡gina de acta
2025-09-16 18:18:21 - WARNING - âš ï¸ Error cargando pÃ¡gina de acta
2025-09-16 18:21:40 - INFO - â„¹ï¸ï¸ Total de actas registradas: 488
2025-09-16 18:21:40 - INFO - âœ… RecuperaciÃ³n de estadÃ­sticas de actas finalizada
2025-09-16 18:21:40 - INFO - âœ… ExtracciÃ³n de datos de u-cursos completada
2025-09-16 18:21:41 - INFO - ğŸ’¾ Excel creado: C:\Users\mvasq\OneDrive\Documentos\ucampus_wrapped\data\data_UCURSOS_204719071.xlsx
